[0.004s] Invoking command in '/home/sora/Desktop/yihe/ws/build/cpp01_topic': AMENT_PREFIX_PATH=/home/sora/Desktop/yihe/ws/install/base_interfaces_demo:${AMENT_PREFIX_PATH} CMAKE_PREFIX_PATH=/home/sora/Desktop/yihe/ws/install/base_interfaces_demo:/opt/ros/humble /usr/bin/cmake --build /home/sora/Desktop/yihe/ws/build/cpp01_topic -- -j20 -l20
[0.017s] -- Found ament_cmake: 1.3.9 (/opt/ros/humble/share/ament_cmake/cmake)
[0.093s] -- Found rclcpp: 16.0.9 (/opt/ros/humble/share/rclcpp/cmake)
[0.109s] -- Found rosidl_generator_c: 3.1.5 (/opt/ros/humble/share/rosidl_generator_c/cmake)
[0.110s] -- Found rosidl_adapter: 3.1.5 (/opt/ros/humble/share/rosidl_adapter/cmake)
[0.114s] -- Found rosidl_generator_cpp: 3.1.5 (/opt/ros/humble/share/rosidl_generator_cpp/cmake)
[0.119s] -- Using all available rosidl_typesupport_c: rosidl_typesupport_fastrtps_c;rosidl_typesupport_introspection_c
[0.128s] -- Using all available rosidl_typesupport_cpp: rosidl_typesupport_fastrtps_cpp;rosidl_typesupport_introspection_cpp
[0.159s] -- Found rmw_implementation_cmake: 6.1.2 (/opt/ros/humble/share/rmw_implementation_cmake/cmake)
[0.159s] -- Found rmw_fastrtps_cpp: 6.2.6 (/opt/ros/humble/share/rmw_fastrtps_cpp/cmake)
[0.224s] -- Using RMW implementation 'rmw_fastrtps_cpp' as default
[0.308s] -- Found base_interfaces_demo: 0.0.0 (/home/sora/Desktop/yihe/ws/install/base_interfaces_demo/share/base_interfaces_demo/cmake)
[0.309s] -- Found ament_lint_auto: 0.12.11 (/opt/ros/humble/share/ament_lint_auto/cmake)
[0.360s] -- Added test 'cppcheck' to perform static code analysis on C / C++ code
[0.360s] -- Configured cppcheck include dirs: $<BUILD_INTERFACE:/home/sora/Desktop/yihe/ws/src/cpp01_topic/include>
[0.360s] -- Configured cppcheck exclude dirs and/or files: 
[0.360s] -- Added test 'lint_cmake' to check CMake code style
[0.360s] -- Added test 'uncrustify' to check C / C++ code style
[0.360s] -- Configured uncrustify additional arguments: 
[0.360s] -- Added test 'xmllint' to check XML markup files
[0.360s] -- Configuring done
[0.366s] -- Generating done
[0.367s] -- Build files have been written to: /home/sora/Desktop/yihe/ws/build/cpp01_topic
[0.382s] [35m[1mConsolidate compiler generated dependencies of target demo01_talker_str[0m
[0.387s] [ 25%] [32mBuilding CXX object CMakeFiles/demo02_listener_str.dir/src/demo02_listener_str.cpp.o[0m
[0.391s] [01m[K/home/sora/Desktop/yihe/ws/src/cpp01_topic/src/demo02_listener_str.cpp:1:10:[m[K [01;31m[Kfatal error: [m[Krclcpp/rclcpp.h: No such file or directory
[0.391s]     1 | #include [01;31m[K"rclcpp/rclcpp.h"[m[K
[0.391s]       |          [01;31m[K^~~~~~~~~~~~~~~~~[m[K
[0.392s] compilation terminated.
[0.392s] [ 50%] [32mBuilding CXX object CMakeFiles/demo01_talker_str.dir/src/demo01_talker_str.cpp.o[0m
[0.392s] gmake[2]: *** [CMakeFiles/demo02_listener_str.dir/build.make:76: CMakeFiles/demo02_listener_str.dir/src/demo02_listener_str.cpp.o] Error 1
[0.392s] gmake[1]: *** [CMakeFiles/Makefile2:165: CMakeFiles/demo02_listener_str.dir/all] Error 2
[0.392s] gmake[1]: *** Waiting for unfinished jobs....
[2.556s] [ 75%] [32m[1mLinking CXX executable demo01_talker_str[0m
[2.655s] [ 75%] Built target demo01_talker_str
[2.656s] gmake: *** [Makefile:146: all] Error 2
[2.658s] Invoked command in '/home/sora/Desktop/yihe/ws/build/cpp01_topic' returned '2': AMENT_PREFIX_PATH=/home/sora/Desktop/yihe/ws/install/base_interfaces_demo:${AMENT_PREFIX_PATH} CMAKE_PREFIX_PATH=/home/sora/Desktop/yihe/ws/install/base_interfaces_demo:/opt/ros/humble /usr/bin/cmake --build /home/sora/Desktop/yihe/ws/build/cpp01_topic -- -j20 -l20
