[0.006s] Invoking command in '/home/sora/Desktop/yihe/ws/build/base_interfaces_demo': CMAKE_PREFIX_PATH=${CMAKE_PREFIX_PATH}:/opt/ros/humble /usr/bin/cmake --build /home/sora/Desktop/yihe/ws/build/base_interfaces_demo -- -j20 -l20
[0.030s] [  3%] Built target base_interfaces_demo__cpp
[0.031s] [ 12%] Built target base_interfaces_demo__rosidl_generator_c
[0.034s] [ 12%] Built target ament_cmake_python_symlink_base_interfaces_demo
[0.041s] [ 51%] Built target base_interfaces_demo__rosidl_typesupport_introspection_c
[0.041s] [ 51%] Built target base_interfaces_demo__rosidl_typesupport_fastrtps_cpp
[0.041s] [ 51%] Built target base_interfaces_demo__rosidl_typesupport_introspection_cpp
[0.041s] [ 51%] Built target base_interfaces_demo__rosidl_typesupport_cpp
[0.041s] [ 61%] Built target base_interfaces_demo__rosidl_typesupport_c
[0.041s] [ 70%] Built target base_interfaces_demo__rosidl_typesupport_fastrtps_c
[0.051s] [ 70%] Built target base_interfaces_demo
[0.062s] [ 74%] Built target base_interfaces_demo__py
[0.074s] [ 80%] Built target base_interfaces_demo__rosidl_generator_py
[0.086s] [100%] Built target base_interfaces_demo__rosidl_typesupport_fastrtps_c__pyext
[0.086s] [100%] Built target base_interfaces_demo__rosidl_typesupport_introspection_c__pyext
[0.086s] [100%] Built target base_interfaces_demo__rosidl_typesupport_c__pyext
[0.181s] running egg_info
[0.182s] writing base_interfaces_demo.egg-info/PKG-INFO
[0.182s] writing dependency_links to base_interfaces_demo.egg-info/dependency_links.txt
[0.182s] writing top-level names to base_interfaces_demo.egg-info/top_level.txt
[0.183s] reading manifest file 'base_interfaces_demo.egg-info/SOURCES.txt'
[0.183s] writing manifest file 'base_interfaces_demo.egg-info/SOURCES.txt'
[0.198s] [100%] Built target ament_cmake_python_build_base_interfaces_demo_egg
[0.205s] Invoked command in '/home/sora/Desktop/yihe/ws/build/base_interfaces_demo' returned '0': CMAKE_PREFIX_PATH=${CMAKE_PREFIX_PATH}:/opt/ros/humble /usr/bin/cmake --build /home/sora/Desktop/yihe/ws/build/base_interfaces_demo -- -j20 -l20
[0.237s] Invoking command in '/home/sora/Desktop/yihe/ws/build/base_interfaces_demo': CMAKE_PREFIX_PATH=${CMAKE_PREFIX_PATH}:/opt/ros/humble /usr/bin/cmake --install /home/sora/Desktop/yihe/ws/build/base_interfaces_demo
[0.241s] -- Install configuration: ""
[0.241s] -- Execute custom install script
[0.241s] -- Up-to-date symlink: /home/sora/Desktop/yihe/ws/install/base_interfaces_demo/share/ament_index/resource_index/rosidl_interfaces/base_interfaces_demo
[0.242s] -- Up-to-date symlink: /home/sora/Desktop/yihe/ws/install/base_interfaces_demo/include/base_interfaces_demo/base_interfaces_demo/msg/detail/student__functions.h
[0.242s] -- Up-to-date symlink: /home/sora/Desktop/yihe/ws/install/base_interfaces_demo/include/base_interfaces_demo/base_interfaces_demo/msg/detail/student__struct.h
[0.242s] -- Up-to-date symlink: /home/sora/Desktop/yihe/ws/install/base_interfaces_demo/include/base_interfaces_demo/base_interfaces_demo/msg/detail/student__type_support.h
[0.242s] -- Up-to-date symlink: /home/sora/Desktop/yihe/ws/install/base_interfaces_demo/include/base_interfaces_demo/base_interfaces_demo/msg/rosidl_generator_c__visibility_control.h
[0.242s] -- Up-to-date symlink: /home/sora/Desktop/yihe/ws/install/base_interfaces_demo/include/base_interfaces_demo/base_interfaces_demo/msg/student.h
[0.242s] -- Up-to-date symlink: /home/sora/Desktop/yihe/ws/install/base_interfaces_demo/share/base_interfaces_demo/environment/library_path.sh
[0.242s] -- Up-to-date symlink: /home/sora/Desktop/yihe/ws/install/base_interfaces_demo/share/base_interfaces_demo/environment/library_path.dsv
[0.242s] -- Up-to-date symlink: /home/sora/Desktop/yihe/ws/install/base_interfaces_demo/include/base_interfaces_demo/base_interfaces_demo/msg/detail/student__rosidl_typesupport_fastrtps_c.h
[0.242s] -- Up-to-date symlink: /home/sora/Desktop/yihe/ws/install/base_interfaces_demo/include/base_interfaces_demo/base_interfaces_demo/msg/rosidl_typesupport_fastrtps_c__visibility_control.h
[0.242s] -- Up-to-date symlink: /home/sora/Desktop/yihe/ws/install/base_interfaces_demo/include/base_interfaces_demo/base_interfaces_demo/msg/detail/student__rosidl_typesupport_introspection_c.h
[0.242s] -- Up-to-date symlink: /home/sora/Desktop/yihe/ws/install/base_interfaces_demo/include/base_interfaces_demo/base_interfaces_demo/msg/rosidl_typesupport_introspection_c__visibility_control.h
[0.242s] -- Up-to-date symlink: /home/sora/Desktop/yihe/ws/install/base_interfaces_demo/include/base_interfaces_demo/base_interfaces_demo/msg/detail/student__builder.hpp
[0.242s] -- Up-to-date symlink: /home/sora/Desktop/yihe/ws/install/base_interfaces_demo/include/base_interfaces_demo/base_interfaces_demo/msg/detail/student__struct.hpp
[0.243s] -- Up-to-date symlink: /home/sora/Desktop/yihe/ws/install/base_interfaces_demo/include/base_interfaces_demo/base_interfaces_demo/msg/detail/student__traits.hpp
[0.243s] -- Up-to-date symlink: /home/sora/Desktop/yihe/ws/install/base_interfaces_demo/include/base_interfaces_demo/base_interfaces_demo/msg/student.hpp
[0.243s] -- Up-to-date symlink: /home/sora/Desktop/yihe/ws/install/base_interfaces_demo/include/base_interfaces_demo/base_interfaces_demo/msg/detail/student__rosidl_typesupport_fastrtps_cpp.hpp
[0.243s] -- Up-to-date symlink: /home/sora/Desktop/yihe/ws/install/base_interfaces_demo/include/base_interfaces_demo/base_interfaces_demo/msg/rosidl_typesupport_fastrtps_cpp__visibility_control.h
[0.243s] -- Up-to-date symlink: /home/sora/Desktop/yihe/ws/install/base_interfaces_demo/include/base_interfaces_demo/base_interfaces_demo/msg/detail/student__rosidl_typesupport_introspection_cpp.hpp
[0.243s] -- Up-to-date symlink: /home/sora/Desktop/yihe/ws/install/base_interfaces_demo/share/base_interfaces_demo/environment/pythonpath.sh
[0.243s] -- Up-to-date symlink: /home/sora/Desktop/yihe/ws/install/base_interfaces_demo/share/base_interfaces_demo/environment/pythonpath.dsv
[0.243s] -- Up-to-date symlink: /home/sora/Desktop/yihe/ws/install/base_interfaces_demo/local/lib/python3.10/dist-packages/base_interfaces_demo-0.0.0-py3.10.egg-info/PKG-INFO
[0.243s] -- Up-to-date symlink: /home/sora/Desktop/yihe/ws/install/base_interfaces_demo/local/lib/python3.10/dist-packages/base_interfaces_demo-0.0.0-py3.10.egg-info/SOURCES.txt
[0.243s] -- Up-to-date symlink: /home/sora/Desktop/yihe/ws/install/base_interfaces_demo/local/lib/python3.10/dist-packages/base_interfaces_demo-0.0.0-py3.10.egg-info/dependency_links.txt
[0.243s] -- Up-to-date symlink: /home/sora/Desktop/yihe/ws/install/base_interfaces_demo/local/lib/python3.10/dist-packages/base_interfaces_demo-0.0.0-py3.10.egg-info/top_level.txt
[0.244s] -- Up-to-date symlink: /home/sora/Desktop/yihe/ws/install/base_interfaces_demo/local/lib/python3.10/dist-packages/base_interfaces_demo/__init__.py
[0.244s] -- Up-to-date symlink: /home/sora/Desktop/yihe/ws/install/base_interfaces_demo/local/lib/python3.10/dist-packages/base_interfaces_demo/_base_interfaces_demo_s.ep.rosidl_typesupport_c.c
[0.244s] -- Up-to-date symlink: /home/sora/Desktop/yihe/ws/install/base_interfaces_demo/local/lib/python3.10/dist-packages/base_interfaces_demo/_base_interfaces_demo_s.ep.rosidl_typesupport_fastrtps_c.c
[0.244s] -- Up-to-date symlink: /home/sora/Desktop/yihe/ws/install/base_interfaces_demo/local/lib/python3.10/dist-packages/base_interfaces_demo/_base_interfaces_demo_s.ep.rosidl_typesupport_introspection_c.c
[0.244s] -- Up-to-date symlink: /home/sora/Desktop/yihe/ws/install/base_interfaces_demo/local/lib/python3.10/dist-packages/base_interfaces_demo/base_interfaces_demo_s__rosidl_typesupport_c.cpython-310-x86_64-linux-gnu.so
[0.244s] -- Up-to-date symlink: /home/sora/Desktop/yihe/ws/install/base_interfaces_demo/local/lib/python3.10/dist-packages/base_interfaces_demo/base_interfaces_demo_s__rosidl_typesupport_fastrtps_c.cpython-310-x86_64-linux-gnu.so
[0.244s] -- Up-to-date symlink: /home/sora/Desktop/yihe/ws/install/base_interfaces_demo/local/lib/python3.10/dist-packages/base_interfaces_demo/base_interfaces_demo_s__rosidl_typesupport_introspection_c.cpython-310-x86_64-linux-gnu.so
[0.244s] -- Up-to-date symlink: /home/sora/Desktop/yihe/ws/install/base_interfaces_demo/local/lib/python3.10/dist-packages/base_interfaces_demo/libbase_interfaces_demo__rosidl_generator_py.so
[0.244s] -- Up-to-date symlink: /home/sora/Desktop/yihe/ws/install/base_interfaces_demo/local/lib/python3.10/dist-packages/base_interfaces_demo/msg/__init__.py
[0.244s] -- Up-to-date symlink: /home/sora/Desktop/yihe/ws/install/base_interfaces_demo/local/lib/python3.10/dist-packages/base_interfaces_demo/msg/_student.py
[0.244s] -- Up-to-date symlink: /home/sora/Desktop/yihe/ws/install/base_interfaces_demo/local/lib/python3.10/dist-packages/base_interfaces_demo/msg/_student_s.c
[0.244s] -- Up-to-date symlink: /home/sora/Desktop/yihe/ws/install/base_interfaces_demo/local/lib/python3.10/dist-packages/base_interfaces_demo/base_interfaces_demo_s__rosidl_typesupport_fastrtps_c.cpython-310-x86_64-linux-gnu.so
[0.244s] -- Up-to-date symlink: /home/sora/Desktop/yihe/ws/install/base_interfaces_demo/local/lib/python3.10/dist-packages/base_interfaces_demo/base_interfaces_demo_s__rosidl_typesupport_introspection_c.cpython-310-x86_64-linux-gnu.so
[0.244s] -- Up-to-date symlink: /home/sora/Desktop/yihe/ws/install/base_interfaces_demo/local/lib/python3.10/dist-packages/base_interfaces_demo/base_interfaces_demo_s__rosidl_typesupport_c.cpython-310-x86_64-linux-gnu.so
[0.245s] -- Up-to-date symlink: /home/sora/Desktop/yihe/ws/install/base_interfaces_demo/share/base_interfaces_demo/msg/Student.idl
[0.245s] -- Up-to-date symlink: /home/sora/Desktop/yihe/ws/install/base_interfaces_demo/share/base_interfaces_demo/msg/Student.msg
[0.245s] -- Up-to-date symlink: /home/sora/Desktop/yihe/ws/install/base_interfaces_demo/share/ament_index/resource_index/package_run_dependencies/base_interfaces_demo
[0.245s] -- Up-to-date symlink: /home/sora/Desktop/yihe/ws/install/base_interfaces_demo/share/ament_index/resource_index/parent_prefix_path/base_interfaces_demo
[0.245s] -- Up-to-date symlink: /home/sora/Desktop/yihe/ws/install/base_interfaces_demo/share/base_interfaces_demo/environment/ament_prefix_path.sh
[0.245s] -- Up-to-date symlink: /home/sora/Desktop/yihe/ws/install/base_interfaces_demo/share/base_interfaces_demo/environment/ament_prefix_path.dsv
[0.245s] -- Up-to-date symlink: /home/sora/Desktop/yihe/ws/install/base_interfaces_demo/share/base_interfaces_demo/environment/path.sh
[0.245s] -- Up-to-date symlink: /home/sora/Desktop/yihe/ws/install/base_interfaces_demo/share/base_interfaces_demo/environment/path.dsv
[0.245s] -- Up-to-date symlink: /home/sora/Desktop/yihe/ws/install/base_interfaces_demo/share/base_interfaces_demo/local_setup.bash
[0.245s] -- Up-to-date symlink: /home/sora/Desktop/yihe/ws/install/base_interfaces_demo/share/base_interfaces_demo/local_setup.sh
[0.245s] -- Up-to-date symlink: /home/sora/Desktop/yihe/ws/install/base_interfaces_demo/share/base_interfaces_demo/local_setup.zsh
[0.245s] -- Up-to-date symlink: /home/sora/Desktop/yihe/ws/install/base_interfaces_demo/share/base_interfaces_demo/local_setup.dsv
[0.245s] -- Symlinking: /home/sora/Desktop/yihe/ws/install/base_interfaces_demo/share/base_interfaces_demo/package.dsv
[0.250s] -- Up-to-date symlink: /home/sora/Desktop/yihe/ws/install/base_interfaces_demo/share/ament_index/resource_index/packages/base_interfaces_demo
[0.250s] -- Up-to-date symlink: /home/sora/Desktop/yihe/ws/install/base_interfaces_demo/share/base_interfaces_demo/cmake/rosidl_cmake-extras.cmake
[0.250s] -- Up-to-date symlink: /home/sora/Desktop/yihe/ws/install/base_interfaces_demo/share/base_interfaces_demo/cmake/ament_cmake_export_include_directories-extras.cmake
[0.250s] -- Up-to-date symlink: /home/sora/Desktop/yihe/ws/install/base_interfaces_demo/share/base_interfaces_demo/cmake/ament_cmake_export_libraries-extras.cmake
[0.250s] -- Up-to-date symlink: /home/sora/Desktop/yihe/ws/install/base_interfaces_demo/share/base_interfaces_demo/cmake/ament_cmake_export_targets-extras.cmake
[0.250s] -- Up-to-date symlink: /home/sora/Desktop/yihe/ws/install/base_interfaces_demo/share/base_interfaces_demo/cmake/rosidl_cmake_export_typesupport_targets-extras.cmake
[0.250s] -- Up-to-date symlink: /home/sora/Desktop/yihe/ws/install/base_interfaces_demo/share/base_interfaces_demo/cmake/ament_cmake_export_dependencies-extras.cmake
[0.250s] -- Up-to-date symlink: /home/sora/Desktop/yihe/ws/install/base_interfaces_demo/share/base_interfaces_demo/cmake/rosidl_cmake_export_typesupport_libraries-extras.cmake
[0.250s] -- Up-to-date symlink: /home/sora/Desktop/yihe/ws/install/base_interfaces_demo/share/base_interfaces_demo/cmake/base_interfaces_demoConfig.cmake
[0.250s] -- Up-to-date symlink: /home/sora/Desktop/yihe/ws/install/base_interfaces_demo/share/base_interfaces_demo/cmake/base_interfaces_demoConfig-version.cmake
[0.250s] -- Up-to-date symlink: /home/sora/Desktop/yihe/ws/install/base_interfaces_demo/share/base_interfaces_demo/package.xml
[0.251s] -- Up-to-date: /home/sora/Desktop/yihe/ws/install/base_interfaces_demo/lib/libbase_interfaces_demo__rosidl_generator_c.so
[0.251s] -- Up-to-date: /home/sora/Desktop/yihe/ws/install/base_interfaces_demo/lib/libbase_interfaces_demo__rosidl_typesupport_fastrtps_c.so
[0.251s] -- Up-to-date: /home/sora/Desktop/yihe/ws/install/base_interfaces_demo/lib/libbase_interfaces_demo__rosidl_typesupport_introspection_c.so
[0.251s] -- Up-to-date: /home/sora/Desktop/yihe/ws/install/base_interfaces_demo/lib/libbase_interfaces_demo__rosidl_typesupport_c.so
[0.251s] -- Up-to-date: /home/sora/Desktop/yihe/ws/install/base_interfaces_demo/lib/libbase_interfaces_demo__rosidl_typesupport_fastrtps_cpp.so
[0.251s] -- Up-to-date: /home/sora/Desktop/yihe/ws/install/base_interfaces_demo/lib/libbase_interfaces_demo__rosidl_typesupport_introspection_cpp.so
[0.251s] -- Up-to-date: /home/sora/Desktop/yihe/ws/install/base_interfaces_demo/lib/libbase_interfaces_demo__rosidl_typesupport_cpp.so
[0.268s] Listing '/home/sora/Desktop/yihe/ws/install/base_interfaces_demo/local/lib/python3.10/dist-packages/base_interfaces_demo'...
[0.268s] Listing '/home/sora/Desktop/yihe/ws/install/base_interfaces_demo/local/lib/python3.10/dist-packages/base_interfaces_demo/msg'...
[0.271s] -- Up-to-date: /home/sora/Desktop/yihe/ws/install/base_interfaces_demo/lib/libbase_interfaces_demo__rosidl_generator_py.so
[0.271s] -- Up-to-date: /home/sora/Desktop/yihe/ws/install/base_interfaces_demo/share/base_interfaces_demo/cmake/export_base_interfaces_demo__rosidl_generator_cExport.cmake
[0.271s] -- Up-to-date: /home/sora/Desktop/yihe/ws/install/base_interfaces_demo/share/base_interfaces_demo/cmake/export_base_interfaces_demo__rosidl_generator_cExport-noconfig.cmake
[0.271s] -- Up-to-date: /home/sora/Desktop/yihe/ws/install/base_interfaces_demo/share/base_interfaces_demo/cmake/export_base_interfaces_demo__rosidl_typesupport_fastrtps_cExport.cmake
[0.271s] -- Up-to-date: /home/sora/Desktop/yihe/ws/install/base_interfaces_demo/share/base_interfaces_demo/cmake/export_base_interfaces_demo__rosidl_typesupport_fastrtps_cExport-noconfig.cmake
[0.271s] -- Up-to-date: /home/sora/Desktop/yihe/ws/install/base_interfaces_demo/share/base_interfaces_demo/cmake/base_interfaces_demo__rosidl_typesupport_introspection_cExport.cmake
[0.271s] -- Up-to-date: /home/sora/Desktop/yihe/ws/install/base_interfaces_demo/share/base_interfaces_demo/cmake/base_interfaces_demo__rosidl_typesupport_introspection_cExport-noconfig.cmake
[0.271s] -- Up-to-date: /home/sora/Desktop/yihe/ws/install/base_interfaces_demo/share/base_interfaces_demo/cmake/base_interfaces_demo__rosidl_typesupport_cExport.cmake
[0.271s] -- Up-to-date: /home/sora/Desktop/yihe/ws/install/base_interfaces_demo/share/base_interfaces_demo/cmake/base_interfaces_demo__rosidl_typesupport_cExport-noconfig.cmake
[0.271s] -- Up-to-date: /home/sora/Desktop/yihe/ws/install/base_interfaces_demo/share/base_interfaces_demo/cmake/export_base_interfaces_demo__rosidl_generator_cppExport.cmake
[0.271s] -- Up-to-date: /home/sora/Desktop/yihe/ws/install/base_interfaces_demo/share/base_interfaces_demo/cmake/export_base_interfaces_demo__rosidl_typesupport_fastrtps_cppExport.cmake
[0.271s] -- Up-to-date: /home/sora/Desktop/yihe/ws/install/base_interfaces_demo/share/base_interfaces_demo/cmake/export_base_interfaces_demo__rosidl_typesupport_fastrtps_cppExport-noconfig.cmake
[0.271s] -- Up-to-date: /home/sora/Desktop/yihe/ws/install/base_interfaces_demo/share/base_interfaces_demo/cmake/base_interfaces_demo__rosidl_typesupport_introspection_cppExport.cmake
[0.271s] -- Up-to-date: /home/sora/Desktop/yihe/ws/install/base_interfaces_demo/share/base_interfaces_demo/cmake/base_interfaces_demo__rosidl_typesupport_introspection_cppExport-noconfig.cmake
[0.271s] -- Up-to-date: /home/sora/Desktop/yihe/ws/install/base_interfaces_demo/share/base_interfaces_demo/cmake/base_interfaces_demo__rosidl_typesupport_cppExport.cmake
[0.271s] -- Up-to-date: /home/sora/Desktop/yihe/ws/install/base_interfaces_demo/share/base_interfaces_demo/cmake/base_interfaces_demo__rosidl_typesupport_cppExport-noconfig.cmake
[0.271s] -- Up-to-date: /home/sora/Desktop/yihe/ws/install/base_interfaces_demo/share/base_interfaces_demo/cmake/export_base_interfaces_demo__rosidl_generator_pyExport.cmake
[0.271s] -- Up-to-date: /home/sora/Desktop/yihe/ws/install/base_interfaces_demo/share/base_interfaces_demo/cmake/export_base_interfaces_demo__rosidl_generator_pyExport-noconfig.cmake
[0.273s] Invoked command in '/home/sora/Desktop/yihe/ws/build/base_interfaces_demo' returned '0': CMAKE_PREFIX_PATH=${CMAKE_PREFIX_PATH}:/opt/ros/humble /usr/bin/cmake --install /home/sora/Desktop/yihe/ws/build/base_interfaces_demo
