[0.072s] DEBUG:colcon:Command line arguments: ['/usr/bin/colcon', 'build']
[0.073s] DEBUG:colcon:Parsed command line arguments: Namespace(log_base=None, log_level=None, verb_name='build', build_base='build', install_base='install', merge_install=False, symlink_install=False, test_result_base=None, continue_on_error=False, executor='parallel', parallel_workers=20, event_handlers=None, ignore_user_meta=False, metas=['./colcon.meta'], base_paths=['.'], packages_ignore=None, packages_ignore_regex=None, paths=None, packages_up_to=None, packages_up_to_regex=None, packages_above=None, packages_above_and_dependencies=None, packages_above_depth=None, packages_select_by_dep=None, packages_skip_by_dep=None, packages_skip_up_to=None, packages_select_build_failed=False, packages_skip_build_finished=False, packages_select_test_failures=False, packages_skip_test_passed=False, packages_select=None, packages_skip=None, packages_select_regex=None, packages_skip_regex=None, packages_start=None, packages_end=None, allow_overriding=[], cmake_args=None, cmake_target=None, cmake_target_skip_unavailable=False, cmake_clean_cache=False, cmake_clean_first=False, cmake_force_configure=False, ament_cmake_args=None, catkin_cmake_args=None, catkin_skip_building_tests=False, mixin_files=None, mixin=None, verb_parser=<colcon_mixin.mixin.mixin_argument.MixinArgumentDecorator object at 0x7dbb7c0242b0>, verb_extension=<colcon_core.verb.build.BuildVerb object at 0x7dbb7c193340>, main=<bound method BuildVerb.main of <colcon_core.verb.build.BuildVerb object at 0x7dbb7c193340>>, mixin_verb=('build',))
[0.195s] Level 1:colcon.colcon_core.package_discovery:discover_packages(colcon_meta) check parameters
[0.195s] Level 1:colcon.colcon_core.package_discovery:discover_packages(recursive) check parameters
[0.195s] Level 1:colcon.colcon_core.package_discovery:discover_packages(ignore) check parameters
[0.195s] Level 1:colcon.colcon_core.package_discovery:discover_packages(path) check parameters
[0.195s] Level 1:colcon.colcon_core.package_discovery:discover_packages(colcon_meta) discover
[0.195s] Level 1:colcon.colcon_core.package_discovery:discover_packages(recursive) discover
[0.195s] INFO:colcon.colcon_core.package_discovery:Crawling recursively for packages in '/home/sora/Desktop/yihe/ws'
[0.195s] Level 1:colcon.colcon_core.package_identification:_identify(.) by extensions ['ignore', 'ignore_ament_install']
[0.195s] Level 1:colcon.colcon_core.package_identification:_identify(.) by extension 'ignore'
[0.195s] Level 1:colcon.colcon_core.package_identification:_identify(.) by extension 'ignore_ament_install'
[0.195s] Level 1:colcon.colcon_core.package_identification:_identify(.) by extensions ['colcon_pkg']
[0.195s] Level 1:colcon.colcon_core.package_identification:_identify(.) by extension 'colcon_pkg'
[0.195s] Level 1:colcon.colcon_core.package_identification:_identify(.) by extensions ['colcon_meta']
[0.195s] Level 1:colcon.colcon_core.package_identification:_identify(.) by extension 'colcon_meta'
[0.195s] Level 1:colcon.colcon_core.package_identification:_identify(.) by extensions ['ros']
[0.195s] Level 1:colcon.colcon_core.package_identification:_identify(.) by extension 'ros'
[0.210s] Level 1:colcon.colcon_core.package_identification:_identify(.) by extensions ['cmake', 'python']
[0.210s] Level 1:colcon.colcon_core.package_identification:_identify(.) by extension 'cmake'
[0.210s] Level 1:colcon.colcon_core.package_identification:_identify(.) by extension 'python'
[0.210s] Level 1:colcon.colcon_core.package_identification:_identify(.) by extensions ['python_setup_py']
[0.210s] Level 1:colcon.colcon_core.package_identification:_identify(.) by extension 'python_setup_py'
[0.210s] Level 1:colcon.colcon_core.package_identification:_identify(build) by extensions ['ignore', 'ignore_ament_install']
[0.210s] Level 1:colcon.colcon_core.package_identification:_identify(build) by extension 'ignore'
[0.211s] Level 1:colcon.colcon_core.package_identification:_identify(build) ignored
[0.211s] Level 1:colcon.colcon_core.package_identification:_identify(install) by extensions ['ignore', 'ignore_ament_install']
[0.211s] Level 1:colcon.colcon_core.package_identification:_identify(install) by extension 'ignore'
[0.211s] Level 1:colcon.colcon_core.package_identification:_identify(install) ignored
[0.211s] Level 1:colcon.colcon_core.package_identification:_identify(log) by extensions ['ignore', 'ignore_ament_install']
[0.211s] Level 1:colcon.colcon_core.package_identification:_identify(log) by extension 'ignore'
[0.211s] Level 1:colcon.colcon_core.package_identification:_identify(log) ignored
[0.211s] Level 1:colcon.colcon_core.package_identification:_identify(src) by extensions ['ignore', 'ignore_ament_install']
[0.211s] Level 1:colcon.colcon_core.package_identification:_identify(src) by extension 'ignore'
[0.211s] Level 1:colcon.colcon_core.package_identification:_identify(src) by extension 'ignore_ament_install'
[0.211s] Level 1:colcon.colcon_core.package_identification:_identify(src) by extensions ['colcon_pkg']
[0.211s] Level 1:colcon.colcon_core.package_identification:_identify(src) by extension 'colcon_pkg'
[0.211s] Level 1:colcon.colcon_core.package_identification:_identify(src) by extensions ['colcon_meta']
[0.211s] Level 1:colcon.colcon_core.package_identification:_identify(src) by extension 'colcon_meta'
[0.211s] Level 1:colcon.colcon_core.package_identification:_identify(src) by extensions ['ros']
[0.211s] Level 1:colcon.colcon_core.package_identification:_identify(src) by extension 'ros'
[0.211s] Level 1:colcon.colcon_core.package_identification:_identify(src) by extensions ['cmake', 'python']
[0.211s] Level 1:colcon.colcon_core.package_identification:_identify(src) by extension 'cmake'
[0.211s] Level 1:colcon.colcon_core.package_identification:_identify(src) by extension 'python'
[0.211s] Level 1:colcon.colcon_core.package_identification:_identify(src) by extensions ['python_setup_py']
[0.211s] Level 1:colcon.colcon_core.package_identification:_identify(src) by extension 'python_setup_py'
[0.211s] Level 1:colcon.colcon_core.package_identification:_identify(src/base_interfaces_demo) by extensions ['ignore', 'ignore_ament_install']
[0.211s] Level 1:colcon.colcon_core.package_identification:_identify(src/base_interfaces_demo) by extension 'ignore'
[0.211s] Level 1:colcon.colcon_core.package_identification:_identify(src/base_interfaces_demo) by extension 'ignore_ament_install'
[0.211s] Level 1:colcon.colcon_core.package_identification:_identify(src/base_interfaces_demo) by extensions ['colcon_pkg']
[0.211s] Level 1:colcon.colcon_core.package_identification:_identify(src/base_interfaces_demo) by extension 'colcon_pkg'
[0.211s] Level 1:colcon.colcon_core.package_identification:_identify(src/base_interfaces_demo) by extensions ['colcon_meta']
[0.211s] Level 1:colcon.colcon_core.package_identification:_identify(src/base_interfaces_demo) by extension 'colcon_meta'
[0.211s] Level 1:colcon.colcon_core.package_identification:_identify(src/base_interfaces_demo) by extensions ['ros']
[0.211s] Level 1:colcon.colcon_core.package_identification:_identify(src/base_interfaces_demo) by extension 'ros'
[0.213s] DEBUG:colcon.colcon_core.package_identification:Package 'src/base_interfaces_demo' with type 'ros.ament_cmake' and name 'base_interfaces_demo'
[0.213s] Level 1:colcon.colcon_core.package_identification:_identify(src/build) by extensions ['ignore', 'ignore_ament_install']
[0.213s] Level 1:colcon.colcon_core.package_identification:_identify(src/build) by extension 'ignore'
[0.213s] Level 1:colcon.colcon_core.package_identification:_identify(src/build) ignored
[0.213s] Level 1:colcon.colcon_core.package_identification:_identify(src/cpp01_topic) by extensions ['ignore', 'ignore_ament_install']
[0.213s] Level 1:colcon.colcon_core.package_identification:_identify(src/cpp01_topic) by extension 'ignore'
[0.213s] Level 1:colcon.colcon_core.package_identification:_identify(src/cpp01_topic) by extension 'ignore_ament_install'
[0.213s] Level 1:colcon.colcon_core.package_identification:_identify(src/cpp01_topic) by extensions ['colcon_pkg']
[0.213s] Level 1:colcon.colcon_core.package_identification:_identify(src/cpp01_topic) by extension 'colcon_pkg'
[0.213s] Level 1:colcon.colcon_core.package_identification:_identify(src/cpp01_topic) by extensions ['colcon_meta']
[0.213s] Level 1:colcon.colcon_core.package_identification:_identify(src/cpp01_topic) by extension 'colcon_meta'
[0.213s] Level 1:colcon.colcon_core.package_identification:_identify(src/cpp01_topic) by extensions ['ros']
[0.213s] Level 1:colcon.colcon_core.package_identification:_identify(src/cpp01_topic) by extension 'ros'
[0.214s] DEBUG:colcon.colcon_core.package_identification:Package 'src/cpp01_topic' with type 'ros.ament_cmake' and name 'cpp01_topic'
[0.214s] Level 1:colcon.colcon_core.package_identification:_identify(src/install) by extensions ['ignore', 'ignore_ament_install']
[0.214s] Level 1:colcon.colcon_core.package_identification:_identify(src/install) by extension 'ignore'
[0.214s] Level 1:colcon.colcon_core.package_identification:_identify(src/install) ignored
[0.214s] Level 1:colcon.colcon_core.package_identification:_identify(src/log) by extensions ['ignore', 'ignore_ament_install']
[0.214s] Level 1:colcon.colcon_core.package_identification:_identify(src/log) by extension 'ignore'
[0.214s] Level 1:colcon.colcon_core.package_identification:_identify(src/log) ignored
[0.214s] Level 1:colcon.colcon_core.package_discovery:discover_packages(recursive) using defaults
[0.214s] Level 1:colcon.colcon_core.package_discovery:discover_packages(ignore) discover
[0.214s] Level 1:colcon.colcon_core.package_discovery:discover_packages(ignore) using defaults
[0.214s] Level 1:colcon.colcon_core.package_discovery:discover_packages(path) discover
[0.214s] Level 1:colcon.colcon_core.package_discovery:discover_packages(path) using defaults
[0.225s] Level 1:colcon.colcon_core.package_discovery:discover_packages(prefix_path) check parameters
[0.225s] Level 1:colcon.colcon_core.package_discovery:discover_packages(prefix_path) discover
[0.226s] DEBUG:colcon.colcon_installed_package_information.package_discovery:Found 352 installed packages in /opt/ros/humble
[0.227s] Level 1:colcon.colcon_core.package_discovery:discover_packages(prefix_path) using defaults
[0.247s] Level 5:colcon.colcon_core.verb:set package 'base_interfaces_demo' build argument 'cmake_args' from command line to 'None'
[0.247s] Level 5:colcon.colcon_core.verb:set package 'base_interfaces_demo' build argument 'cmake_target' from command line to 'None'
[0.247s] Level 5:colcon.colcon_core.verb:set package 'base_interfaces_demo' build argument 'cmake_target_skip_unavailable' from command line to 'False'
[0.247s] Level 5:colcon.colcon_core.verb:set package 'base_interfaces_demo' build argument 'cmake_clean_cache' from command line to 'False'
[0.247s] Level 5:colcon.colcon_core.verb:set package 'base_interfaces_demo' build argument 'cmake_clean_first' from command line to 'False'
[0.247s] Level 5:colcon.colcon_core.verb:set package 'base_interfaces_demo' build argument 'cmake_force_configure' from command line to 'False'
[0.247s] Level 5:colcon.colcon_core.verb:set package 'base_interfaces_demo' build argument 'ament_cmake_args' from command line to 'None'
[0.247s] Level 5:colcon.colcon_core.verb:set package 'base_interfaces_demo' build argument 'catkin_cmake_args' from command line to 'None'
[0.247s] Level 5:colcon.colcon_core.verb:set package 'base_interfaces_demo' build argument 'catkin_skip_building_tests' from command line to 'False'
[0.248s] DEBUG:colcon.colcon_core.verb:Building package 'base_interfaces_demo' with the following arguments: {'ament_cmake_args': None, 'build_base': '/home/sora/Desktop/yihe/ws/build/base_interfaces_demo', 'catkin_cmake_args': None, 'catkin_skip_building_tests': False, 'cmake_args': None, 'cmake_clean_cache': False, 'cmake_clean_first': False, 'cmake_force_configure': False, 'cmake_target': None, 'cmake_target_skip_unavailable': False, 'install_base': '/home/sora/Desktop/yihe/ws/install/base_interfaces_demo', 'merge_install': False, 'path': '/home/sora/Desktop/yihe/ws/src/base_interfaces_demo', 'symlink_install': False, 'test_result_base': None}
[0.248s] Level 5:colcon.colcon_core.verb:set package 'cpp01_topic' build argument 'cmake_args' from command line to 'None'
[0.248s] Level 5:colcon.colcon_core.verb:set package 'cpp01_topic' build argument 'cmake_target' from command line to 'None'
[0.248s] Level 5:colcon.colcon_core.verb:set package 'cpp01_topic' build argument 'cmake_target_skip_unavailable' from command line to 'False'
[0.248s] Level 5:colcon.colcon_core.verb:set package 'cpp01_topic' build argument 'cmake_clean_cache' from command line to 'False'
[0.248s] Level 5:colcon.colcon_core.verb:set package 'cpp01_topic' build argument 'cmake_clean_first' from command line to 'False'
[0.248s] Level 5:colcon.colcon_core.verb:set package 'cpp01_topic' build argument 'cmake_force_configure' from command line to 'False'
[0.248s] Level 5:colcon.colcon_core.verb:set package 'cpp01_topic' build argument 'ament_cmake_args' from command line to 'None'
[0.248s] Level 5:colcon.colcon_core.verb:set package 'cpp01_topic' build argument 'catkin_cmake_args' from command line to 'None'
[0.248s] Level 5:colcon.colcon_core.verb:set package 'cpp01_topic' build argument 'catkin_skip_building_tests' from command line to 'False'
[0.248s] DEBUG:colcon.colcon_core.verb:Building package 'cpp01_topic' with the following arguments: {'ament_cmake_args': None, 'build_base': '/home/sora/Desktop/yihe/ws/build/cpp01_topic', 'catkin_cmake_args': None, 'catkin_skip_building_tests': False, 'cmake_args': None, 'cmake_clean_cache': False, 'cmake_clean_first': False, 'cmake_force_configure': False, 'cmake_target': None, 'cmake_target_skip_unavailable': False, 'install_base': '/home/sora/Desktop/yihe/ws/install/cpp01_topic', 'merge_install': False, 'path': '/home/sora/Desktop/yihe/ws/src/cpp01_topic', 'symlink_install': False, 'test_result_base': None}
[0.248s] INFO:colcon.colcon_core.executor:Executing jobs using 'parallel' executor
[0.250s] DEBUG:colcon.colcon_parallel_executor.executor.parallel:run_until_complete
[0.250s] INFO:colcon.colcon_ros.task.ament_cmake.build:Building ROS package in '/home/sora/Desktop/yihe/ws/src/base_interfaces_demo' with build type 'ament_cmake'
[0.250s] INFO:colcon.colcon_cmake.task.cmake.build:Building CMake package in '/home/sora/Desktop/yihe/ws/src/base_interfaces_demo'
[0.251s] INFO:colcon.colcon_core.plugin_system:Skipping extension 'colcon_core.shell.bat': Not used on non-Windows systems
[0.252s] INFO:colcon.colcon_core.shell:Skip shell extension 'powershell' for command environment: Not usable outside of PowerShell
[0.252s] DEBUG:colcon.colcon_core.shell:Skip shell extension 'dsv' for command environment
[0.256s] DEBUG:colcon.colcon_core.event_handler.log_command:Invoking command in '/home/sora/Desktop/yihe/ws/build/base_interfaces_demo': CMAKE_PREFIX_PATH=/opt/ros/humble /usr/bin/cmake --build /home/sora/Desktop/yihe/ws/build/base_interfaces_demo -- -j20 -l20
[0.277s] DEBUG:colcon.colcon_core.event_handler.log_command:Invoked command in '/home/sora/Desktop/yihe/ws/build/base_interfaces_demo' returned '0': CMAKE_PREFIX_PATH=/opt/ros/humble /usr/bin/cmake --build /home/sora/Desktop/yihe/ws/build/base_interfaces_demo -- -j20 -l20
[0.294s] DEBUG:colcon.colcon_core.event_handler.log_command:Invoking command in '/home/sora/Desktop/yihe/ws/build/base_interfaces_demo': CMAKE_PREFIX_PATH=/opt/ros/humble /usr/bin/cmake --install /home/sora/Desktop/yihe/ws/build/base_interfaces_demo
[0.299s] Level 1:colcon.colcon_core.environment:create_environment_scripts_only(base_interfaces_demo)
[0.299s] DEBUG:colcon.colcon_core.event_handler.log_command:Invoked command in '/home/sora/Desktop/yihe/ws/build/base_interfaces_demo' returned '0': CMAKE_PREFIX_PATH=/opt/ros/humble /usr/bin/cmake --install /home/sora/Desktop/yihe/ws/build/base_interfaces_demo
[0.301s] Level 1:colcon.colcon_core.environment:checking '/home/sora/Desktop/yihe/ws/install/base_interfaces_demo' for CMake module files
[0.301s] Level 1:colcon.colcon_core.environment:checking '/home/sora/Desktop/yihe/ws/install/base_interfaces_demo' for CMake config files
[0.301s] Level 1:colcon.colcon_core.shell:create_environment_hook('base_interfaces_demo', 'cmake_prefix_path')
[0.301s] INFO:colcon.colcon_core.shell:Creating environment hook '/home/sora/Desktop/yihe/ws/install/base_interfaces_demo/share/base_interfaces_demo/hook/cmake_prefix_path.ps1'
[0.302s] INFO:colcon.colcon_core.shell:Creating environment descriptor '/home/sora/Desktop/yihe/ws/install/base_interfaces_demo/share/base_interfaces_demo/hook/cmake_prefix_path.dsv'
[0.302s] INFO:colcon.colcon_core.shell:Creating environment hook '/home/sora/Desktop/yihe/ws/install/base_interfaces_demo/share/base_interfaces_demo/hook/cmake_prefix_path.sh'
[0.302s] Level 1:colcon.colcon_core.environment:checking '/home/sora/Desktop/yihe/ws/install/base_interfaces_demo/bin'
[0.302s] Level 1:colcon.colcon_core.environment:checking '/home/sora/Desktop/yihe/ws/install/base_interfaces_demo/lib/pkgconfig/base_interfaces_demo.pc'
[0.303s] Level 1:colcon.colcon_core.environment:checking '/home/sora/Desktop/yihe/ws/install/base_interfaces_demo/lib/python3.10/site-packages'
[0.303s] Level 1:colcon.colcon_core.environment:checking '/home/sora/Desktop/yihe/ws/install/base_interfaces_demo/bin'
[0.303s] INFO:colcon.colcon_core.shell:Creating package script '/home/sora/Desktop/yihe/ws/install/base_interfaces_demo/share/base_interfaces_demo/package.ps1'
[0.303s] INFO:colcon.colcon_core.shell:Creating package descriptor '/home/sora/Desktop/yihe/ws/install/base_interfaces_demo/share/base_interfaces_demo/package.dsv'
[0.303s] INFO:colcon.colcon_core.shell:Creating package script '/home/sora/Desktop/yihe/ws/install/base_interfaces_demo/share/base_interfaces_demo/package.sh'
[0.304s] INFO:colcon.colcon_core.shell:Creating package script '/home/sora/Desktop/yihe/ws/install/base_interfaces_demo/share/base_interfaces_demo/package.bash'
[0.304s] INFO:colcon.colcon_core.shell:Creating package script '/home/sora/Desktop/yihe/ws/install/base_interfaces_demo/share/base_interfaces_demo/package.zsh'
[0.304s] Level 1:colcon.colcon_core.environment:create_file_with_runtime_dependencies(/home/sora/Desktop/yihe/ws/install/base_interfaces_demo/share/colcon-core/packages/base_interfaces_demo)
[0.316s] Level 1:colcon.colcon_core.environment:create_environment_scripts_only(base_interfaces_demo)
[0.316s] Level 1:colcon.colcon_core.environment:checking '/home/sora/Desktop/yihe/ws/install/base_interfaces_demo' for CMake module files
[0.316s] Level 1:colcon.colcon_core.environment:checking '/home/sora/Desktop/yihe/ws/install/base_interfaces_demo' for CMake config files
[0.316s] Level 1:colcon.colcon_core.shell:create_environment_hook('base_interfaces_demo', 'cmake_prefix_path')
[0.316s] INFO:colcon.colcon_core.shell:Creating environment hook '/home/sora/Desktop/yihe/ws/install/base_interfaces_demo/share/base_interfaces_demo/hook/cmake_prefix_path.ps1'
[0.316s] INFO:colcon.colcon_core.shell:Creating environment descriptor '/home/sora/Desktop/yihe/ws/install/base_interfaces_demo/share/base_interfaces_demo/hook/cmake_prefix_path.dsv'
[0.317s] INFO:colcon.colcon_core.shell:Creating environment hook '/home/sora/Desktop/yihe/ws/install/base_interfaces_demo/share/base_interfaces_demo/hook/cmake_prefix_path.sh'
[0.317s] Level 1:colcon.colcon_core.environment:checking '/home/sora/Desktop/yihe/ws/install/base_interfaces_demo/bin'
[0.317s] Level 1:colcon.colcon_core.environment:checking '/home/sora/Desktop/yihe/ws/install/base_interfaces_demo/lib/pkgconfig/base_interfaces_demo.pc'
[0.317s] Level 1:colcon.colcon_core.environment:checking '/home/sora/Desktop/yihe/ws/install/base_interfaces_demo/lib/python3.10/site-packages'
[0.317s] Level 1:colcon.colcon_core.environment:checking '/home/sora/Desktop/yihe/ws/install/base_interfaces_demo/bin'
[0.317s] INFO:colcon.colcon_core.shell:Creating package script '/home/sora/Desktop/yihe/ws/install/base_interfaces_demo/share/base_interfaces_demo/package.ps1'
[0.318s] INFO:colcon.colcon_core.shell:Creating package descriptor '/home/sora/Desktop/yihe/ws/install/base_interfaces_demo/share/base_interfaces_demo/package.dsv'
[0.318s] INFO:colcon.colcon_core.shell:Creating package script '/home/sora/Desktop/yihe/ws/install/base_interfaces_demo/share/base_interfaces_demo/package.sh'
[0.318s] INFO:colcon.colcon_core.shell:Creating package script '/home/sora/Desktop/yihe/ws/install/base_interfaces_demo/share/base_interfaces_demo/package.bash'
[0.318s] INFO:colcon.colcon_core.shell:Creating package script '/home/sora/Desktop/yihe/ws/install/base_interfaces_demo/share/base_interfaces_demo/package.zsh'
[0.318s] Level 1:colcon.colcon_core.environment:create_file_with_runtime_dependencies(/home/sora/Desktop/yihe/ws/install/base_interfaces_demo/share/colcon-core/packages/base_interfaces_demo)
[0.319s] INFO:colcon.colcon_ros.task.ament_cmake.build:Building ROS package in '/home/sora/Desktop/yihe/ws/src/cpp01_topic' with build type 'ament_cmake'
[0.319s] INFO:colcon.colcon_cmake.task.cmake.build:Building CMake package in '/home/sora/Desktop/yihe/ws/src/cpp01_topic'
[0.319s] INFO:colcon.colcon_core.shell:Skip shell extension 'powershell' for command environment: Not usable outside of PowerShell
[0.319s] DEBUG:colcon.colcon_core.shell:Skip shell extension 'dsv' for command environment
[0.324s] DEBUG:colcon.colcon_core.event_handler.log_command:Invoking command in '/home/sora/Desktop/yihe/ws/build/cpp01_topic': AMENT_PREFIX_PATH=/home/sora/Desktop/yihe/ws/install/base_interfaces_demo:${AMENT_PREFIX_PATH} CMAKE_PREFIX_PATH=/home/sora/Desktop/yihe/ws/install/base_interfaces_demo:/opt/ros/humble /usr/bin/cmake --build /home/sora/Desktop/yihe/ws/build/cpp01_topic -- -j20 -l20
[2.689s] DEBUG:colcon.colcon_core.event_handler.log_command:Invoked command in '/home/sora/Desktop/yihe/ws/build/cpp01_topic' returned '0': AMENT_PREFIX_PATH=/home/sora/Desktop/yihe/ws/install/base_interfaces_demo:${AMENT_PREFIX_PATH} CMAKE_PREFIX_PATH=/home/sora/Desktop/yihe/ws/install/base_interfaces_demo:/opt/ros/humble /usr/bin/cmake --build /home/sora/Desktop/yihe/ws/build/cpp01_topic -- -j20 -l20
[2.703s] DEBUG:colcon.colcon_core.event_handler.log_command:Invoking command in '/home/sora/Desktop/yihe/ws/build/cpp01_topic': AMENT_PREFIX_PATH=/home/sora/Desktop/yihe/ws/install/base_interfaces_demo:${AMENT_PREFIX_PATH} CMAKE_PREFIX_PATH=/home/sora/Desktop/yihe/ws/install/base_interfaces_demo:/opt/ros/humble /usr/bin/cmake --install /home/sora/Desktop/yihe/ws/build/cpp01_topic
[2.708s] Level 1:colcon.colcon_core.environment:create_environment_scripts_only(cpp01_topic)
[2.709s] Level 1:colcon.colcon_core.environment:checking '/home/sora/Desktop/yihe/ws/install/cpp01_topic' for CMake module files
[2.709s] DEBUG:colcon.colcon_core.event_handler.log_command:Invoked command in '/home/sora/Desktop/yihe/ws/build/cpp01_topic' returned '0': AMENT_PREFIX_PATH=/home/sora/Desktop/yihe/ws/install/base_interfaces_demo:${AMENT_PREFIX_PATH} CMAKE_PREFIX_PATH=/home/sora/Desktop/yihe/ws/install/base_interfaces_demo:/opt/ros/humble /usr/bin/cmake --install /home/sora/Desktop/yihe/ws/build/cpp01_topic
[2.709s] Level 1:colcon.colcon_core.environment:checking '/home/sora/Desktop/yihe/ws/install/cpp01_topic' for CMake config files
[2.709s] Level 1:colcon.colcon_core.shell:create_environment_hook('cpp01_topic', 'cmake_prefix_path')
[2.709s] INFO:colcon.colcon_core.shell:Creating environment hook '/home/sora/Desktop/yihe/ws/install/cpp01_topic/share/cpp01_topic/hook/cmake_prefix_path.ps1'
[2.710s] INFO:colcon.colcon_core.shell:Creating environment descriptor '/home/sora/Desktop/yihe/ws/install/cpp01_topic/share/cpp01_topic/hook/cmake_prefix_path.dsv'
[2.710s] INFO:colcon.colcon_core.shell:Creating environment hook '/home/sora/Desktop/yihe/ws/install/cpp01_topic/share/cpp01_topic/hook/cmake_prefix_path.sh'
[2.710s] Level 1:colcon.colcon_core.environment:checking '/home/sora/Desktop/yihe/ws/install/cpp01_topic/lib'
[2.710s] Level 1:colcon.colcon_core.environment:checking '/home/sora/Desktop/yihe/ws/install/cpp01_topic/bin'
[2.710s] Level 1:colcon.colcon_core.environment:checking '/home/sora/Desktop/yihe/ws/install/cpp01_topic/lib/pkgconfig/cpp01_topic.pc'
[2.710s] Level 1:colcon.colcon_core.environment:checking '/home/sora/Desktop/yihe/ws/install/cpp01_topic/lib/python3.10/site-packages'
[2.710s] Level 1:colcon.colcon_core.environment:checking '/home/sora/Desktop/yihe/ws/install/cpp01_topic/bin'
[2.710s] INFO:colcon.colcon_core.shell:Creating package script '/home/sora/Desktop/yihe/ws/install/cpp01_topic/share/cpp01_topic/package.ps1'
[2.711s] INFO:colcon.colcon_core.shell:Creating package descriptor '/home/sora/Desktop/yihe/ws/install/cpp01_topic/share/cpp01_topic/package.dsv'
[2.711s] INFO:colcon.colcon_core.shell:Creating package script '/home/sora/Desktop/yihe/ws/install/cpp01_topic/share/cpp01_topic/package.sh'
[2.711s] INFO:colcon.colcon_core.shell:Creating package script '/home/sora/Desktop/yihe/ws/install/cpp01_topic/share/cpp01_topic/package.bash'
[2.711s] INFO:colcon.colcon_core.shell:Creating package script '/home/sora/Desktop/yihe/ws/install/cpp01_topic/share/cpp01_topic/package.zsh'
[2.711s] Level 1:colcon.colcon_core.environment:create_file_with_runtime_dependencies(/home/sora/Desktop/yihe/ws/install/cpp01_topic/share/colcon-core/packages/cpp01_topic)
[2.724s] Level 1:colcon.colcon_core.environment:create_environment_scripts_only(cpp01_topic)
[2.724s] Level 1:colcon.colcon_core.environment:checking '/home/sora/Desktop/yihe/ws/install/cpp01_topic' for CMake module files
[2.724s] Level 1:colcon.colcon_core.environment:checking '/home/sora/Desktop/yihe/ws/install/cpp01_topic' for CMake config files
[2.724s] Level 1:colcon.colcon_core.shell:create_environment_hook('cpp01_topic', 'cmake_prefix_path')
[2.725s] INFO:colcon.colcon_core.shell:Creating environment hook '/home/sora/Desktop/yihe/ws/install/cpp01_topic/share/cpp01_topic/hook/cmake_prefix_path.ps1'
[2.725s] INFO:colcon.colcon_core.shell:Creating environment descriptor '/home/sora/Desktop/yihe/ws/install/cpp01_topic/share/cpp01_topic/hook/cmake_prefix_path.dsv'
[2.725s] INFO:colcon.colcon_core.shell:Creating environment hook '/home/sora/Desktop/yihe/ws/install/cpp01_topic/share/cpp01_topic/hook/cmake_prefix_path.sh'
[2.725s] Level 1:colcon.colcon_core.environment:checking '/home/sora/Desktop/yihe/ws/install/cpp01_topic/lib'
[2.725s] Level 1:colcon.colcon_core.environment:checking '/home/sora/Desktop/yihe/ws/install/cpp01_topic/bin'
[2.725s] Level 1:colcon.colcon_core.environment:checking '/home/sora/Desktop/yihe/ws/install/cpp01_topic/lib/pkgconfig/cpp01_topic.pc'
[2.725s] Level 1:colcon.colcon_core.environment:checking '/home/sora/Desktop/yihe/ws/install/cpp01_topic/lib/python3.10/site-packages'
[2.726s] Level 1:colcon.colcon_core.environment:checking '/home/sora/Desktop/yihe/ws/install/cpp01_topic/bin'
[2.726s] INFO:colcon.colcon_core.shell:Creating package script '/home/sora/Desktop/yihe/ws/install/cpp01_topic/share/cpp01_topic/package.ps1'
[2.726s] INFO:colcon.colcon_core.shell:Creating package descriptor '/home/sora/Desktop/yihe/ws/install/cpp01_topic/share/cpp01_topic/package.dsv'
[2.726s] INFO:colcon.colcon_core.shell:Creating package script '/home/sora/Desktop/yihe/ws/install/cpp01_topic/share/cpp01_topic/package.sh'
[2.726s] INFO:colcon.colcon_core.shell:Creating package script '/home/sora/Desktop/yihe/ws/install/cpp01_topic/share/cpp01_topic/package.bash'
[2.726s] INFO:colcon.colcon_core.shell:Creating package script '/home/sora/Desktop/yihe/ws/install/cpp01_topic/share/cpp01_topic/package.zsh'
[2.727s] Level 1:colcon.colcon_core.environment:create_file_with_runtime_dependencies(/home/sora/Desktop/yihe/ws/install/cpp01_topic/share/colcon-core/packages/cpp01_topic)
[2.727s] DEBUG:colcon.colcon_parallel_executor.executor.parallel:closing loop
[2.727s] DEBUG:colcon.colcon_parallel_executor.executor.parallel:loop closed
[2.727s] DEBUG:colcon.colcon_parallel_executor.executor.parallel:run_until_complete finished with '0'
[2.727s] DEBUG:colcon.colcon_core.event_reactor:joining thread
[2.730s] INFO:colcon.colcon_core.plugin_system:Skipping extension 'colcon_notification.desktop_notification.terminal_notifier': Not used on non-Darwin systems
[2.730s] INFO:colcon.colcon_core.plugin_system:Skipping extension 'colcon_notification.desktop_notification.win32': Not used on non-Windows systems
[2.731s] INFO:colcon.colcon_notification.desktop_notification:Sending desktop notification using 'notify2'
[2.736s] DEBUG:colcon.colcon_core.event_reactor:joined thread
[2.736s] INFO:colcon.colcon_core.shell:Creating prefix script '/home/sora/Desktop/yihe/ws/install/local_setup.ps1'
[2.737s] INFO:colcon.colcon_core.shell:Creating prefix util module '/home/sora/Desktop/yihe/ws/install/_local_setup_util_ps1.py'
[2.738s] INFO:colcon.colcon_core.shell:Creating prefix chain script '/home/sora/Desktop/yihe/ws/install/setup.ps1'
[2.738s] INFO:colcon.colcon_core.shell:Creating prefix script '/home/sora/Desktop/yihe/ws/install/local_setup.sh'
[2.739s] INFO:colcon.colcon_core.shell:Creating prefix util module '/home/sora/Desktop/yihe/ws/install/_local_setup_util_sh.py'
[2.739s] INFO:colcon.colcon_core.shell:Creating prefix chain script '/home/sora/Desktop/yihe/ws/install/setup.sh'
[2.739s] INFO:colcon.colcon_core.shell:Creating prefix script '/home/sora/Desktop/yihe/ws/install/local_setup.bash'
[2.739s] INFO:colcon.colcon_core.shell:Creating prefix chain script '/home/sora/Desktop/yihe/ws/install/setup.bash'
[2.740s] INFO:colcon.colcon_core.shell:Creating prefix script '/home/sora/Desktop/yihe/ws/install/local_setup.zsh'
[2.740s] INFO:colcon.colcon_core.shell:Creating prefix chain script '/home/sora/Desktop/yihe/ws/install/setup.zsh'
