[0.061s] DEBUG:colcon:Command line arguments: ['/usr/bin/colcon', 'build']
[0.061s] DEBUG:colcon:Parsed command line arguments: Namespace(log_base=None, log_level=None, verb_name='build', build_base='build', install_base='install', merge_install=False, symlink_install=False, test_result_base=None, continue_on_error=False, executor='parallel', parallel_workers=20, event_handlers=None, ignore_user_meta=False, metas=['./colcon.meta'], base_paths=['.'], packages_ignore=None, packages_ignore_regex=None, paths=None, packages_up_to=None, packages_up_to_regex=None, packages_above=None, packages_above_and_dependencies=None, packages_above_depth=None, packages_select_by_dep=None, packages_skip_by_dep=None, packages_skip_up_to=None, packages_select_build_failed=False, packages_skip_build_finished=False, packages_select_test_failures=False, packages_skip_test_passed=False, packages_select=None, packages_skip=None, packages_select_regex=None, packages_skip_regex=None, packages_start=None, packages_end=None, allow_overriding=[], cmake_args=None, cmake_target=None, cmake_target_skip_unavailable=False, cmake_clean_cache=False, cmake_clean_first=False, cmake_force_configure=False, ament_cmake_args=None, catkin_cmake_args=None, catkin_skip_building_tests=False, mixin_files=None, mixin=None, verb_parser=<colcon_mixin.mixin.mixin_argument.MixinArgumentDecorator object at 0x748310e8eaa0>, verb_extension=<colcon_core.verb.build.BuildVerb object at 0x748310e8e0e0>, main=<bound method BuildVerb.main of <colcon_core.verb.build.BuildVerb object at 0x748310e8e0e0>>, mixin_verb=('build',))
[0.179s] Level 1:colcon.colcon_core.package_discovery:discover_packages(colcon_meta) check parameters
[0.179s] Level 1:colcon.colcon_core.package_discovery:discover_packages(recursive) check parameters
[0.179s] Level 1:colcon.colcon_core.package_discovery:discover_packages(ignore) check parameters
[0.179s] Level 1:colcon.colcon_core.package_discovery:discover_packages(path) check parameters
[0.179s] Level 1:colcon.colcon_core.package_discovery:discover_packages(colcon_meta) discover
[0.179s] Level 1:colcon.colcon_core.package_discovery:discover_packages(recursive) discover
[0.179s] INFO:colcon.colcon_core.package_discovery:Crawling recursively for packages in '/home/sora/Desktop/yihe/ws'
[0.179s] Level 1:colcon.colcon_core.package_identification:_identify(.) by extensions ['ignore', 'ignore_ament_install']
[0.180s] Level 1:colcon.colcon_core.package_identification:_identify(.) by extension 'ignore'
[0.180s] Level 1:colcon.colcon_core.package_identification:_identify(.) by extension 'ignore_ament_install'
[0.180s] Level 1:colcon.colcon_core.package_identification:_identify(.) by extensions ['colcon_pkg']
[0.180s] Level 1:colcon.colcon_core.package_identification:_identify(.) by extension 'colcon_pkg'
[0.180s] Level 1:colcon.colcon_core.package_identification:_identify(.) by extensions ['colcon_meta']
[0.180s] Level 1:colcon.colcon_core.package_identification:_identify(.) by extension 'colcon_meta'
[0.180s] Level 1:colcon.colcon_core.package_identification:_identify(.) by extensions ['ros']
[0.180s] Level 1:colcon.colcon_core.package_identification:_identify(.) by extension 'ros'
[0.194s] Level 1:colcon.colcon_core.package_identification:_identify(.) by extensions ['cmake', 'python']
[0.194s] Level 1:colcon.colcon_core.package_identification:_identify(.) by extension 'cmake'
[0.194s] Level 1:colcon.colcon_core.package_identification:_identify(.) by extension 'python'
[0.194s] Level 1:colcon.colcon_core.package_identification:_identify(.) by extensions ['python_setup_py']
[0.194s] Level 1:colcon.colcon_core.package_identification:_identify(.) by extension 'python_setup_py'
[0.194s] Level 1:colcon.colcon_core.package_identification:_identify(build) by extensions ['ignore', 'ignore_ament_install']
[0.194s] Level 1:colcon.colcon_core.package_identification:_identify(build) by extension 'ignore'
[0.194s] Level 1:colcon.colcon_core.package_identification:_identify(build) ignored
[0.194s] Level 1:colcon.colcon_core.package_identification:_identify(install) by extensions ['ignore', 'ignore_ament_install']
[0.194s] Level 1:colcon.colcon_core.package_identification:_identify(install) by extension 'ignore'
[0.194s] Level 1:colcon.colcon_core.package_identification:_identify(install) ignored
[0.194s] Level 1:colcon.colcon_core.package_identification:_identify(log) by extensions ['ignore', 'ignore_ament_install']
[0.194s] Level 1:colcon.colcon_core.package_identification:_identify(log) by extension 'ignore'
[0.194s] Level 1:colcon.colcon_core.package_identification:_identify(log) ignored
[0.194s] Level 1:colcon.colcon_core.package_identification:_identify(src) by extensions ['ignore', 'ignore_ament_install']
[0.194s] Level 1:colcon.colcon_core.package_identification:_identify(src) by extension 'ignore'
[0.194s] Level 1:colcon.colcon_core.package_identification:_identify(src) by extension 'ignore_ament_install'
[0.194s] Level 1:colcon.colcon_core.package_identification:_identify(src) by extensions ['colcon_pkg']
[0.194s] Level 1:colcon.colcon_core.package_identification:_identify(src) by extension 'colcon_pkg'
[0.194s] Level 1:colcon.colcon_core.package_identification:_identify(src) by extensions ['colcon_meta']
[0.194s] Level 1:colcon.colcon_core.package_identification:_identify(src) by extension 'colcon_meta'
[0.194s] Level 1:colcon.colcon_core.package_identification:_identify(src) by extensions ['ros']
[0.194s] Level 1:colcon.colcon_core.package_identification:_identify(src) by extension 'ros'
[0.194s] Level 1:colcon.colcon_core.package_identification:_identify(src) by extensions ['cmake', 'python']
[0.195s] Level 1:colcon.colcon_core.package_identification:_identify(src) by extension 'cmake'
[0.195s] Level 1:colcon.colcon_core.package_identification:_identify(src) by extension 'python'
[0.195s] Level 1:colcon.colcon_core.package_identification:_identify(src) by extensions ['python_setup_py']
[0.195s] Level 1:colcon.colcon_core.package_identification:_identify(src) by extension 'python_setup_py'
[0.195s] Level 1:colcon.colcon_core.package_identification:_identify(src/base_interfaces_demo) by extensions ['ignore', 'ignore_ament_install']
[0.195s] Level 1:colcon.colcon_core.package_identification:_identify(src/base_interfaces_demo) by extension 'ignore'
[0.195s] Level 1:colcon.colcon_core.package_identification:_identify(src/base_interfaces_demo) by extension 'ignore_ament_install'
[0.195s] Level 1:colcon.colcon_core.package_identification:_identify(src/base_interfaces_demo) by extensions ['colcon_pkg']
[0.195s] Level 1:colcon.colcon_core.package_identification:_identify(src/base_interfaces_demo) by extension 'colcon_pkg'
[0.195s] Level 1:colcon.colcon_core.package_identification:_identify(src/base_interfaces_demo) by extensions ['colcon_meta']
[0.195s] Level 1:colcon.colcon_core.package_identification:_identify(src/base_interfaces_demo) by extension 'colcon_meta'
[0.195s] Level 1:colcon.colcon_core.package_identification:_identify(src/base_interfaces_demo) by extensions ['ros']
[0.195s] Level 1:colcon.colcon_core.package_identification:_identify(src/base_interfaces_demo) by extension 'ros'
[0.196s] DEBUG:colcon.colcon_core.package_identification:Package 'src/base_interfaces_demo' with type 'ros.ament_cmake' and name 'base_interfaces_demo'
[0.196s] Level 1:colcon.colcon_core.package_identification:_identify(src/build) by extensions ['ignore', 'ignore_ament_install']
[0.197s] Level 1:colcon.colcon_core.package_identification:_identify(src/build) by extension 'ignore'
[0.197s] Level 1:colcon.colcon_core.package_identification:_identify(src/build) ignored
[0.197s] Level 1:colcon.colcon_core.package_identification:_identify(src/cpp01_topic) by extensions ['ignore', 'ignore_ament_install']
[0.197s] Level 1:colcon.colcon_core.package_identification:_identify(src/cpp01_topic) by extension 'ignore'
[0.197s] Level 1:colcon.colcon_core.package_identification:_identify(src/cpp01_topic) by extension 'ignore_ament_install'
[0.197s] Level 1:colcon.colcon_core.package_identification:_identify(src/cpp01_topic) by extensions ['colcon_pkg']
[0.197s] Level 1:colcon.colcon_core.package_identification:_identify(src/cpp01_topic) by extension 'colcon_pkg'
[0.197s] Level 1:colcon.colcon_core.package_identification:_identify(src/cpp01_topic) by extensions ['colcon_meta']
[0.197s] Level 1:colcon.colcon_core.package_identification:_identify(src/cpp01_topic) by extension 'colcon_meta'
[0.197s] Level 1:colcon.colcon_core.package_identification:_identify(src/cpp01_topic) by extensions ['ros']
[0.197s] Level 1:colcon.colcon_core.package_identification:_identify(src/cpp01_topic) by extension 'ros'
[0.197s] DEBUG:colcon.colcon_core.package_identification:Package 'src/cpp01_topic' with type 'ros.ament_cmake' and name 'cpp01_topic'
[0.197s] Level 1:colcon.colcon_core.package_identification:_identify(src/install) by extensions ['ignore', 'ignore_ament_install']
[0.197s] Level 1:colcon.colcon_core.package_identification:_identify(src/install) by extension 'ignore'
[0.197s] Level 1:colcon.colcon_core.package_identification:_identify(src/install) ignored
[0.197s] Level 1:colcon.colcon_core.package_identification:_identify(src/log) by extensions ['ignore', 'ignore_ament_install']
[0.197s] Level 1:colcon.colcon_core.package_identification:_identify(src/log) by extension 'ignore'
[0.197s] Level 1:colcon.colcon_core.package_identification:_identify(src/log) ignored
[0.197s] Level 1:colcon.colcon_core.package_discovery:discover_packages(recursive) using defaults
[0.197s] Level 1:colcon.colcon_core.package_discovery:discover_packages(ignore) discover
[0.197s] Level 1:colcon.colcon_core.package_discovery:discover_packages(ignore) using defaults
[0.197s] Level 1:colcon.colcon_core.package_discovery:discover_packages(path) discover
[0.197s] Level 1:colcon.colcon_core.package_discovery:discover_packages(path) using defaults
[0.207s] Level 1:colcon.colcon_core.package_discovery:discover_packages(prefix_path) check parameters
[0.207s] Level 1:colcon.colcon_core.package_discovery:discover_packages(prefix_path) discover
[0.209s] DEBUG:colcon.colcon_installed_package_information.package_discovery:Found 352 installed packages in /opt/ros/humble
[0.209s] Level 1:colcon.colcon_core.package_discovery:discover_packages(prefix_path) using defaults
[0.229s] Level 5:colcon.colcon_core.verb:set package 'base_interfaces_demo' build argument 'cmake_args' from command line to 'None'
[0.229s] Level 5:colcon.colcon_core.verb:set package 'base_interfaces_demo' build argument 'cmake_target' from command line to 'None'
[0.229s] Level 5:colcon.colcon_core.verb:set package 'base_interfaces_demo' build argument 'cmake_target_skip_unavailable' from command line to 'False'
[0.229s] Level 5:colcon.colcon_core.verb:set package 'base_interfaces_demo' build argument 'cmake_clean_cache' from command line to 'False'
[0.229s] Level 5:colcon.colcon_core.verb:set package 'base_interfaces_demo' build argument 'cmake_clean_first' from command line to 'False'
[0.229s] Level 5:colcon.colcon_core.verb:set package 'base_interfaces_demo' build argument 'cmake_force_configure' from command line to 'False'
[0.229s] Level 5:colcon.colcon_core.verb:set package 'base_interfaces_demo' build argument 'ament_cmake_args' from command line to 'None'
[0.229s] Level 5:colcon.colcon_core.verb:set package 'base_interfaces_demo' build argument 'catkin_cmake_args' from command line to 'None'
[0.229s] Level 5:colcon.colcon_core.verb:set package 'base_interfaces_demo' build argument 'catkin_skip_building_tests' from command line to 'False'
[0.229s] DEBUG:colcon.colcon_core.verb:Building package 'base_interfaces_demo' with the following arguments: {'ament_cmake_args': None, 'build_base': '/home/sora/Desktop/yihe/ws/build/base_interfaces_demo', 'catkin_cmake_args': None, 'catkin_skip_building_tests': False, 'cmake_args': None, 'cmake_clean_cache': False, 'cmake_clean_first': False, 'cmake_force_configure': False, 'cmake_target': None, 'cmake_target_skip_unavailable': False, 'install_base': '/home/sora/Desktop/yihe/ws/install/base_interfaces_demo', 'merge_install': False, 'path': '/home/sora/Desktop/yihe/ws/src/base_interfaces_demo', 'symlink_install': False, 'test_result_base': None}
[0.229s] Level 5:colcon.colcon_core.verb:set package 'cpp01_topic' build argument 'cmake_args' from command line to 'None'
[0.229s] Level 5:colcon.colcon_core.verb:set package 'cpp01_topic' build argument 'cmake_target' from command line to 'None'
[0.229s] Level 5:colcon.colcon_core.verb:set package 'cpp01_topic' build argument 'cmake_target_skip_unavailable' from command line to 'False'
[0.229s] Level 5:colcon.colcon_core.verb:set package 'cpp01_topic' build argument 'cmake_clean_cache' from command line to 'False'
[0.229s] Level 5:colcon.colcon_core.verb:set package 'cpp01_topic' build argument 'cmake_clean_first' from command line to 'False'
[0.229s] Level 5:colcon.colcon_core.verb:set package 'cpp01_topic' build argument 'cmake_force_configure' from command line to 'False'
[0.229s] Level 5:colcon.colcon_core.verb:set package 'cpp01_topic' build argument 'ament_cmake_args' from command line to 'None'
[0.229s] Level 5:colcon.colcon_core.verb:set package 'cpp01_topic' build argument 'catkin_cmake_args' from command line to 'None'
[0.229s] Level 5:colcon.colcon_core.verb:set package 'cpp01_topic' build argument 'catkin_skip_building_tests' from command line to 'False'
[0.229s] DEBUG:colcon.colcon_core.verb:Building package 'cpp01_topic' with the following arguments: {'ament_cmake_args': None, 'build_base': '/home/sora/Desktop/yihe/ws/build/cpp01_topic', 'catkin_cmake_args': None, 'catkin_skip_building_tests': False, 'cmake_args': None, 'cmake_clean_cache': False, 'cmake_clean_first': False, 'cmake_force_configure': False, 'cmake_target': None, 'cmake_target_skip_unavailable': False, 'install_base': '/home/sora/Desktop/yihe/ws/install/cpp01_topic', 'merge_install': False, 'path': '/home/sora/Desktop/yihe/ws/src/cpp01_topic', 'symlink_install': False, 'test_result_base': None}
[0.229s] INFO:colcon.colcon_core.executor:Executing jobs using 'parallel' executor
[0.230s] DEBUG:colcon.colcon_parallel_executor.executor.parallel:run_until_complete
[0.230s] INFO:colcon.colcon_ros.task.ament_cmake.build:Building ROS package in '/home/sora/Desktop/yihe/ws/src/base_interfaces_demo' with build type 'ament_cmake'
[0.230s] INFO:colcon.colcon_cmake.task.cmake.build:Building CMake package in '/home/sora/Desktop/yihe/ws/src/base_interfaces_demo'
[0.231s] INFO:colcon.colcon_core.plugin_system:Skipping extension 'colcon_core.shell.bat': Not used on non-Windows systems
[0.231s] INFO:colcon.colcon_core.shell:Skip shell extension 'powershell' for command environment: Not usable outside of PowerShell
[0.231s] DEBUG:colcon.colcon_core.shell:Skip shell extension 'dsv' for command environment
[0.236s] DEBUG:colcon.colcon_core.event_handler.log_command:Invoking command in '/home/sora/Desktop/yihe/ws/build/base_interfaces_demo': CMAKE_PREFIX_PATH=/opt/ros/humble /usr/bin/cmake --build /home/sora/Desktop/yihe/ws/build/base_interfaces_demo -- -j20 -l20
[0.431s] DEBUG:colcon.colcon_core.event_handler.log_command:Invoked command in '/home/sora/Desktop/yihe/ws/build/base_interfaces_demo' returned '0': CMAKE_PREFIX_PATH=/opt/ros/humble /usr/bin/cmake --build /home/sora/Desktop/yihe/ws/build/base_interfaces_demo -- -j20 -l20
[0.464s] DEBUG:colcon.colcon_core.event_handler.log_command:Invoking command in '/home/sora/Desktop/yihe/ws/build/base_interfaces_demo': CMAKE_PREFIX_PATH=/opt/ros/humble /usr/bin/cmake --install /home/sora/Desktop/yihe/ws/build/base_interfaces_demo
[0.500s] Level 1:colcon.colcon_core.environment:create_environment_scripts_only(base_interfaces_demo)
[0.500s] DEBUG:colcon.colcon_core.event_handler.log_command:Invoked command in '/home/sora/Desktop/yihe/ws/build/base_interfaces_demo' returned '0': CMAKE_PREFIX_PATH=/opt/ros/humble /usr/bin/cmake --install /home/sora/Desktop/yihe/ws/build/base_interfaces_demo
[0.502s] Level 1:colcon.colcon_core.environment:checking '/home/sora/Desktop/yihe/ws/install/base_interfaces_demo' for CMake module files
[0.502s] Level 1:colcon.colcon_core.environment:checking '/home/sora/Desktop/yihe/ws/install/base_interfaces_demo' for CMake config files
[0.503s] Level 1:colcon.colcon_core.shell:create_environment_hook('base_interfaces_demo', 'cmake_prefix_path')
[0.503s] INFO:colcon.colcon_core.shell:Creating environment hook '/home/sora/Desktop/yihe/ws/install/base_interfaces_demo/share/base_interfaces_demo/hook/cmake_prefix_path.ps1'
[0.503s] INFO:colcon.colcon_core.shell:Creating environment descriptor '/home/sora/Desktop/yihe/ws/install/base_interfaces_demo/share/base_interfaces_demo/hook/cmake_prefix_path.dsv'
[0.504s] INFO:colcon.colcon_core.shell:Creating environment hook '/home/sora/Desktop/yihe/ws/install/base_interfaces_demo/share/base_interfaces_demo/hook/cmake_prefix_path.sh'
[0.504s] Level 1:colcon.colcon_core.environment:checking '/home/sora/Desktop/yihe/ws/install/base_interfaces_demo/lib'
[0.504s] Level 1:colcon.colcon_core.shell:create_environment_hook('base_interfaces_demo', 'ld_library_path_lib')
[0.504s] INFO:colcon.colcon_core.shell:Creating environment hook '/home/sora/Desktop/yihe/ws/install/base_interfaces_demo/share/base_interfaces_demo/hook/ld_library_path_lib.ps1'
[0.504s] INFO:colcon.colcon_core.shell:Creating environment descriptor '/home/sora/Desktop/yihe/ws/install/base_interfaces_demo/share/base_interfaces_demo/hook/ld_library_path_lib.dsv'
[0.504s] INFO:colcon.colcon_core.shell:Creating environment hook '/home/sora/Desktop/yihe/ws/install/base_interfaces_demo/share/base_interfaces_demo/hook/ld_library_path_lib.sh'
[0.505s] Level 1:colcon.colcon_core.environment:checking '/home/sora/Desktop/yihe/ws/install/base_interfaces_demo/bin'
[0.505s] Level 1:colcon.colcon_core.environment:checking '/home/sora/Desktop/yihe/ws/install/base_interfaces_demo/lib/pkgconfig/base_interfaces_demo.pc'
[0.505s] Level 1:colcon.colcon_core.environment:checking '/home/sora/Desktop/yihe/ws/install/base_interfaces_demo/lib/python3.10/site-packages'
[0.505s] Level 1:colcon.colcon_core.environment:checking '/home/sora/Desktop/yihe/ws/install/base_interfaces_demo/bin'
[0.505s] INFO:colcon.colcon_core.shell:Creating package script '/home/sora/Desktop/yihe/ws/install/base_interfaces_demo/share/base_interfaces_demo/package.ps1'
[0.505s] INFO:colcon.colcon_core.shell:Creating package descriptor '/home/sora/Desktop/yihe/ws/install/base_interfaces_demo/share/base_interfaces_demo/package.dsv'
[0.506s] INFO:colcon.colcon_core.shell:Creating package script '/home/sora/Desktop/yihe/ws/install/base_interfaces_demo/share/base_interfaces_demo/package.sh'
[0.506s] INFO:colcon.colcon_core.shell:Creating package script '/home/sora/Desktop/yihe/ws/install/base_interfaces_demo/share/base_interfaces_demo/package.bash'
[0.506s] INFO:colcon.colcon_core.shell:Creating package script '/home/sora/Desktop/yihe/ws/install/base_interfaces_demo/share/base_interfaces_demo/package.zsh'
[0.507s] Level 1:colcon.colcon_core.environment:create_file_with_runtime_dependencies(/home/sora/Desktop/yihe/ws/install/base_interfaces_demo/share/colcon-core/packages/base_interfaces_demo)
[0.535s] Level 1:colcon.colcon_core.environment:create_environment_scripts_only(base_interfaces_demo)
[0.535s] Level 1:colcon.colcon_core.environment:checking '/home/sora/Desktop/yihe/ws/install/base_interfaces_demo' for CMake module files
[0.535s] Level 1:colcon.colcon_core.environment:checking '/home/sora/Desktop/yihe/ws/install/base_interfaces_demo' for CMake config files
[0.535s] Level 1:colcon.colcon_core.shell:create_environment_hook('base_interfaces_demo', 'cmake_prefix_path')
[0.535s] INFO:colcon.colcon_core.shell:Creating environment hook '/home/sora/Desktop/yihe/ws/install/base_interfaces_demo/share/base_interfaces_demo/hook/cmake_prefix_path.ps1'
[0.536s] INFO:colcon.colcon_core.shell:Creating environment descriptor '/home/sora/Desktop/yihe/ws/install/base_interfaces_demo/share/base_interfaces_demo/hook/cmake_prefix_path.dsv'
[0.536s] INFO:colcon.colcon_core.shell:Creating environment hook '/home/sora/Desktop/yihe/ws/install/base_interfaces_demo/share/base_interfaces_demo/hook/cmake_prefix_path.sh'
[0.536s] Level 1:colcon.colcon_core.environment:checking '/home/sora/Desktop/yihe/ws/install/base_interfaces_demo/lib'
[0.536s] Level 1:colcon.colcon_core.shell:create_environment_hook('base_interfaces_demo', 'ld_library_path_lib')
[0.536s] INFO:colcon.colcon_core.shell:Creating environment hook '/home/sora/Desktop/yihe/ws/install/base_interfaces_demo/share/base_interfaces_demo/hook/ld_library_path_lib.ps1'
[0.537s] INFO:colcon.colcon_core.shell:Creating environment descriptor '/home/sora/Desktop/yihe/ws/install/base_interfaces_demo/share/base_interfaces_demo/hook/ld_library_path_lib.dsv'
[0.537s] INFO:colcon.colcon_core.shell:Creating environment hook '/home/sora/Desktop/yihe/ws/install/base_interfaces_demo/share/base_interfaces_demo/hook/ld_library_path_lib.sh'
[0.537s] Level 1:colcon.colcon_core.environment:checking '/home/sora/Desktop/yihe/ws/install/base_interfaces_demo/bin'
[0.537s] Level 1:colcon.colcon_core.environment:checking '/home/sora/Desktop/yihe/ws/install/base_interfaces_demo/lib/pkgconfig/base_interfaces_demo.pc'
[0.537s] Level 1:colcon.colcon_core.environment:checking '/home/sora/Desktop/yihe/ws/install/base_interfaces_demo/lib/python3.10/site-packages'
[0.537s] Level 1:colcon.colcon_core.environment:checking '/home/sora/Desktop/yihe/ws/install/base_interfaces_demo/bin'
[0.537s] INFO:colcon.colcon_core.shell:Creating package script '/home/sora/Desktop/yihe/ws/install/base_interfaces_demo/share/base_interfaces_demo/package.ps1'
[0.538s] INFO:colcon.colcon_core.shell:Creating package descriptor '/home/sora/Desktop/yihe/ws/install/base_interfaces_demo/share/base_interfaces_demo/package.dsv'
[0.538s] INFO:colcon.colcon_core.shell:Creating package script '/home/sora/Desktop/yihe/ws/install/base_interfaces_demo/share/base_interfaces_demo/package.sh'
[0.538s] INFO:colcon.colcon_core.shell:Creating package script '/home/sora/Desktop/yihe/ws/install/base_interfaces_demo/share/base_interfaces_demo/package.bash'
[0.538s] INFO:colcon.colcon_core.shell:Creating package script '/home/sora/Desktop/yihe/ws/install/base_interfaces_demo/share/base_interfaces_demo/package.zsh'
[0.538s] Level 1:colcon.colcon_core.environment:create_file_with_runtime_dependencies(/home/sora/Desktop/yihe/ws/install/base_interfaces_demo/share/colcon-core/packages/base_interfaces_demo)
[0.539s] INFO:colcon.colcon_ros.task.ament_cmake.build:Building ROS package in '/home/sora/Desktop/yihe/ws/src/cpp01_topic' with build type 'ament_cmake'
[0.539s] INFO:colcon.colcon_cmake.task.cmake.build:Building CMake package in '/home/sora/Desktop/yihe/ws/src/cpp01_topic'
[0.539s] INFO:colcon.colcon_core.shell:Skip shell extension 'powershell' for command environment: Not usable outside of PowerShell
[0.539s] DEBUG:colcon.colcon_core.shell:Skip shell extension 'dsv' for command environment
[0.544s] DEBUG:colcon.colcon_core.event_handler.log_command:Invoking command in '/home/sora/Desktop/yihe/ws/build/cpp01_topic': AMENT_PREFIX_PATH=/home/sora/Desktop/yihe/ws/install/base_interfaces_demo:${AMENT_PREFIX_PATH} CMAKE_PREFIX_PATH=/home/sora/Desktop/yihe/ws/install/base_interfaces_demo:/opt/ros/humble LD_LIBRARY_PATH=/home/sora/Desktop/yihe/ws/install/base_interfaces_demo/lib:${LD_LIBRARY_PATH} PYTHONPATH=/home/sora/Desktop/yihe/ws/install/base_interfaces_demo/local/lib/python3.10/dist-packages:${PYTHONPATH} /usr/bin/cmake --build /home/sora/Desktop/yihe/ws/build/cpp01_topic -- -j20 -l20
[2.017s] DEBUG:colcon.colcon_core.event_handler.log_command:Invoked command in '/home/sora/Desktop/yihe/ws/build/cpp01_topic' returned '0': AMENT_PREFIX_PATH=/home/sora/Desktop/yihe/ws/install/base_interfaces_demo:${AMENT_PREFIX_PATH} CMAKE_PREFIX_PATH=/home/sora/Desktop/yihe/ws/install/base_interfaces_demo:/opt/ros/humble LD_LIBRARY_PATH=/home/sora/Desktop/yihe/ws/install/base_interfaces_demo/lib:${LD_LIBRARY_PATH} PYTHONPATH=/home/sora/Desktop/yihe/ws/install/base_interfaces_demo/local/lib/python3.10/dist-packages:${PYTHONPATH} /usr/bin/cmake --build /home/sora/Desktop/yihe/ws/build/cpp01_topic -- -j20 -l20
[2.032s] DEBUG:colcon.colcon_core.event_handler.log_command:Invoking command in '/home/sora/Desktop/yihe/ws/build/cpp01_topic': AMENT_PREFIX_PATH=/home/sora/Desktop/yihe/ws/install/base_interfaces_demo:${AMENT_PREFIX_PATH} CMAKE_PREFIX_PATH=/home/sora/Desktop/yihe/ws/install/base_interfaces_demo:/opt/ros/humble LD_LIBRARY_PATH=/home/sora/Desktop/yihe/ws/install/base_interfaces_demo/lib:${LD_LIBRARY_PATH} PYTHONPATH=/home/sora/Desktop/yihe/ws/install/base_interfaces_demo/local/lib/python3.10/dist-packages:${PYTHONPATH} /usr/bin/cmake --install /home/sora/Desktop/yihe/ws/build/cpp01_topic
[2.052s] Level 1:colcon.colcon_core.environment:create_environment_scripts_only(cpp01_topic)
[2.052s] Level 1:colcon.colcon_core.environment:checking '/home/sora/Desktop/yihe/ws/install/cpp01_topic' for CMake module files
[2.052s] DEBUG:colcon.colcon_core.event_handler.log_command:Invoked command in '/home/sora/Desktop/yihe/ws/build/cpp01_topic' returned '0': AMENT_PREFIX_PATH=/home/sora/Desktop/yihe/ws/install/base_interfaces_demo:${AMENT_PREFIX_PATH} CMAKE_PREFIX_PATH=/home/sora/Desktop/yihe/ws/install/base_interfaces_demo:/opt/ros/humble LD_LIBRARY_PATH=/home/sora/Desktop/yihe/ws/install/base_interfaces_demo/lib:${LD_LIBRARY_PATH} PYTHONPATH=/home/sora/Desktop/yihe/ws/install/base_interfaces_demo/local/lib/python3.10/dist-packages:${PYTHONPATH} /usr/bin/cmake --install /home/sora/Desktop/yihe/ws/build/cpp01_topic
[2.053s] Level 1:colcon.colcon_core.environment:checking '/home/sora/Desktop/yihe/ws/install/cpp01_topic' for CMake config files
[2.053s] Level 1:colcon.colcon_core.shell:create_environment_hook('cpp01_topic', 'cmake_prefix_path')
[2.053s] INFO:colcon.colcon_core.shell:Creating environment hook '/home/sora/Desktop/yihe/ws/install/cpp01_topic/share/cpp01_topic/hook/cmake_prefix_path.ps1'
[2.053s] INFO:colcon.colcon_core.shell:Creating environment descriptor '/home/sora/Desktop/yihe/ws/install/cpp01_topic/share/cpp01_topic/hook/cmake_prefix_path.dsv'
[2.053s] INFO:colcon.colcon_core.shell:Creating environment hook '/home/sora/Desktop/yihe/ws/install/cpp01_topic/share/cpp01_topic/hook/cmake_prefix_path.sh'
[2.053s] Level 1:colcon.colcon_core.environment:checking '/home/sora/Desktop/yihe/ws/install/cpp01_topic/lib'
[2.053s] Level 1:colcon.colcon_core.environment:checking '/home/sora/Desktop/yihe/ws/install/cpp01_topic/bin'
[2.054s] Level 1:colcon.colcon_core.environment:checking '/home/sora/Desktop/yihe/ws/install/cpp01_topic/lib/pkgconfig/cpp01_topic.pc'
[2.054s] Level 1:colcon.colcon_core.environment:checking '/home/sora/Desktop/yihe/ws/install/cpp01_topic/lib/python3.10/site-packages'
[2.054s] Level 1:colcon.colcon_core.environment:checking '/home/sora/Desktop/yihe/ws/install/cpp01_topic/bin'
[2.054s] INFO:colcon.colcon_core.shell:Creating package script '/home/sora/Desktop/yihe/ws/install/cpp01_topic/share/cpp01_topic/package.ps1'
[2.054s] INFO:colcon.colcon_core.shell:Creating package descriptor '/home/sora/Desktop/yihe/ws/install/cpp01_topic/share/cpp01_topic/package.dsv'
[2.054s] INFO:colcon.colcon_core.shell:Creating package script '/home/sora/Desktop/yihe/ws/install/cpp01_topic/share/cpp01_topic/package.sh'
[2.054s] INFO:colcon.colcon_core.shell:Creating package script '/home/sora/Desktop/yihe/ws/install/cpp01_topic/share/cpp01_topic/package.bash'
[2.055s] INFO:colcon.colcon_core.shell:Creating package script '/home/sora/Desktop/yihe/ws/install/cpp01_topic/share/cpp01_topic/package.zsh'
[2.055s] Level 1:colcon.colcon_core.environment:create_file_with_runtime_dependencies(/home/sora/Desktop/yihe/ws/install/cpp01_topic/share/colcon-core/packages/cpp01_topic)
[2.071s] Level 1:colcon.colcon_core.environment:create_environment_scripts_only(cpp01_topic)
[2.071s] Level 1:colcon.colcon_core.environment:checking '/home/sora/Desktop/yihe/ws/install/cpp01_topic' for CMake module files
[2.071s] Level 1:colcon.colcon_core.environment:checking '/home/sora/Desktop/yihe/ws/install/cpp01_topic' for CMake config files
[2.072s] Level 1:colcon.colcon_core.shell:create_environment_hook('cpp01_topic', 'cmake_prefix_path')
[2.072s] INFO:colcon.colcon_core.shell:Creating environment hook '/home/sora/Desktop/yihe/ws/install/cpp01_topic/share/cpp01_topic/hook/cmake_prefix_path.ps1'
[2.072s] INFO:colcon.colcon_core.shell:Creating environment descriptor '/home/sora/Desktop/yihe/ws/install/cpp01_topic/share/cpp01_topic/hook/cmake_prefix_path.dsv'
[2.072s] INFO:colcon.colcon_core.shell:Creating environment hook '/home/sora/Desktop/yihe/ws/install/cpp01_topic/share/cpp01_topic/hook/cmake_prefix_path.sh'
[2.072s] Level 1:colcon.colcon_core.environment:checking '/home/sora/Desktop/yihe/ws/install/cpp01_topic/lib'
[2.072s] Level 1:colcon.colcon_core.environment:checking '/home/sora/Desktop/yihe/ws/install/cpp01_topic/bin'
[2.072s] Level 1:colcon.colcon_core.environment:checking '/home/sora/Desktop/yihe/ws/install/cpp01_topic/lib/pkgconfig/cpp01_topic.pc'
[2.072s] Level 1:colcon.colcon_core.environment:checking '/home/sora/Desktop/yihe/ws/install/cpp01_topic/lib/python3.10/site-packages'
[2.073s] Level 1:colcon.colcon_core.environment:checking '/home/sora/Desktop/yihe/ws/install/cpp01_topic/bin'
[2.073s] INFO:colcon.colcon_core.shell:Creating package script '/home/sora/Desktop/yihe/ws/install/cpp01_topic/share/cpp01_topic/package.ps1'
[2.073s] INFO:colcon.colcon_core.shell:Creating package descriptor '/home/sora/Desktop/yihe/ws/install/cpp01_topic/share/cpp01_topic/package.dsv'
[2.073s] INFO:colcon.colcon_core.shell:Creating package script '/home/sora/Desktop/yihe/ws/install/cpp01_topic/share/cpp01_topic/package.sh'
[2.073s] INFO:colcon.colcon_core.shell:Creating package script '/home/sora/Desktop/yihe/ws/install/cpp01_topic/share/cpp01_topic/package.bash'
[2.073s] INFO:colcon.colcon_core.shell:Creating package script '/home/sora/Desktop/yihe/ws/install/cpp01_topic/share/cpp01_topic/package.zsh'
[2.074s] Level 1:colcon.colcon_core.environment:create_file_with_runtime_dependencies(/home/sora/Desktop/yihe/ws/install/cpp01_topic/share/colcon-core/packages/cpp01_topic)
[2.074s] DEBUG:colcon.colcon_parallel_executor.executor.parallel:closing loop
[2.074s] DEBUG:colcon.colcon_parallel_executor.executor.parallel:loop closed
[2.074s] DEBUG:colcon.colcon_parallel_executor.executor.parallel:run_until_complete finished with '0'
[2.074s] DEBUG:colcon.colcon_core.event_reactor:joining thread
[2.078s] INFO:colcon.colcon_core.plugin_system:Skipping extension 'colcon_notification.desktop_notification.terminal_notifier': Not used on non-Darwin systems
[2.078s] INFO:colcon.colcon_core.plugin_system:Skipping extension 'colcon_notification.desktop_notification.win32': Not used on non-Windows systems
[2.078s] INFO:colcon.colcon_notification.desktop_notification:Sending desktop notification using 'notify2'
[2.083s] DEBUG:colcon.colcon_core.event_reactor:joined thread
[2.083s] INFO:colcon.colcon_core.shell:Creating prefix script '/home/sora/Desktop/yihe/ws/install/local_setup.ps1'
[2.084s] INFO:colcon.colcon_core.shell:Creating prefix util module '/home/sora/Desktop/yihe/ws/install/_local_setup_util_ps1.py'
[2.084s] INFO:colcon.colcon_core.shell:Creating prefix chain script '/home/sora/Desktop/yihe/ws/install/setup.ps1'
[2.085s] INFO:colcon.colcon_core.shell:Creating prefix script '/home/sora/Desktop/yihe/ws/install/local_setup.sh'
[2.085s] INFO:colcon.colcon_core.shell:Creating prefix util module '/home/sora/Desktop/yihe/ws/install/_local_setup_util_sh.py'
[2.085s] INFO:colcon.colcon_core.shell:Creating prefix chain script '/home/sora/Desktop/yihe/ws/install/setup.sh'
[2.085s] INFO:colcon.colcon_core.shell:Creating prefix script '/home/sora/Desktop/yihe/ws/install/local_setup.bash'
[2.086s] INFO:colcon.colcon_core.shell:Creating prefix chain script '/home/sora/Desktop/yihe/ws/install/setup.bash'
[2.086s] INFO:colcon.colcon_core.shell:Creating prefix script '/home/sora/Desktop/yihe/ws/install/local_setup.zsh'
[2.086s] INFO:colcon.colcon_core.shell:Creating prefix chain script '/home/sora/Desktop/yihe/ws/install/setup.zsh'
