[0.006s] Invoking command in '/home/sora/Desktop/yihe/ws/src/build/base_interfaces_demo': CMAKE_PREFIX_PATH=/opt/ros/humble /usr/bin/cmake /home/sora/Desktop/yihe/ws/src/base_interfaces_demo -DCMAKE_INSTALL_PREFIX=/home/sora/Desktop/yihe/ws/src/install/base_interfaces_demo
[0.035s] -- The C compiler identification is GNU 11.4.0
[0.065s] -- The CXX compiler identification is GNU 11.4.0
[0.070s] -- Detecting C compiler ABI info
[0.108s] -- Detecting C compiler ABI info - done
[0.112s] -- Check for working C compiler: /usr/bin/cc - skipped
[0.112s] -- Detecting C compile features
[0.113s] -- Detecting C compile features - done
[0.114s] -- Detecting CXX compiler ABI info
[0.157s] -- Detecting CXX compiler ABI info - done
[0.161s] -- Check for working CXX compiler: /usr/bin/c++ - skipped
[0.161s] -- Detecting CXX compile features
[0.161s] -- Detecting CXX compile features - done
[0.163s] -- Found ament_cmake: 1.3.9 (/opt/ros/humble/share/ament_cmake/cmake)
[0.254s] -- Found Python3: /usr/bin/python3 (found version "3.10.12") found components: Interpreter 
[0.311s] -- Found ament_lint_auto: 0.12.11 (/opt/ros/humble/share/ament_lint_auto/cmake)
[0.373s] -- Added test 'lint_cmake' to check CMake code style
[0.374s] -- Added test 'xmllint' to check XML markup files
[0.375s] -- Configuring done
[0.376s] -- Generating done
[0.377s] -- Build files have been written to: /home/sora/Desktop/yihe/ws/src/build/base_interfaces_demo
[0.379s] Invoked command in '/home/sora/Desktop/yihe/ws/src/build/base_interfaces_demo' returned '0': CMAKE_PREFIX_PATH=/opt/ros/humble /usr/bin/cmake /home/sora/Desktop/yihe/ws/src/base_interfaces_demo -DCMAKE_INSTALL_PREFIX=/home/sora/Desktop/yihe/ws/src/install/base_interfaces_demo
[0.380s] Invoking command in '/home/sora/Desktop/yihe/ws/src/build/base_interfaces_demo': CMAKE_PREFIX_PATH=/opt/ros/humble /usr/bin/cmake --build /home/sora/Desktop/yihe/ws/src/build/base_interfaces_demo -- -j20 -l20
[0.401s] Invoked command in '/home/sora/Desktop/yihe/ws/src/build/base_interfaces_demo' returned '0': CMAKE_PREFIX_PATH=/opt/ros/humble /usr/bin/cmake --build /home/sora/Desktop/yihe/ws/src/build/base_interfaces_demo -- -j20 -l20
[0.419s] Invoking command in '/home/sora/Desktop/yihe/ws/src/build/base_interfaces_demo': CMAKE_PREFIX_PATH=/opt/ros/humble /usr/bin/cmake --install /home/sora/Desktop/yihe/ws/src/build/base_interfaces_demo
[0.423s] -- Install configuration: ""
[0.423s] -- Installing: /home/sora/Desktop/yihe/ws/src/install/base_interfaces_demo/share/ament_index/resource_index/package_run_dependencies/base_interfaces_demo
[0.423s] -- Installing: /home/sora/Desktop/yihe/ws/src/install/base_interfaces_demo/share/ament_index/resource_index/parent_prefix_path/base_interfaces_demo
[0.423s] -- Installing: /home/sora/Desktop/yihe/ws/src/install/base_interfaces_demo/share/base_interfaces_demo/environment/ament_prefix_path.sh
[0.423s] -- Installing: /home/sora/Desktop/yihe/ws/src/install/base_interfaces_demo/share/base_interfaces_demo/environment/ament_prefix_path.dsv
[0.423s] -- Installing: /home/sora/Desktop/yihe/ws/src/install/base_interfaces_demo/share/base_interfaces_demo/environment/path.sh
[0.423s] -- Installing: /home/sora/Desktop/yihe/ws/src/install/base_interfaces_demo/share/base_interfaces_demo/environment/path.dsv
[0.423s] -- Installing: /home/sora/Desktop/yihe/ws/src/install/base_interfaces_demo/share/base_interfaces_demo/local_setup.bash
[0.423s] -- Installing: /home/sora/Desktop/yihe/ws/src/install/base_interfaces_demo/share/base_interfaces_demo/local_setup.sh
[0.423s] -- Installing: /home/sora/Desktop/yihe/ws/src/install/base_interfaces_demo/share/base_interfaces_demo/local_setup.zsh
[0.423s] -- Installing: /home/sora/Desktop/yihe/ws/src/install/base_interfaces_demo/share/base_interfaces_demo/local_setup.dsv
[0.424s] -- Installing: /home/sora/Desktop/yihe/ws/src/install/base_interfaces_demo/share/base_interfaces_demo/package.dsv
[0.424s] -- Installing: /home/sora/Desktop/yihe/ws/src/install/base_interfaces_demo/share/ament_index/resource_index/packages/base_interfaces_demo
[0.424s] -- Installing: /home/sora/Desktop/yihe/ws/src/install/base_interfaces_demo/share/base_interfaces_demo/cmake/base_interfaces_demoConfig.cmake
[0.424s] -- Installing: /home/sora/Desktop/yihe/ws/src/install/base_interfaces_demo/share/base_interfaces_demo/cmake/base_interfaces_demoConfig-version.cmake
[0.424s] -- Installing: /home/sora/Desktop/yihe/ws/src/install/base_interfaces_demo/share/base_interfaces_demo/package.xml
[0.425s] Invoked command in '/home/sora/Desktop/yihe/ws/src/build/base_interfaces_demo' returned '0': CMAKE_PREFIX_PATH=/opt/ros/humble /usr/bin/cmake --install /home/sora/Desktop/yihe/ws/src/build/base_interfaces_demo
