[0.004s] Invoking command in '/home/sora/Desktop/yihe/ws/build/cpp01_topic': AMENT_PREFIX_PATH=/home/sora/Desktop/yihe/ws/install/base_interfaces_demo:${AMENT_PREFIX_PATH} CMAKE_PREFIX_PATH=/home/sora/Desktop/yihe/ws/install/base_interfaces_demo:/opt/ros/humble LD_LIBRARY_PATH=/home/sora/Desktop/yihe/ws/install/base_interfaces_demo/lib:${LD_LIBRARY_PATH} PYTHONPATH=/home/sora/Desktop/yihe/ws/install/base_interfaces_demo/local/lib/python3.10/dist-packages:${PYTHONPATH} /usr/bin/cmake --build /home/sora/Desktop/yihe/ws/build/cpp01_topic -- -j20 -l20
[0.026s] [35m[1mConsolidate compiler generated dependencies of target demo03_talker_stu[0m
[0.033s] [ 75%] Built target demo01_talker_str
[0.033s] [ 75%] Built target demo02_listener_str
[0.033s] [ 75%] Built target demo04_listener_stu
[0.037s] [ 87%] [32mBuilding CXX object CMakeFiles/demo03_talker_stu.dir/src/demo03_talker_stu.cpp.o[0m
[2.031s] [100%] [32m[1mLinking CXX executable demo03_talker_stu[0m
[2.128s] [100%] Built target demo03_talker_stu
[2.134s] Invoked command in '/home/sora/Desktop/yihe/ws/build/cpp01_topic' returned '0': AMENT_PREFIX_PATH=/home/sora/Desktop/yihe/ws/install/base_interfaces_demo:${AMENT_PREFIX_PATH} CMAKE_PREFIX_PATH=/home/sora/Desktop/yihe/ws/install/base_interfaces_demo:/opt/ros/humble LD_LIBRARY_PATH=/home/sora/Desktop/yihe/ws/install/base_interfaces_demo/lib:${LD_LIBRARY_PATH} PYTHONPATH=/home/sora/Desktop/yihe/ws/install/base_interfaces_demo/local/lib/python3.10/dist-packages:${PYTHONPATH} /usr/bin/cmake --build /home/sora/Desktop/yihe/ws/build/cpp01_topic -- -j20 -l20
[2.150s] Invoking command in '/home/sora/Desktop/yihe/ws/build/cpp01_topic': AMENT_PREFIX_PATH=/home/sora/Desktop/yihe/ws/install/base_interfaces_demo:${AMENT_PREFIX_PATH} CMAKE_PREFIX_PATH=/home/sora/Desktop/yihe/ws/install/base_interfaces_demo:/opt/ros/humble LD_LIBRARY_PATH=/home/sora/Desktop/yihe/ws/install/base_interfaces_demo/lib:${LD_LIBRARY_PATH} PYTHONPATH=/home/sora/Desktop/yihe/ws/install/base_interfaces_demo/local/lib/python3.10/dist-packages:${PYTHONPATH} /usr/bin/cmake --install /home/sora/Desktop/yihe/ws/build/cpp01_topic
[2.154s] -- Install configuration: ""
[2.154s] -- Execute custom install script
[2.154s] -- Up-to-date symlink: /home/sora/Desktop/yihe/ws/install/cpp01_topic/lib/cpp01_topic/demo01_talker_str
[2.154s] -- Up-to-date symlink: /home/sora/Desktop/yihe/ws/install/cpp01_topic/lib/cpp01_topic/demo02_listener_str
[2.154s] -- Up-to-date symlink: /home/sora/Desktop/yihe/ws/install/cpp01_topic/lib/cpp01_topic/demo03_talker_stu
[2.154s] -- Up-to-date symlink: /home/sora/Desktop/yihe/ws/install/cpp01_topic/lib/cpp01_topic/demo04_listener_stu
[2.155s] -- Up-to-date symlink: /home/sora/Desktop/yihe/ws/install/cpp01_topic/share/cpp01_topic/prefix_chain.bash
[2.155s] -- Up-to-date symlink: /home/sora/Desktop/yihe/ws/install/cpp01_topic/share/ament_index/resource_index/package_run_dependencies/cpp01_topic
[2.155s] -- Up-to-date symlink: /home/sora/Desktop/yihe/ws/install/cpp01_topic/share/ament_index/resource_index/parent_prefix_path/cpp01_topic
[2.155s] -- Up-to-date symlink: /home/sora/Desktop/yihe/ws/install/cpp01_topic/share/cpp01_topic/environment/ament_prefix_path.sh
[2.155s] -- Up-to-date symlink: /home/sora/Desktop/yihe/ws/install/cpp01_topic/share/cpp01_topic/environment/ament_prefix_path.dsv
[2.155s] -- Up-to-date symlink: /home/sora/Desktop/yihe/ws/install/cpp01_topic/share/cpp01_topic/environment/path.sh
[2.155s] -- Up-to-date symlink: /home/sora/Desktop/yihe/ws/install/cpp01_topic/share/cpp01_topic/environment/path.dsv
[2.155s] -- Up-to-date symlink: /home/sora/Desktop/yihe/ws/install/cpp01_topic/share/cpp01_topic/local_setup.bash
[2.155s] -- Up-to-date symlink: /home/sora/Desktop/yihe/ws/install/cpp01_topic/share/cpp01_topic/local_setup.sh
[2.155s] -- Up-to-date symlink: /home/sora/Desktop/yihe/ws/install/cpp01_topic/share/cpp01_topic/local_setup.zsh
[2.155s] -- Up-to-date symlink: /home/sora/Desktop/yihe/ws/install/cpp01_topic/share/cpp01_topic/local_setup.dsv
[2.155s] -- Symlinking: /home/sora/Desktop/yihe/ws/install/cpp01_topic/share/cpp01_topic/package.dsv
[2.160s] -- Up-to-date symlink: /home/sora/Desktop/yihe/ws/install/cpp01_topic/share/ament_index/resource_index/packages/cpp01_topic
[2.160s] -- Up-to-date symlink: /home/sora/Desktop/yihe/ws/install/cpp01_topic/share/cpp01_topic/cmake/cpp01_topicConfig.cmake
[2.160s] -- Up-to-date symlink: /home/sora/Desktop/yihe/ws/install/cpp01_topic/share/cpp01_topic/cmake/cpp01_topicConfig-version.cmake
[2.160s] -- Up-to-date symlink: /home/sora/Desktop/yihe/ws/install/cpp01_topic/share/cpp01_topic/package.xml
[2.161s] Invoked command in '/home/sora/Desktop/yihe/ws/build/cpp01_topic' returned '0': AMENT_PREFIX_PATH=/home/sora/Desktop/yihe/ws/install/base_interfaces_demo:${AMENT_PREFIX_PATH} CMAKE_PREFIX_PATH=/home/sora/Desktop/yihe/ws/install/base_interfaces_demo:/opt/ros/humble LD_LIBRARY_PATH=/home/sora/Desktop/yihe/ws/install/base_interfaces_demo/lib:${LD_LIBRARY_PATH} PYTHONPATH=/home/sora/Desktop/yihe/ws/install/base_interfaces_demo/local/lib/python3.10/dist-packages:${PYTHONPATH} /usr/bin/cmake --install /home/sora/Desktop/yihe/ws/build/cpp01_topic
