[35m[1mConsolidate compiler generated dependencies of target demo02_listener_str[0m
[ 50%] Built target demo01_talker_str
[ 75%] [32mBuilding CXX object CMakeFiles/demo02_listener_str.dir/src/demo02_listener_str.cpp.o[0m
In file included from [01m[K/opt/ros/humble/include/rclcpp/rclcpp/logging.hpp:24[m[K,
                 from [01m[K/opt/ros/humble/include/rclcpp/rclcpp/client.hpp:40[m[K,
                 from [01m[K/opt/ros/humble/include/rclcpp/rclcpp/callback_group.hpp:24[m[K,
                 from [01m[K/opt/ros/humble/include/rclcpp/rclcpp/any_executable.hpp:20[m[K,
                 from [01m[K/opt/ros/humble/include/rclcpp/rclcpp/memory_strategy.hpp:25[m[K,
                 from [01m[K/opt/ros/humble/include/rclcpp/rclcpp/memory_strategies.hpp:18[m[K,
                 from [01m[K/opt/ros/humble/include/rclcpp/rclcpp/executor_options.hpp:20[m[K,
                 from [01m[K/opt/ros/humble/include/rclcpp/rclcpp/executor.hpp:37[m[K,
                 from [01m[K/opt/ros/humble/include/rclcpp/rclcpp/executors/multi_threaded_executor.hpp:25[m[K,
                 from [01m[K/opt/ros/humble/include/rclcpp/rclcpp/executors.hpp:21[m[K,
                 from [01m[K/opt/ros/humble/include/rclcpp/rclcpp/rclcpp.hpp:155[m[K,
                 from [01m[K/home/sora/Desktop/yihe/ws/src/cpp01_topic/src/demo02_listener_str.cpp:1[m[K:
[01m[K/home/sora/Desktop/yihe/ws/src/cpp01_topic/src/demo02_listener_str.cpp:[m[K In member function ‘[01m[Kvoid Listener::do_cd(const String&)[m[K’:
[01m[K/home/sora/Desktop/yihe/ws/src/cpp01_topic/src/demo02_listener_str.cpp:19:59:[m[K [01;31m[Kerror: [m[Kbase operand of ‘[01m[K->[m[K’ has non-pointer type ‘[01m[Kconst String[m[K’ {aka ‘[01m[Kconst std_msgs::msg::String_<std::allocator<void> >[m[K’}
   19 |         RCLCPP_INFO(this->get_logger(),"I heard: '%s'",msg[01;31m[K->[m[Kdata.c_str());
      |                                                           [01;31m[K^~[m[K
[01m[K/home/sora/Desktop/yihe/ws/src/cpp01_topic/src/demo02_listener_str.cpp:[m[K At global scope:
[01m[K/home/sora/Desktop/yihe/ws/src/cpp01_topic/src/demo02_listener_str.cpp:40:23:[m[K [01;31m[Kerror: [m[Kexpected constructor, destructor, or type conversion before ‘[01m[K;[m[K’ token
   40 |     rclcpp::shutdown()[01;31m[K;[m[K
      |                       [01;31m[K^[m[K
[01m[K/home/sora/Desktop/yihe/ws/src/cpp01_topic/src/demo02_listener_str.cpp:42:5:[m[K [01;31m[Kerror: [m[Kexpected unqualified-id before ‘[01m[Kreturn[m[K’
   42 |     [01;31m[Kreturn[m[K 0;
      |     [01;31m[K^~~~~~[m[K
[01m[K/home/sora/Desktop/yihe/ws/src/cpp01_topic/src/demo02_listener_str.cpp:44:1:[m[K [01;31m[Kerror: [m[Kexpected declaration before ‘[01m[K}[m[K’ token
   44 | [01;31m[K}[m[K
      | [01;31m[K^[m[K
gmake[2]: *** [CMakeFiles/demo02_listener_str.dir/build.make:76: CMakeFiles/demo02_listener_str.dir/src/demo02_listener_str.cpp.o] Error 1
gmake[1]: *** [CMakeFiles/Makefile2:165: CMakeFiles/demo02_listener_str.dir/all] Error 2
gmake: *** [Makefile:146: all] Error 2
