[01m[K/home/sora/Desktop/yihe/ws/src/cpp01_topic/src/demo04_listener_stu.cpp:[m[K In function ‘[01m[Kint main(int, const char**)[m[K’:
[01m[K/home/sora/Desktop/yihe/ws/src/cpp01_topic/src/demo04_listener_stu.cpp:15:23:[m[K [01;31m[Kerror: [m[K‘[01m[Kmake_sharedd[m[K’ is not a member of ‘[01m[Kstd[m[K’; did you mean ‘[01m[Kmake_shared[m[K’?
   15 |     rclcpp::spin(std::[01;31m[Kmake_sharedd[m[K<ListenerStu>());
      |                       [01;31m[K^~~~~~~~~~~~[m[K
      |                       [32m[Kmake_shared[m[K
[01m[K/home/sora/Desktop/yihe/ws/src/cpp01_topic/src/demo04_listener_stu.cpp:15:47:[m[K [01;31m[Kerror: [m[Kexpected primary-expression before ‘[01m[K>[m[K’ token
   15 |     rclcpp::spin(std::make_sharedd<ListenerStu[01;31m[K>[m[K());
      |                                               [01;31m[K^[m[K
[01m[K/home/sora/Desktop/yihe/ws/src/cpp01_topic/src/demo04_listener_stu.cpp:15:49:[m[K [01;31m[Kerror: [m[Kexpected primary-expression before ‘[01m[K)[m[K’ token
   15 |     rclcpp::spin(std::make_sharedd<ListenerStu>([01;31m[K)[m[K);
      |                                                 [01;31m[K^[m[K
[01m[K/home/sora/Desktop/yihe/ws/src/cpp01_topic/src/demo03_talker_stu.cpp:[m[K In function ‘[01m[Kint main(int, const char**)[m[K’:
[01m[K/home/sora/Desktop/yihe/ws/src/cpp01_topic/src/demo03_talker_stu.cpp:15:23:[m[K [01;31m[Kerror: [m[K‘[01m[Kmake_sharedd[m[K’ is not a member of ‘[01m[Kstd[m[K’; did you mean ‘[01m[Kmake_shared[m[K’?
   15 |     rclcpp::spin(std::[01;31m[Kmake_sharedd[m[K<TalkerStu>());
      |                       [01;31m[K^~~~~~~~~~~~[m[K
      |                       [32m[Kmake_shared[m[K
[01m[K/home/sora/Desktop/yihe/ws/src/cpp01_topic/src/demo03_talker_stu.cpp:15:45:[m[K [01;31m[Kerror: [m[Kexpected primary-expression before ‘[01m[K>[m[K’ token
   15 |     rclcpp::spin(std::make_sharedd<TalkerStu[01;31m[K>[m[K());
      |                                             [01;31m[K^[m[K
[01m[K/home/sora/Desktop/yihe/ws/src/cpp01_topic/src/demo03_talker_stu.cpp:15:47:[m[K [01;31m[Kerror: [m[Kexpected primary-expression before ‘[01m[K)[m[K’ token
   15 |     rclcpp::spin(std::make_sharedd<TalkerStu>([01;31m[K)[m[K);
      |                                               [01;31m[K^[m[K
gmake[2]: *** [CMakeFiles/demo04_listener_stu.dir/build.make:76: CMakeFiles/demo04_listener_stu.dir/src/demo04_listener_stu.cpp.o] Error 1
gmake[1]: *** [CMakeFiles/Makefile2:221: CMakeFiles/demo04_listener_stu.dir/all] Error 2
gmake[1]: *** Waiting for unfinished jobs....
gmake[2]: *** [CMakeFiles/demo03_talker_stu.dir/build.make:76: CMakeFiles/demo03_talker_stu.dir/src/demo03_talker_stu.cpp.o] Error 1
gmake[1]: *** [CMakeFiles/Makefile2:195: CMakeFiles/demo03_talker_stu.dir/all] Error 2
gmake: *** [Makefile:146: all] Error 2
