[0.005s] Invoking command in '/home/sora/Desktop/yihe/ws/build/cpp01_topic': CMAKE_PREFIX_PATH=/home/sora/Desktop/yihe/ws/install/base_interfaces_demo:/home/sora/Desktop/yihe/ws/install/cpp01_topic:/opt/ros/humble /usr/bin/cmake --build /home/sora/Desktop/yihe/ws/build/cpp01_topic -- -j20 -l20
[0.037s] [ 50%] Built target demo01_talker_str
[0.038s] [100%] Built target demo02_listener_str
[0.044s] Invoked command in '/home/sora/Desktop/yihe/ws/build/cpp01_topic' returned '0': CMAKE_PREFIX_PATH=/home/sora/Desktop/yihe/ws/install/base_interfaces_demo:/home/sora/Desktop/yihe/ws/install/cpp01_topic:/opt/ros/humble /usr/bin/cmake --build /home/sora/Desktop/yihe/ws/build/cpp01_topic -- -j20 -l20
[0.059s] Invoking command in '/home/sora/Desktop/yihe/ws/build/cpp01_topic': CMAKE_PREFIX_PATH=/home/sora/Desktop/yihe/ws/install/base_interfaces_demo:/home/sora/Desktop/yihe/ws/install/cpp01_topic:/opt/ros/humble /usr/bin/cmake --install /home/sora/Desktop/yihe/ws/build/cpp01_topic
[0.064s] -- Install configuration: ""
[0.064s] -- Up-to-date: /home/sora/Desktop/yihe/ws/install/cpp01_topic/lib/cpp01_topic/demo01_talker_str
[0.064s] -- Up-to-date: /home/sora/Desktop/yihe/ws/install/cpp01_topic/lib/cpp01_topic/demo02_listener_str
[0.064s] -- Up-to-date: /home/sora/Desktop/yihe/ws/install/cpp01_topic/share/cpp01_topic/prefix_chain.bash
[0.064s] -- Up-to-date: /home/sora/Desktop/yihe/ws/install/cpp01_topic/share/ament_index/resource_index/package_run_dependencies/cpp01_topic
[0.064s] -- Up-to-date: /home/sora/Desktop/yihe/ws/install/cpp01_topic/share/ament_index/resource_index/parent_prefix_path/cpp01_topic
[0.064s] -- Up-to-date: /home/sora/Desktop/yihe/ws/install/cpp01_topic/share/cpp01_topic/environment/ament_prefix_path.sh
[0.064s] -- Up-to-date: /home/sora/Desktop/yihe/ws/install/cpp01_topic/share/cpp01_topic/environment/ament_prefix_path.dsv
[0.065s] -- Up-to-date: /home/sora/Desktop/yihe/ws/install/cpp01_topic/share/cpp01_topic/environment/path.sh
[0.065s] -- Up-to-date: /home/sora/Desktop/yihe/ws/install/cpp01_topic/share/cpp01_topic/environment/path.dsv
[0.065s] -- Up-to-date: /home/sora/Desktop/yihe/ws/install/cpp01_topic/share/cpp01_topic/local_setup.bash
[0.065s] -- Up-to-date: /home/sora/Desktop/yihe/ws/install/cpp01_topic/share/cpp01_topic/local_setup.sh
[0.065s] -- Up-to-date: /home/sora/Desktop/yihe/ws/install/cpp01_topic/share/cpp01_topic/local_setup.zsh
[0.065s] -- Up-to-date: /home/sora/Desktop/yihe/ws/install/cpp01_topic/share/cpp01_topic/local_setup.dsv
[0.065s] -- Up-to-date: /home/sora/Desktop/yihe/ws/install/cpp01_topic/share/cpp01_topic/package.dsv
[0.065s] -- Up-to-date: /home/sora/Desktop/yihe/ws/install/cpp01_topic/share/ament_index/resource_index/packages/cpp01_topic
[0.065s] -- Up-to-date: /home/sora/Desktop/yihe/ws/install/cpp01_topic/share/cpp01_topic/cmake/cpp01_topicConfig.cmake
[0.065s] -- Up-to-date: /home/sora/Desktop/yihe/ws/install/cpp01_topic/share/cpp01_topic/cmake/cpp01_topicConfig-version.cmake
[0.065s] -- Up-to-date: /home/sora/Desktop/yihe/ws/install/cpp01_topic/share/cpp01_topic/package.xml
[0.067s] Invoked command in '/home/sora/Desktop/yihe/ws/build/cpp01_topic' returned '0': CMAKE_PREFIX_PATH=/home/sora/Desktop/yihe/ws/install/base_interfaces_demo:/home/sora/Desktop/yihe/ws/install/cpp01_topic:/opt/ros/humble /usr/bin/cmake --install /home/sora/Desktop/yihe/ws/build/cpp01_topic
