[0.004s] Invoking command in '/home/sora/Desktop/yihe/ws/build/cpp01_topic': AMENT_PREFIX_PATH=/home/sora/Desktop/yihe/ws/install/base_interfaces_demo:${AMENT_PREFIX_PATH} CMAKE_PREFIX_PATH=/home/sora/Desktop/yihe/ws/install/base_interfaces_demo:/opt/ros/humble /usr/bin/cmake --build /home/sora/Desktop/yihe/ws/build/cpp01_topic -- -j20 -l20
[0.029s] [35m[1mConsolidate compiler generated dependencies of target demo01_talker_str[0m
[0.040s] [ 50%] [32mBuilding CXX object CMakeFiles/demo01_talker_str.dir/src/demo01_talker_str.cpp.o[0m
[2.256s] [100%] [32m[1mLinking CXX executable demo01_talker_str[0m
[2.363s] [100%] Built target demo01_talker_str
[2.370s] Invoked command in '/home/sora/Desktop/yihe/ws/build/cpp01_topic' returned '0': AMENT_PREFIX_PATH=/home/sora/Desktop/yihe/ws/install/base_interfaces_demo:${AMENT_PREFIX_PATH} CMAKE_PREFIX_PATH=/home/sora/Desktop/yihe/ws/install/base_interfaces_demo:/opt/ros/humble /usr/bin/cmake --build /home/sora/Desktop/yihe/ws/build/cpp01_topic -- -j20 -l20
[2.383s] Invoking command in '/home/sora/Desktop/yihe/ws/build/cpp01_topic': AMENT_PREFIX_PATH=/home/sora/Desktop/yihe/ws/install/base_interfaces_demo:${AMENT_PREFIX_PATH} CMAKE_PREFIX_PATH=/home/sora/Desktop/yihe/ws/install/base_interfaces_demo:/opt/ros/humble /usr/bin/cmake --install /home/sora/Desktop/yihe/ws/build/cpp01_topic
[2.387s] -- Install configuration: ""
[2.387s] -- Installing: /home/sora/Desktop/yihe/ws/install/cpp01_topic/lib/cpp01_topic/demo01_talker_str
[2.388s] -- Set runtime path of "/home/sora/Desktop/yihe/ws/install/cpp01_topic/lib/cpp01_topic/demo01_talker_str" to ""
[2.388s] -- Up-to-date: /home/sora/Desktop/yihe/ws/install/cpp01_topic/share/ament_index/resource_index/package_run_dependencies/cpp01_topic
[2.388s] -- Up-to-date: /home/sora/Desktop/yihe/ws/install/cpp01_topic/share/ament_index/resource_index/parent_prefix_path/cpp01_topic
[2.388s] -- Up-to-date: /home/sora/Desktop/yihe/ws/install/cpp01_topic/share/cpp01_topic/environment/ament_prefix_path.sh
[2.388s] -- Up-to-date: /home/sora/Desktop/yihe/ws/install/cpp01_topic/share/cpp01_topic/environment/ament_prefix_path.dsv
[2.388s] -- Up-to-date: /home/sora/Desktop/yihe/ws/install/cpp01_topic/share/cpp01_topic/environment/path.sh
[2.388s] -- Up-to-date: /home/sora/Desktop/yihe/ws/install/cpp01_topic/share/cpp01_topic/environment/path.dsv
[2.388s] -- Up-to-date: /home/sora/Desktop/yihe/ws/install/cpp01_topic/share/cpp01_topic/local_setup.bash
[2.388s] -- Up-to-date: /home/sora/Desktop/yihe/ws/install/cpp01_topic/share/cpp01_topic/local_setup.sh
[2.388s] -- Up-to-date: /home/sora/Desktop/yihe/ws/install/cpp01_topic/share/cpp01_topic/local_setup.zsh
[2.388s] -- Up-to-date: /home/sora/Desktop/yihe/ws/install/cpp01_topic/share/cpp01_topic/local_setup.dsv
[2.388s] -- Installing: /home/sora/Desktop/yihe/ws/install/cpp01_topic/share/cpp01_topic/package.dsv
[2.388s] -- Up-to-date: /home/sora/Desktop/yihe/ws/install/cpp01_topic/share/ament_index/resource_index/packages/cpp01_topic
[2.388s] -- Up-to-date: /home/sora/Desktop/yihe/ws/install/cpp01_topic/share/cpp01_topic/cmake/cpp01_topicConfig.cmake
[2.389s] -- Up-to-date: /home/sora/Desktop/yihe/ws/install/cpp01_topic/share/cpp01_topic/cmake/cpp01_topicConfig-version.cmake
[2.389s] -- Up-to-date: /home/sora/Desktop/yihe/ws/install/cpp01_topic/share/cpp01_topic/package.xml
[2.389s] Invoked command in '/home/sora/Desktop/yihe/ws/build/cpp01_topic' returned '0': AMENT_PREFIX_PATH=/home/sora/Desktop/yihe/ws/install/base_interfaces_demo:${AMENT_PREFIX_PATH} CMAKE_PREFIX_PATH=/home/sora/Desktop/yihe/ws/install/base_interfaces_demo:/opt/ros/humble /usr/bin/cmake --install /home/sora/Desktop/yihe/ws/build/cpp01_topic
