-- The C compiler identification is GNU 11.4.0
-- The CXX compiler identification is GNU 11.4.0
-- Detecting C compiler ABI info
-- Detecting C compiler ABI info - done
-- Check for working C compiler: /usr/bin/cc - skipped
-- Detecting C compile features
-- Detecting C compile features - done
-- Detecting CXX compiler ABI info
-- Detecting CXX compiler ABI info - done
-- Check for working CXX compiler: /usr/bin/c++ - skipped
-- Detecting CXX compile features
-- Detecting CXX compile features - done
-- Found ament_cmake: 1.3.9 (/opt/ros/humble/share/ament_cmake/cmake)
-- Found Python3: /usr/bin/python3 (found version "3.10.12") found components: Interpreter 
-- Override CMake install command with custom implementation using symlinks instead of copying resources
-- Found rosidl_default_generators: 1.2.0 (/opt/ros/humble/share/rosidl_default_generators/cmake)
-- Using all available rosidl_typesupport_c: rosidl_typesupport_fastrtps_c;rosidl_typesupport_introspection_c
-- Found rosidl_adapter: 3.1.5 (/opt/ros/humble/share/rosidl_adapter/cmake)
-- Using all available rosidl_typesupport_cpp: rosidl_typesupport_fastrtps_cpp;rosidl_typesupport_introspection_cpp
-- Found ament_cmake_ros: 0.10.0 (/opt/ros/humble/share/ament_cmake_ros/cmake)
-- Using all available rosidl_typesupport_c: rosidl_typesupport_fastrtps_c;rosidl_typesupport_introspection_c
-- Using all available rosidl_typesupport_cpp: rosidl_typesupport_fastrtps_cpp;rosidl_typesupport_introspection_cpp
-- Found PythonInterp: /usr/bin/python3 (found suitable version "3.10.12", minimum required is "3.6") 
-- Found python_cmake_module: 0.10.0 (/opt/ros/humble/share/python_cmake_module/cmake)
-- Found PythonLibs: /usr/lib/x86_64-linux-gnu/libpython3.10.so (found suitable version "3.10.6", minimum required is "3.5") 
-- Using PYTHON_EXECUTABLE: /usr/bin/python3
-- Using PYTHON_INCLUDE_DIRS: /usr/local/include/python3.10
-- Using PYTHON_LIBRARIES: /usr/lib/x86_64-linux-gnu/libpython3.10.so
-- Found PythonExtra: .so  
-- Using numpy include directory: /home/sora/.local/lib/python3.10/site-packages/numpy/core/include
-- Found ament_lint_auto: 0.12.11 (/opt/ros/humble/share/ament_lint_auto/cmake)
-- Configuring done
-- Generating done
-- Build files have been written to: /home/sora/Desktop/yihe/ws/build/base_interfaces_demo
[  3%] [34m[1mGenerating C code for ROS interfaces[0m
[  6%] [34m[1mGenerating C++ code for ROS interfaces[0m
[  6%] Built target ament_cmake_python_symlink_base_interfaces_demo
[  6%] Built target base_interfaces_demo__cpp
[  9%] [32mBuilding C object CMakeFiles/base_interfaces_demo__rosidl_generator_c.dir/rosidl_generator_c/base_interfaces_demo/msg/detail/student__functions.c.o[0m
[ 19%] [34m[1mGenerating C++ type support dispatch for ROS interfaces[0m
[ 19%] [34m[1mGenerating C++ introspection for ROS interfaces[0m
[ 19%] [34m[1mGenerating C++ type support for eProsima Fast-RTPS[0m
[ 22%] [32m[1mLinking C shared library libbase_interfaces_demo__rosidl_generator_c.so[0m
running egg_info
creating base_interfaces_demo.egg-info
writing base_interfaces_demo.egg-info/PKG-INFO
writing dependency_links to base_interfaces_demo.egg-info/dependency_links.txt
writing top-level names to base_interfaces_demo.egg-info/top_level.txt
writing manifest file 'base_interfaces_demo.egg-info/SOURCES.txt'
reading manifest file 'base_interfaces_demo.egg-info/SOURCES.txt'
writing manifest file 'base_interfaces_demo.egg-info/SOURCES.txt'
[ 22%] Built target base_interfaces_demo__rosidl_generator_c
[ 22%] Built target ament_cmake_python_build_base_interfaces_demo_egg
[ 32%] [34m[1mGenerating C type support dispatch for ROS interfaces[0m
[ 32%] [34m[1mGenerating C type support for eProsima Fast-RTPS[0m
[ 32%] [34m[1mGenerating C introspection for ROS interfaces[0m
[ 35%] [32mBuilding CXX object CMakeFiles/base_interfaces_demo__rosidl_typesupport_cpp.dir/rosidl_typesupport_cpp/base_interfaces_demo/msg/student__type_support.cpp.o[0m
[ 38%] [32mBuilding CXX object CMakeFiles/base_interfaces_demo__rosidl_typesupport_introspection_cpp.dir/rosidl_typesupport_introspection_cpp/base_interfaces_demo/msg/detail/student__type_support.cpp.o[0m
[ 41%] [32mBuilding CXX object CMakeFiles/base_interfaces_demo__rosidl_typesupport_fastrtps_cpp.dir/rosidl_typesupport_fastrtps_cpp/base_interfaces_demo/msg/detail/dds_fastrtps/student__type_support.cpp.o[0m
[ 45%] [32mBuilding CXX object CMakeFiles/base_interfaces_demo__rosidl_typesupport_c.dir/rosidl_typesupport_c/base_interfaces_demo/msg/student__type_support.cpp.o[0m
[ 48%] [32mBuilding CXX object CMakeFiles/base_interfaces_demo__rosidl_typesupport_fastrtps_c.dir/rosidl_typesupport_fastrtps_c/base_interfaces_demo/msg/detail/student__type_support_c.cpp.o[0m
[ 51%] [32mBuilding C object CMakeFiles/base_interfaces_demo__rosidl_typesupport_introspection_c.dir/rosidl_typesupport_introspection_c/base_interfaces_demo/msg/detail/student__type_support.c.o[0m
[ 54%] [32m[1mLinking CXX shared library libbase_interfaces_demo__rosidl_typesupport_c.so[0m
[ 58%] [32m[1mLinking C shared library libbase_interfaces_demo__rosidl_typesupport_introspection_c.so[0m
[ 58%] Built target base_interfaces_demo__rosidl_typesupport_c
[ 58%] Built target base_interfaces_demo__rosidl_typesupport_introspection_c
[ 61%] [32m[1mLinking CXX shared library libbase_interfaces_demo__rosidl_typesupport_cpp.so[0m
[ 61%] Built target base_interfaces_demo__rosidl_typesupport_cpp
[ 64%] [32m[1mLinking CXX shared library libbase_interfaces_demo__rosidl_typesupport_introspection_cpp.so[0m
[ 67%] [32m[1mLinking CXX shared library libbase_interfaces_demo__rosidl_typesupport_fastrtps_cpp.so[0m
[ 70%] [32m[1mLinking CXX shared library libbase_interfaces_demo__rosidl_typesupport_fastrtps_c.so[0m
[ 70%] Built target base_interfaces_demo__rosidl_typesupport_introspection_cpp
[ 70%] Built target base_interfaces_demo__rosidl_typesupport_fastrtps_cpp
[ 70%] Built target base_interfaces_demo__rosidl_typesupport_fastrtps_c
[ 70%] Built target base_interfaces_demo
[ 74%] [34m[1mGenerating Python code for ROS interfaces[0m
[ 74%] Built target base_interfaces_demo__py
[ 77%] [32mBuilding C object CMakeFiles/base_interfaces_demo__rosidl_generator_py.dir/rosidl_generator_py/base_interfaces_demo/msg/_student_s.c.o[0m
[ 80%] [32m[1mLinking C shared library rosidl_generator_py/base_interfaces_demo/libbase_interfaces_demo__rosidl_generator_py.so[0m
[ 80%] Built target base_interfaces_demo__rosidl_generator_py
[ 90%] [32mBuilding C object CMakeFiles/base_interfaces_demo__rosidl_typesupport_c__pyext.dir/rosidl_generator_py/base_interfaces_demo/_base_interfaces_demo_s.ep.rosidl_typesupport_c.c.o[0m
[ 90%] [32mBuilding C object CMakeFiles/base_interfaces_demo__rosidl_typesupport_introspection_c__pyext.dir/rosidl_generator_py/base_interfaces_demo/_base_interfaces_demo_s.ep.rosidl_typesupport_introspection_c.c.o[0m
[ 90%] [32mBuilding C object CMakeFiles/base_interfaces_demo__rosidl_typesupport_fastrtps_c__pyext.dir/rosidl_generator_py/base_interfaces_demo/_base_interfaces_demo_s.ep.rosidl_typesupport_fastrtps_c.c.o[0m
[ 96%] [32m[1mLinking C shared library rosidl_generator_py/base_interfaces_demo/base_interfaces_demo_s__rosidl_typesupport_introspection_c.cpython-310-x86_64-linux-gnu.so[0m
[ 96%] [32m[1mLinking C shared library rosidl_generator_py/base_interfaces_demo/base_interfaces_demo_s__rosidl_typesupport_c.cpython-310-x86_64-linux-gnu.so[0m
[100%] [32m[1mLinking C shared library rosidl_generator_py/base_interfaces_demo/base_interfaces_demo_s__rosidl_typesupport_fastrtps_c.cpython-310-x86_64-linux-gnu.so[0m
[100%] Built target base_interfaces_demo__rosidl_typesupport_introspection_c__pyext
[100%] Built target base_interfaces_demo__rosidl_typesupport_fastrtps_c__pyext
[100%] Built target base_interfaces_demo__rosidl_typesupport_c__pyext
-- Install configuration: ""
-- Execute custom install script
-- Symlinking: /home/sora/Desktop/yihe/ws/install/base_interfaces_demo/share/ament_index/resource_index/rosidl_interfaces/base_interfaces_demo
-- Symlinking: /home/sora/Desktop/yihe/ws/install/base_interfaces_demo/include/base_interfaces_demo/base_interfaces_demo/msg/detail/student__functions.h
-- Symlinking: /home/sora/Desktop/yihe/ws/install/base_interfaces_demo/include/base_interfaces_demo/base_interfaces_demo/msg/detail/student__struct.h
-- Symlinking: /home/sora/Desktop/yihe/ws/install/base_interfaces_demo/include/base_interfaces_demo/base_interfaces_demo/msg/detail/student__type_support.h
-- Symlinking: /home/sora/Desktop/yihe/ws/install/base_interfaces_demo/include/base_interfaces_demo/base_interfaces_demo/msg/rosidl_generator_c__visibility_control.h
-- Symlinking: /home/sora/Desktop/yihe/ws/install/base_interfaces_demo/include/base_interfaces_demo/base_interfaces_demo/msg/student.h
-- Symlinking: /home/sora/Desktop/yihe/ws/install/base_interfaces_demo/share/base_interfaces_demo/environment/library_path.sh
-- Symlinking: /home/sora/Desktop/yihe/ws/install/base_interfaces_demo/share/base_interfaces_demo/environment/library_path.dsv
-- Symlinking: /home/sora/Desktop/yihe/ws/install/base_interfaces_demo/include/base_interfaces_demo/base_interfaces_demo/msg/detail/student__rosidl_typesupport_fastrtps_c.h
-- Symlinking: /home/sora/Desktop/yihe/ws/install/base_interfaces_demo/include/base_interfaces_demo/base_interfaces_demo/msg/rosidl_typesupport_fastrtps_c__visibility_control.h
-- Symlinking: /home/sora/Desktop/yihe/ws/install/base_interfaces_demo/include/base_interfaces_demo/base_interfaces_demo/msg/detail/student__rosidl_typesupport_introspection_c.h
-- Symlinking: /home/sora/Desktop/yihe/ws/install/base_interfaces_demo/include/base_interfaces_demo/base_interfaces_demo/msg/rosidl_typesupport_introspection_c__visibility_control.h
-- Symlinking: /home/sora/Desktop/yihe/ws/install/base_interfaces_demo/include/base_interfaces_demo/base_interfaces_demo/msg/detail/student__builder.hpp
-- Symlinking: /home/sora/Desktop/yihe/ws/install/base_interfaces_demo/include/base_interfaces_demo/base_interfaces_demo/msg/detail/student__struct.hpp
-- Symlinking: /home/sora/Desktop/yihe/ws/install/base_interfaces_demo/include/base_interfaces_demo/base_interfaces_demo/msg/detail/student__traits.hpp
-- Symlinking: /home/sora/Desktop/yihe/ws/install/base_interfaces_demo/include/base_interfaces_demo/base_interfaces_demo/msg/student.hpp
-- Symlinking: /home/sora/Desktop/yihe/ws/install/base_interfaces_demo/include/base_interfaces_demo/base_interfaces_demo/msg/detail/student__rosidl_typesupport_fastrtps_cpp.hpp
-- Symlinking: /home/sora/Desktop/yihe/ws/install/base_interfaces_demo/include/base_interfaces_demo/base_interfaces_demo/msg/rosidl_typesupport_fastrtps_cpp__visibility_control.h
-- Symlinking: /home/sora/Desktop/yihe/ws/install/base_interfaces_demo/include/base_interfaces_demo/base_interfaces_demo/msg/detail/student__rosidl_typesupport_introspection_cpp.hpp
-- Symlinking: /home/sora/Desktop/yihe/ws/install/base_interfaces_demo/share/base_interfaces_demo/environment/pythonpath.sh
-- Symlinking: /home/sora/Desktop/yihe/ws/install/base_interfaces_demo/share/base_interfaces_demo/environment/pythonpath.dsv
-- Symlinking: /home/sora/Desktop/yihe/ws/install/base_interfaces_demo/local/lib/python3.10/dist-packages/base_interfaces_demo-0.0.0-py3.10.egg-info/PKG-INFO
-- Symlinking: /home/sora/Desktop/yihe/ws/install/base_interfaces_demo/local/lib/python3.10/dist-packages/base_interfaces_demo-0.0.0-py3.10.egg-info/SOURCES.txt
-- Symlinking: /home/sora/Desktop/yihe/ws/install/base_interfaces_demo/local/lib/python3.10/dist-packages/base_interfaces_demo-0.0.0-py3.10.egg-info/dependency_links.txt
-- Symlinking: /home/sora/Desktop/yihe/ws/install/base_interfaces_demo/local/lib/python3.10/dist-packages/base_interfaces_demo-0.0.0-py3.10.egg-info/top_level.txt
-- Symlinking: /home/sora/Desktop/yihe/ws/install/base_interfaces_demo/local/lib/python3.10/dist-packages/base_interfaces_demo/__init__.py
-- Symlinking: /home/sora/Desktop/yihe/ws/install/base_interfaces_demo/local/lib/python3.10/dist-packages/base_interfaces_demo/_base_interfaces_demo_s.ep.rosidl_typesupport_c.c
-- Symlinking: /home/sora/Desktop/yihe/ws/install/base_interfaces_demo/local/lib/python3.10/dist-packages/base_interfaces_demo/_base_interfaces_demo_s.ep.rosidl_typesupport_fastrtps_c.c
-- Symlinking: /home/sora/Desktop/yihe/ws/install/base_interfaces_demo/local/lib/python3.10/dist-packages/base_interfaces_demo/_base_interfaces_demo_s.ep.rosidl_typesupport_introspection_c.c
-- Symlinking: /home/sora/Desktop/yihe/ws/install/base_interfaces_demo/local/lib/python3.10/dist-packages/base_interfaces_demo/base_interfaces_demo_s__rosidl_typesupport_c.cpython-310-x86_64-linux-gnu.so
-- Symlinking: /home/sora/Desktop/yihe/ws/install/base_interfaces_demo/local/lib/python3.10/dist-packages/base_interfaces_demo/base_interfaces_demo_s__rosidl_typesupport_fastrtps_c.cpython-310-x86_64-linux-gnu.so
-- Symlinking: /home/sora/Desktop/yihe/ws/install/base_interfaces_demo/local/lib/python3.10/dist-packages/base_interfaces_demo/base_interfaces_demo_s__rosidl_typesupport_introspection_c.cpython-310-x86_64-linux-gnu.so
-- Symlinking: /home/sora/Desktop/yihe/ws/install/base_interfaces_demo/local/lib/python3.10/dist-packages/base_interfaces_demo/libbase_interfaces_demo__rosidl_generator_py.so
-- Symlinking: /home/sora/Desktop/yihe/ws/install/base_interfaces_demo/local/lib/python3.10/dist-packages/base_interfaces_demo/msg/__init__.py
-- Symlinking: /home/sora/Desktop/yihe/ws/install/base_interfaces_demo/local/lib/python3.10/dist-packages/base_interfaces_demo/msg/_student.py
-- Symlinking: /home/sora/Desktop/yihe/ws/install/base_interfaces_demo/local/lib/python3.10/dist-packages/base_interfaces_demo/msg/_student_s.c
-- Up-to-date symlink: /home/sora/Desktop/yihe/ws/install/base_interfaces_demo/local/lib/python3.10/dist-packages/base_interfaces_demo/base_interfaces_demo_s__rosidl_typesupport_fastrtps_c.cpython-310-x86_64-linux-gnu.so
-- Up-to-date symlink: /home/sora/Desktop/yihe/ws/install/base_interfaces_demo/local/lib/python3.10/dist-packages/base_interfaces_demo/base_interfaces_demo_s__rosidl_typesupport_introspection_c.cpython-310-x86_64-linux-gnu.so
-- Up-to-date symlink: /home/sora/Desktop/yihe/ws/install/base_interfaces_demo/local/lib/python3.10/dist-packages/base_interfaces_demo/base_interfaces_demo_s__rosidl_typesupport_c.cpython-310-x86_64-linux-gnu.so
-- Symlinking: /home/sora/Desktop/yihe/ws/install/base_interfaces_demo/share/base_interfaces_demo/msg/Student.idl
-- Symlinking: /home/sora/Desktop/yihe/ws/install/base_interfaces_demo/share/base_interfaces_demo/msg/Student.msg
-- Symlinking: /home/sora/Desktop/yihe/ws/install/base_interfaces_demo/share/ament_index/resource_index/package_run_dependencies/base_interfaces_demo
-- Symlinking: /home/sora/Desktop/yihe/ws/install/base_interfaces_demo/share/ament_index/resource_index/parent_prefix_path/base_interfaces_demo
-- Symlinking: /home/sora/Desktop/yihe/ws/install/base_interfaces_demo/share/base_interfaces_demo/environment/ament_prefix_path.sh
-- Symlinking: /home/sora/Desktop/yihe/ws/install/base_interfaces_demo/share/base_interfaces_demo/environment/ament_prefix_path.dsv
-- Symlinking: /home/sora/Desktop/yihe/ws/install/base_interfaces_demo/share/base_interfaces_demo/environment/path.sh
-- Symlinking: /home/sora/Desktop/yihe/ws/install/base_interfaces_demo/share/base_interfaces_demo/environment/path.dsv
-- Symlinking: /home/sora/Desktop/yihe/ws/install/base_interfaces_demo/share/base_interfaces_demo/local_setup.bash
-- Symlinking: /home/sora/Desktop/yihe/ws/install/base_interfaces_demo/share/base_interfaces_demo/local_setup.sh
-- Symlinking: /home/sora/Desktop/yihe/ws/install/base_interfaces_demo/share/base_interfaces_demo/local_setup.zsh
-- Symlinking: /home/sora/Desktop/yihe/ws/install/base_interfaces_demo/share/base_interfaces_demo/local_setup.dsv
-- Symlinking: /home/sora/Desktop/yihe/ws/install/base_interfaces_demo/share/base_interfaces_demo/package.dsv
-- Symlinking: /home/sora/Desktop/yihe/ws/install/base_interfaces_demo/share/ament_index/resource_index/packages/base_interfaces_demo
-- Symlinking: /home/sora/Desktop/yihe/ws/install/base_interfaces_demo/share/base_interfaces_demo/cmake/rosidl_cmake-extras.cmake
-- Symlinking: /home/sora/Desktop/yihe/ws/install/base_interfaces_demo/share/base_interfaces_demo/cmake/ament_cmake_export_include_directories-extras.cmake
-- Symlinking: /home/sora/Desktop/yihe/ws/install/base_interfaces_demo/share/base_interfaces_demo/cmake/ament_cmake_export_libraries-extras.cmake
-- Symlinking: /home/sora/Desktop/yihe/ws/install/base_interfaces_demo/share/base_interfaces_demo/cmake/ament_cmake_export_targets-extras.cmake
-- Symlinking: /home/sora/Desktop/yihe/ws/install/base_interfaces_demo/share/base_interfaces_demo/cmake/rosidl_cmake_export_typesupport_targets-extras.cmake
-- Symlinking: /home/sora/Desktop/yihe/ws/install/base_interfaces_demo/share/base_interfaces_demo/cmake/ament_cmake_export_dependencies-extras.cmake
-- Symlinking: /home/sora/Desktop/yihe/ws/install/base_interfaces_demo/share/base_interfaces_demo/cmake/rosidl_cmake_export_typesupport_libraries-extras.cmake
-- Symlinking: /home/sora/Desktop/yihe/ws/install/base_interfaces_demo/share/base_interfaces_demo/cmake/base_interfaces_demoConfig.cmake
-- Symlinking: /home/sora/Desktop/yihe/ws/install/base_interfaces_demo/share/base_interfaces_demo/cmake/base_interfaces_demoConfig-version.cmake
-- Symlinking: /home/sora/Desktop/yihe/ws/install/base_interfaces_demo/share/base_interfaces_demo/package.xml
-- Installing: /home/sora/Desktop/yihe/ws/install/base_interfaces_demo/lib/libbase_interfaces_demo__rosidl_generator_c.so
-- Set runtime path of "/home/sora/Desktop/yihe/ws/install/base_interfaces_demo/lib/libbase_interfaces_demo__rosidl_generator_c.so" to ""
-- Installing: /home/sora/Desktop/yihe/ws/install/base_interfaces_demo/lib/libbase_interfaces_demo__rosidl_typesupport_fastrtps_c.so
-- Set runtime path of "/home/sora/Desktop/yihe/ws/install/base_interfaces_demo/lib/libbase_interfaces_demo__rosidl_typesupport_fastrtps_c.so" to ""
-- Installing: /home/sora/Desktop/yihe/ws/install/base_interfaces_demo/lib/libbase_interfaces_demo__rosidl_typesupport_introspection_c.so
-- Set runtime path of "/home/sora/Desktop/yihe/ws/install/base_interfaces_demo/lib/libbase_interfaces_demo__rosidl_typesupport_introspection_c.so" to ""
-- Installing: /home/sora/Desktop/yihe/ws/install/base_interfaces_demo/lib/libbase_interfaces_demo__rosidl_typesupport_c.so
-- Set runtime path of "/home/sora/Desktop/yihe/ws/install/base_interfaces_demo/lib/libbase_interfaces_demo__rosidl_typesupport_c.so" to ""
-- Installing: /home/sora/Desktop/yihe/ws/install/base_interfaces_demo/lib/libbase_interfaces_demo__rosidl_typesupport_fastrtps_cpp.so
-- Set runtime path of "/home/sora/Desktop/yihe/ws/install/base_interfaces_demo/lib/libbase_interfaces_demo__rosidl_typesupport_fastrtps_cpp.so" to ""
-- Installing: /home/sora/Desktop/yihe/ws/install/base_interfaces_demo/lib/libbase_interfaces_demo__rosidl_typesupport_introspection_cpp.so
-- Set runtime path of "/home/sora/Desktop/yihe/ws/install/base_interfaces_demo/lib/libbase_interfaces_demo__rosidl_typesupport_introspection_cpp.so" to ""
-- Installing: /home/sora/Desktop/yihe/ws/install/base_interfaces_demo/lib/libbase_interfaces_demo__rosidl_typesupport_cpp.so
-- Set runtime path of "/home/sora/Desktop/yihe/ws/install/base_interfaces_demo/lib/libbase_interfaces_demo__rosidl_typesupport_cpp.so" to ""
Listing '/home/sora/Desktop/yihe/ws/install/base_interfaces_demo/local/lib/python3.10/dist-packages/base_interfaces_demo'...
Compiling '/home/sora/Desktop/yihe/ws/install/base_interfaces_demo/local/lib/python3.10/dist-packages/base_interfaces_demo/__init__.py'...
Listing '/home/sora/Desktop/yihe/ws/install/base_interfaces_demo/local/lib/python3.10/dist-packages/base_interfaces_demo/msg'...
Compiling '/home/sora/Desktop/yihe/ws/install/base_interfaces_demo/local/lib/python3.10/dist-packages/base_interfaces_demo/msg/__init__.py'...
Compiling '/home/sora/Desktop/yihe/ws/install/base_interfaces_demo/local/lib/python3.10/dist-packages/base_interfaces_demo/msg/_student.py'...
-- Installing: /home/sora/Desktop/yihe/ws/install/base_interfaces_demo/lib/libbase_interfaces_demo__rosidl_generator_py.so
-- Set runtime path of "/home/sora/Desktop/yihe/ws/install/base_interfaces_demo/lib/libbase_interfaces_demo__rosidl_generator_py.so" to ""
-- Installing: /home/sora/Desktop/yihe/ws/install/base_interfaces_demo/share/base_interfaces_demo/cmake/export_base_interfaces_demo__rosidl_generator_cExport.cmake
-- Installing: /home/sora/Desktop/yihe/ws/install/base_interfaces_demo/share/base_interfaces_demo/cmake/export_base_interfaces_demo__rosidl_generator_cExport-noconfig.cmake
-- Installing: /home/sora/Desktop/yihe/ws/install/base_interfaces_demo/share/base_interfaces_demo/cmake/export_base_interfaces_demo__rosidl_typesupport_fastrtps_cExport.cmake
-- Installing: /home/sora/Desktop/yihe/ws/install/base_interfaces_demo/share/base_interfaces_demo/cmake/export_base_interfaces_demo__rosidl_typesupport_fastrtps_cExport-noconfig.cmake
-- Installing: /home/sora/Desktop/yihe/ws/install/base_interfaces_demo/share/base_interfaces_demo/cmake/base_interfaces_demo__rosidl_typesupport_introspection_cExport.cmake
-- Installing: /home/sora/Desktop/yihe/ws/install/base_interfaces_demo/share/base_interfaces_demo/cmake/base_interfaces_demo__rosidl_typesupport_introspection_cExport-noconfig.cmake
-- Installing: /home/sora/Desktop/yihe/ws/install/base_interfaces_demo/share/base_interfaces_demo/cmake/base_interfaces_demo__rosidl_typesupport_cExport.cmake
-- Installing: /home/sora/Desktop/yihe/ws/install/base_interfaces_demo/share/base_interfaces_demo/cmake/base_interfaces_demo__rosidl_typesupport_cExport-noconfig.cmake
-- Installing: /home/sora/Desktop/yihe/ws/install/base_interfaces_demo/share/base_interfaces_demo/cmake/export_base_interfaces_demo__rosidl_generator_cppExport.cmake
-- Installing: /home/sora/Desktop/yihe/ws/install/base_interfaces_demo/share/base_interfaces_demo/cmake/export_base_interfaces_demo__rosidl_typesupport_fastrtps_cppExport.cmake
-- Installing: /home/sora/Desktop/yihe/ws/install/base_interfaces_demo/share/base_interfaces_demo/cmake/export_base_interfaces_demo__rosidl_typesupport_fastrtps_cppExport-noconfig.cmake
-- Installing: /home/sora/Desktop/yihe/ws/install/base_interfaces_demo/share/base_interfaces_demo/cmake/base_interfaces_demo__rosidl_typesupport_introspection_cppExport.cmake
-- Installing: /home/sora/Desktop/yihe/ws/install/base_interfaces_demo/share/base_interfaces_demo/cmake/base_interfaces_demo__rosidl_typesupport_introspection_cppExport-noconfig.cmake
-- Installing: /home/sora/Desktop/yihe/ws/install/base_interfaces_demo/share/base_interfaces_demo/cmake/base_interfaces_demo__rosidl_typesupport_cppExport.cmake
-- Installing: /home/sora/Desktop/yihe/ws/install/base_interfaces_demo/share/base_interfaces_demo/cmake/base_interfaces_demo__rosidl_typesupport_cppExport-noconfig.cmake
-- Installing: /home/sora/Desktop/yihe/ws/install/base_interfaces_demo/share/base_interfaces_demo/cmake/export_base_interfaces_demo__rosidl_generator_pyExport.cmake
-- Installing: /home/sora/Desktop/yihe/ws/install/base_interfaces_demo/share/base_interfaces_demo/cmake/export_base_interfaces_demo__rosidl_generator_pyExport-noconfig.cmake
