[0.066s] DEBUG:colcon:Command line arguments: ['/usr/bin/colcon', 'build', '--symlink-install', '--cmake-args', '-DPYTHON_EXECUTABLE=/usr/bin/python3', '-DPYTHON_LIBRARY=/usr/lib/x86_64-linux-gnu/libpython3.10.so']
[0.066s] DEBUG:colcon:Parsed command line arguments: Namespace(log_base=None, log_level=None, verb_name='build', build_base='build', install_base='install', merge_install=False, symlink_install=True, test_result_base=None, continue_on_error=False, executor='parallel', parallel_workers=20, event_handlers=None, ignore_user_meta=False, metas=['./colcon.meta'], base_paths=['.'], packages_ignore=None, packages_ignore_regex=None, paths=None, packages_up_to=None, packages_up_to_regex=None, packages_above=None, packages_above_and_dependencies=None, packages_above_depth=None, packages_select_by_dep=None, packages_skip_by_dep=None, packages_skip_up_to=None, packages_select_build_failed=False, packages_skip_build_finished=False, packages_select_test_failures=False, packages_skip_test_passed=False, packages_select=None, packages_skip=None, packages_select_regex=None, packages_skip_regex=None, packages_start=None, packages_end=None, allow_overriding=[], cmake_args=['-DPYTHON_EXECUTABLE=/usr/bin/python3', '-DPYTHON_LIBRARY=/usr/lib/x86_64-linux-gnu/libpython3.10.so'], cmake_target=None, cmake_target_skip_unavailable=False, cmake_clean_cache=False, cmake_clean_first=False, cmake_force_configure=False, ament_cmake_args=None, catkin_cmake_args=None, catkin_skip_building_tests=False, mixin_files=None, mixin=None, verb_parser=<colcon_mixin.mixin.mixin_argument.MixinArgumentDecorator object at 0x7e03e05202e0>, verb_extension=<colcon_core.verb.build.BuildVerb object at 0x7e03e0653fa0>, main=<bound method BuildVerb.main of <colcon_core.verb.build.BuildVerb object at 0x7e03e0653fa0>>, mixin_verb=('build',))
[0.187s] Level 1:colcon.colcon_core.package_discovery:discover_packages(colcon_meta) check parameters
[0.187s] Level 1:colcon.colcon_core.package_discovery:discover_packages(recursive) check parameters
[0.187s] Level 1:colcon.colcon_core.package_discovery:discover_packages(ignore) check parameters
[0.187s] Level 1:colcon.colcon_core.package_discovery:discover_packages(path) check parameters
[0.187s] Level 1:colcon.colcon_core.package_discovery:discover_packages(colcon_meta) discover
[0.187s] Level 1:colcon.colcon_core.package_discovery:discover_packages(recursive) discover
[0.187s] INFO:colcon.colcon_core.package_discovery:Crawling recursively for packages in '/home/sora/Desktop/yihe/ws'
[0.187s] Level 1:colcon.colcon_core.package_identification:_identify(.) by extensions ['ignore', 'ignore_ament_install']
[0.187s] Level 1:colcon.colcon_core.package_identification:_identify(.) by extension 'ignore'
[0.187s] Level 1:colcon.colcon_core.package_identification:_identify(.) by extension 'ignore_ament_install'
[0.187s] Level 1:colcon.colcon_core.package_identification:_identify(.) by extensions ['colcon_pkg']
[0.187s] Level 1:colcon.colcon_core.package_identification:_identify(.) by extension 'colcon_pkg'
[0.187s] Level 1:colcon.colcon_core.package_identification:_identify(.) by extensions ['colcon_meta']
[0.187s] Level 1:colcon.colcon_core.package_identification:_identify(.) by extension 'colcon_meta'
[0.187s] Level 1:colcon.colcon_core.package_identification:_identify(.) by extensions ['ros']
[0.187s] Level 1:colcon.colcon_core.package_identification:_identify(.) by extension 'ros'
[0.203s] Level 1:colcon.colcon_core.package_identification:_identify(.) by extensions ['cmake', 'python']
[0.203s] Level 1:colcon.colcon_core.package_identification:_identify(.) by extension 'cmake'
[0.203s] Level 1:colcon.colcon_core.package_identification:_identify(.) by extension 'python'
[0.203s] Level 1:colcon.colcon_core.package_identification:_identify(.) by extensions ['python_setup_py']
[0.203s] Level 1:colcon.colcon_core.package_identification:_identify(.) by extension 'python_setup_py'
[0.203s] Level 1:colcon.colcon_core.package_identification:_identify(build) by extensions ['ignore', 'ignore_ament_install']
[0.203s] Level 1:colcon.colcon_core.package_identification:_identify(build) by extension 'ignore'
[0.203s] Level 1:colcon.colcon_core.package_identification:_identify(build) ignored
[0.203s] Level 1:colcon.colcon_core.package_identification:_identify(install) by extensions ['ignore', 'ignore_ament_install']
[0.203s] Level 1:colcon.colcon_core.package_identification:_identify(install) by extension 'ignore'
[0.203s] Level 1:colcon.colcon_core.package_identification:_identify(install) ignored
[0.203s] Level 1:colcon.colcon_core.package_identification:_identify(log) by extensions ['ignore', 'ignore_ament_install']
[0.204s] Level 1:colcon.colcon_core.package_identification:_identify(log) by extension 'ignore'
[0.204s] Level 1:colcon.colcon_core.package_identification:_identify(log) ignored
[0.204s] Level 1:colcon.colcon_core.package_identification:_identify(src) by extensions ['ignore', 'ignore_ament_install']
[0.204s] Level 1:colcon.colcon_core.package_identification:_identify(src) by extension 'ignore'
[0.204s] Level 1:colcon.colcon_core.package_identification:_identify(src) by extension 'ignore_ament_install'
[0.204s] Level 1:colcon.colcon_core.package_identification:_identify(src) by extensions ['colcon_pkg']
[0.204s] Level 1:colcon.colcon_core.package_identification:_identify(src) by extension 'colcon_pkg'
[0.204s] Level 1:colcon.colcon_core.package_identification:_identify(src) by extensions ['colcon_meta']
[0.204s] Level 1:colcon.colcon_core.package_identification:_identify(src) by extension 'colcon_meta'
[0.204s] Level 1:colcon.colcon_core.package_identification:_identify(src) by extensions ['ros']
[0.204s] Level 1:colcon.colcon_core.package_identification:_identify(src) by extension 'ros'
[0.204s] Level 1:colcon.colcon_core.package_identification:_identify(src) by extensions ['cmake', 'python']
[0.204s] Level 1:colcon.colcon_core.package_identification:_identify(src) by extension 'cmake'
[0.204s] Level 1:colcon.colcon_core.package_identification:_identify(src) by extension 'python'
[0.204s] Level 1:colcon.colcon_core.package_identification:_identify(src) by extensions ['python_setup_py']
[0.204s] Level 1:colcon.colcon_core.package_identification:_identify(src) by extension 'python_setup_py'
[0.204s] Level 1:colcon.colcon_core.package_identification:_identify(src/base_interfaces_demo) by extensions ['ignore', 'ignore_ament_install']
[0.204s] Level 1:colcon.colcon_core.package_identification:_identify(src/base_interfaces_demo) by extension 'ignore'
[0.204s] Level 1:colcon.colcon_core.package_identification:_identify(src/base_interfaces_demo) by extension 'ignore_ament_install'
[0.204s] Level 1:colcon.colcon_core.package_identification:_identify(src/base_interfaces_demo) by extensions ['colcon_pkg']
[0.204s] Level 1:colcon.colcon_core.package_identification:_identify(src/base_interfaces_demo) by extension 'colcon_pkg'
[0.204s] Level 1:colcon.colcon_core.package_identification:_identify(src/base_interfaces_demo) by extensions ['colcon_meta']
[0.204s] Level 1:colcon.colcon_core.package_identification:_identify(src/base_interfaces_demo) by extension 'colcon_meta'
[0.204s] Level 1:colcon.colcon_core.package_identification:_identify(src/base_interfaces_demo) by extensions ['ros']
[0.204s] Level 1:colcon.colcon_core.package_identification:_identify(src/base_interfaces_demo) by extension 'ros'
[0.206s] DEBUG:colcon.colcon_core.package_identification:Package 'src/base_interfaces_demo' with type 'ros.ament_cmake' and name 'base_interfaces_demo'
[0.206s] Level 1:colcon.colcon_core.package_identification:_identify(src/build) by extensions ['ignore', 'ignore_ament_install']
[0.206s] Level 1:colcon.colcon_core.package_identification:_identify(src/build) by extension 'ignore'
[0.206s] Level 1:colcon.colcon_core.package_identification:_identify(src/build) ignored
[0.206s] Level 1:colcon.colcon_core.package_identification:_identify(src/cpp01_topic) by extensions ['ignore', 'ignore_ament_install']
[0.206s] Level 1:colcon.colcon_core.package_identification:_identify(src/cpp01_topic) by extension 'ignore'
[0.206s] Level 1:colcon.colcon_core.package_identification:_identify(src/cpp01_topic) by extension 'ignore_ament_install'
[0.206s] Level 1:colcon.colcon_core.package_identification:_identify(src/cpp01_topic) by extensions ['colcon_pkg']
[0.206s] Level 1:colcon.colcon_core.package_identification:_identify(src/cpp01_topic) by extension 'colcon_pkg'
[0.206s] Level 1:colcon.colcon_core.package_identification:_identify(src/cpp01_topic) by extensions ['colcon_meta']
[0.206s] Level 1:colcon.colcon_core.package_identification:_identify(src/cpp01_topic) by extension 'colcon_meta'
[0.206s] Level 1:colcon.colcon_core.package_identification:_identify(src/cpp01_topic) by extensions ['ros']
[0.206s] Level 1:colcon.colcon_core.package_identification:_identify(src/cpp01_topic) by extension 'ros'
[0.207s] DEBUG:colcon.colcon_core.package_identification:Package 'src/cpp01_topic' with type 'ros.ament_cmake' and name 'cpp01_topic'
[0.207s] Level 1:colcon.colcon_core.package_identification:_identify(src/install) by extensions ['ignore', 'ignore_ament_install']
[0.207s] Level 1:colcon.colcon_core.package_identification:_identify(src/install) by extension 'ignore'
[0.207s] Level 1:colcon.colcon_core.package_identification:_identify(src/install) ignored
[0.207s] Level 1:colcon.colcon_core.package_identification:_identify(src/log) by extensions ['ignore', 'ignore_ament_install']
[0.207s] Level 1:colcon.colcon_core.package_identification:_identify(src/log) by extension 'ignore'
[0.207s] Level 1:colcon.colcon_core.package_identification:_identify(src/log) ignored
[0.207s] Level 1:colcon.colcon_core.package_discovery:discover_packages(recursive) using defaults
[0.207s] Level 1:colcon.colcon_core.package_discovery:discover_packages(ignore) discover
[0.207s] Level 1:colcon.colcon_core.package_discovery:discover_packages(ignore) using defaults
[0.207s] Level 1:colcon.colcon_core.package_discovery:discover_packages(path) discover
[0.207s] Level 1:colcon.colcon_core.package_discovery:discover_packages(path) using defaults
[0.217s] Level 1:colcon.colcon_core.package_discovery:discover_packages(prefix_path) check parameters
[0.217s] Level 1:colcon.colcon_core.package_discovery:discover_packages(prefix_path) discover
[0.219s] DEBUG:colcon.colcon_installed_package_information.package_discovery:Found 352 installed packages in /opt/ros/humble
[0.220s] Level 1:colcon.colcon_core.package_discovery:discover_packages(prefix_path) using defaults
[0.240s] Level 5:colcon.colcon_core.verb:set package 'base_interfaces_demo' build argument 'cmake_args' from command line to '['-DPYTHON_EXECUTABLE=/usr/bin/python3', '-DPYTHON_LIBRARY=/usr/lib/x86_64-linux-gnu/libpython3.10.so']'
[0.240s] Level 5:colcon.colcon_core.verb:set package 'base_interfaces_demo' build argument 'cmake_target' from command line to 'None'
[0.240s] Level 5:colcon.colcon_core.verb:set package 'base_interfaces_demo' build argument 'cmake_target_skip_unavailable' from command line to 'False'
[0.240s] Level 5:colcon.colcon_core.verb:set package 'base_interfaces_demo' build argument 'cmake_clean_cache' from command line to 'False'
[0.240s] Level 5:colcon.colcon_core.verb:set package 'base_interfaces_demo' build argument 'cmake_clean_first' from command line to 'False'
[0.240s] Level 5:colcon.colcon_core.verb:set package 'base_interfaces_demo' build argument 'cmake_force_configure' from command line to 'False'
[0.240s] Level 5:colcon.colcon_core.verb:set package 'base_interfaces_demo' build argument 'ament_cmake_args' from command line to 'None'
[0.240s] Level 5:colcon.colcon_core.verb:set package 'base_interfaces_demo' build argument 'catkin_cmake_args' from command line to 'None'
[0.240s] Level 5:colcon.colcon_core.verb:set package 'base_interfaces_demo' build argument 'catkin_skip_building_tests' from command line to 'False'
[0.240s] DEBUG:colcon.colcon_core.verb:Building package 'base_interfaces_demo' with the following arguments: {'ament_cmake_args': None, 'build_base': '/home/sora/Desktop/yihe/ws/build/base_interfaces_demo', 'catkin_cmake_args': None, 'catkin_skip_building_tests': False, 'cmake_args': ['-DPYTHON_EXECUTABLE=/usr/bin/python3', '-DPYTHON_LIBRARY=/usr/lib/x86_64-linux-gnu/libpython3.10.so'], 'cmake_clean_cache': False, 'cmake_clean_first': False, 'cmake_force_configure': False, 'cmake_target': None, 'cmake_target_skip_unavailable': False, 'install_base': '/home/sora/Desktop/yihe/ws/install/base_interfaces_demo', 'merge_install': False, 'path': '/home/sora/Desktop/yihe/ws/src/base_interfaces_demo', 'symlink_install': True, 'test_result_base': None}
[0.240s] Level 5:colcon.colcon_core.verb:set package 'cpp01_topic' build argument 'cmake_args' from command line to '['-DPYTHON_EXECUTABLE=/usr/bin/python3', '-DPYTHON_LIBRARY=/usr/lib/x86_64-linux-gnu/libpython3.10.so']'
[0.240s] Level 5:colcon.colcon_core.verb:set package 'cpp01_topic' build argument 'cmake_target' from command line to 'None'
[0.240s] Level 5:colcon.colcon_core.verb:set package 'cpp01_topic' build argument 'cmake_target_skip_unavailable' from command line to 'False'
[0.240s] Level 5:colcon.colcon_core.verb:set package 'cpp01_topic' build argument 'cmake_clean_cache' from command line to 'False'
[0.240s] Level 5:colcon.colcon_core.verb:set package 'cpp01_topic' build argument 'cmake_clean_first' from command line to 'False'
[0.240s] Level 5:colcon.colcon_core.verb:set package 'cpp01_topic' build argument 'cmake_force_configure' from command line to 'False'
[0.240s] Level 5:colcon.colcon_core.verb:set package 'cpp01_topic' build argument 'ament_cmake_args' from command line to 'None'
[0.240s] Level 5:colcon.colcon_core.verb:set package 'cpp01_topic' build argument 'catkin_cmake_args' from command line to 'None'
[0.240s] Level 5:colcon.colcon_core.verb:set package 'cpp01_topic' build argument 'catkin_skip_building_tests' from command line to 'False'
[0.240s] DEBUG:colcon.colcon_core.verb:Building package 'cpp01_topic' with the following arguments: {'ament_cmake_args': None, 'build_base': '/home/sora/Desktop/yihe/ws/build/cpp01_topic', 'catkin_cmake_args': None, 'catkin_skip_building_tests': False, 'cmake_args': ['-DPYTHON_EXECUTABLE=/usr/bin/python3', '-DPYTHON_LIBRARY=/usr/lib/x86_64-linux-gnu/libpython3.10.so'], 'cmake_clean_cache': False, 'cmake_clean_first': False, 'cmake_force_configure': False, 'cmake_target': None, 'cmake_target_skip_unavailable': False, 'install_base': '/home/sora/Desktop/yihe/ws/install/cpp01_topic', 'merge_install': False, 'path': '/home/sora/Desktop/yihe/ws/src/cpp01_topic', 'symlink_install': True, 'test_result_base': None}
[0.240s] INFO:colcon.colcon_core.executor:Executing jobs using 'parallel' executor
[0.241s] DEBUG:colcon.colcon_parallel_executor.executor.parallel:run_until_complete
[0.241s] INFO:colcon.colcon_ros.task.ament_cmake.build:Building ROS package in '/home/sora/Desktop/yihe/ws/src/base_interfaces_demo' with build type 'ament_cmake'
[0.241s] INFO:colcon.colcon_cmake.task.cmake.build:Building CMake package in '/home/sora/Desktop/yihe/ws/src/base_interfaces_demo'
[0.243s] INFO:colcon.colcon_core.plugin_system:Skipping extension 'colcon_core.shell.bat': Not used on non-Windows systems
[0.243s] INFO:colcon.colcon_core.shell:Skip shell extension 'powershell' for command environment: Not usable outside of PowerShell
[0.243s] DEBUG:colcon.colcon_core.shell:Skip shell extension 'dsv' for command environment
[0.247s] DEBUG:colcon.colcon_core.event_handler.log_command:Invoking command in '/home/sora/Desktop/yihe/ws/build/base_interfaces_demo': CMAKE_PREFIX_PATH=/opt/ros/humble /usr/bin/cmake /home/sora/Desktop/yihe/ws/src/base_interfaces_demo -DPYTHON_EXECUTABLE=/usr/bin/python3 -DPYTHON_LIBRARY=/usr/lib/x86_64-linux-gnu/libpython3.10.so -DAMENT_CMAKE_SYMLINK_INSTALL=1 -DCMAKE_INSTALL_PREFIX=/home/sora/Desktop/yihe/ws/install/base_interfaces_demo
[1.156s] DEBUG:colcon.colcon_core.event_handler.log_command:Invoked command in '/home/sora/Desktop/yihe/ws/build/base_interfaces_demo' returned '0': CMAKE_PREFIX_PATH=/opt/ros/humble /usr/bin/cmake /home/sora/Desktop/yihe/ws/src/base_interfaces_demo -DPYTHON_EXECUTABLE=/usr/bin/python3 -DPYTHON_LIBRARY=/usr/lib/x86_64-linux-gnu/libpython3.10.so -DAMENT_CMAKE_SYMLINK_INSTALL=1 -DCMAKE_INSTALL_PREFIX=/home/sora/Desktop/yihe/ws/install/base_interfaces_demo
[1.157s] DEBUG:colcon.colcon_core.event_handler.log_command:Invoking command in '/home/sora/Desktop/yihe/ws/build/base_interfaces_demo': CMAKE_PREFIX_PATH=/opt/ros/humble /usr/bin/cmake --build /home/sora/Desktop/yihe/ws/build/base_interfaces_demo -- -j20 -l20
[2.040s] DEBUG:colcon.colcon_core.event_handler.log_command:Invoked command in '/home/sora/Desktop/yihe/ws/build/base_interfaces_demo' returned '0': CMAKE_PREFIX_PATH=/opt/ros/humble /usr/bin/cmake --build /home/sora/Desktop/yihe/ws/build/base_interfaces_demo -- -j20 -l20
[2.074s] DEBUG:colcon.colcon_core.event_handler.log_command:Invoking command in '/home/sora/Desktop/yihe/ws/build/base_interfaces_demo': CMAKE_PREFIX_PATH=/opt/ros/humble /usr/bin/cmake --install /home/sora/Desktop/yihe/ws/build/base_interfaces_demo
[2.389s] Level 1:colcon.colcon_core.environment:create_environment_scripts_only(base_interfaces_demo)
[2.389s] DEBUG:colcon.colcon_core.event_handler.log_command:Invoked command in '/home/sora/Desktop/yihe/ws/build/base_interfaces_demo' returned '0': CMAKE_PREFIX_PATH=/opt/ros/humble /usr/bin/cmake --install /home/sora/Desktop/yihe/ws/build/base_interfaces_demo
[2.391s] Level 1:colcon.colcon_core.environment:checking '/home/sora/Desktop/yihe/ws/install/base_interfaces_demo' for CMake module files
[2.391s] Level 1:colcon.colcon_core.environment:checking '/home/sora/Desktop/yihe/ws/install/base_interfaces_demo' for CMake config files
[2.391s] Level 1:colcon.colcon_core.shell:create_environment_hook('base_interfaces_demo', 'cmake_prefix_path')
[2.391s] INFO:colcon.colcon_core.shell:Creating environment hook '/home/sora/Desktop/yihe/ws/install/base_interfaces_demo/share/base_interfaces_demo/hook/cmake_prefix_path.ps1'
[2.392s] INFO:colcon.colcon_core.shell:Creating environment descriptor '/home/sora/Desktop/yihe/ws/install/base_interfaces_demo/share/base_interfaces_demo/hook/cmake_prefix_path.dsv'
[2.392s] INFO:colcon.colcon_core.shell:Creating environment hook '/home/sora/Desktop/yihe/ws/install/base_interfaces_demo/share/base_interfaces_demo/hook/cmake_prefix_path.sh'
[2.392s] Level 1:colcon.colcon_core.environment:checking '/home/sora/Desktop/yihe/ws/install/base_interfaces_demo/lib'
[2.392s] Level 1:colcon.colcon_core.shell:create_environment_hook('base_interfaces_demo', 'ld_library_path_lib')
[2.392s] INFO:colcon.colcon_core.shell:Creating environment hook '/home/sora/Desktop/yihe/ws/install/base_interfaces_demo/share/base_interfaces_demo/hook/ld_library_path_lib.ps1'
[2.393s] INFO:colcon.colcon_core.shell:Creating environment descriptor '/home/sora/Desktop/yihe/ws/install/base_interfaces_demo/share/base_interfaces_demo/hook/ld_library_path_lib.dsv'
[2.393s] INFO:colcon.colcon_core.shell:Creating environment hook '/home/sora/Desktop/yihe/ws/install/base_interfaces_demo/share/base_interfaces_demo/hook/ld_library_path_lib.sh'
[2.393s] Level 1:colcon.colcon_core.environment:checking '/home/sora/Desktop/yihe/ws/install/base_interfaces_demo/bin'
[2.393s] Level 1:colcon.colcon_core.environment:checking '/home/sora/Desktop/yihe/ws/install/base_interfaces_demo/lib/pkgconfig/base_interfaces_demo.pc'
[2.393s] Level 1:colcon.colcon_core.environment:checking '/home/sora/Desktop/yihe/ws/install/base_interfaces_demo/lib/python3.10/site-packages'
[2.393s] Level 1:colcon.colcon_core.environment:checking '/home/sora/Desktop/yihe/ws/install/base_interfaces_demo/bin'
[2.393s] INFO:colcon.colcon_core.shell:Creating package script '/home/sora/Desktop/yihe/ws/install/base_interfaces_demo/share/base_interfaces_demo/package.ps1'
[2.394s] INFO:colcon.colcon_core.shell:Creating package descriptor '/home/sora/Desktop/yihe/ws/install/base_interfaces_demo/share/base_interfaces_demo/package.dsv'
[2.394s] INFO:colcon.colcon_core.shell:Creating package script '/home/sora/Desktop/yihe/ws/install/base_interfaces_demo/share/base_interfaces_demo/package.sh'
[2.394s] INFO:colcon.colcon_core.shell:Creating package script '/home/sora/Desktop/yihe/ws/install/base_interfaces_demo/share/base_interfaces_demo/package.bash'
[2.394s] INFO:colcon.colcon_core.shell:Creating package script '/home/sora/Desktop/yihe/ws/install/base_interfaces_demo/share/base_interfaces_demo/package.zsh'
[2.395s] Level 1:colcon.colcon_core.environment:create_file_with_runtime_dependencies(/home/sora/Desktop/yihe/ws/install/base_interfaces_demo/share/colcon-core/packages/base_interfaces_demo)
[2.423s] Level 1:colcon.colcon_core.environment:create_environment_scripts_only(base_interfaces_demo)
[2.423s] Level 1:colcon.colcon_core.environment:checking '/home/sora/Desktop/yihe/ws/install/base_interfaces_demo' for CMake module files
[2.423s] Level 1:colcon.colcon_core.environment:checking '/home/sora/Desktop/yihe/ws/install/base_interfaces_demo' for CMake config files
[2.424s] Level 1:colcon.colcon_core.shell:create_environment_hook('base_interfaces_demo', 'cmake_prefix_path')
[2.424s] INFO:colcon.colcon_core.shell:Creating environment hook '/home/sora/Desktop/yihe/ws/install/base_interfaces_demo/share/base_interfaces_demo/hook/cmake_prefix_path.ps1'
[2.424s] INFO:colcon.colcon_core.shell:Creating environment descriptor '/home/sora/Desktop/yihe/ws/install/base_interfaces_demo/share/base_interfaces_demo/hook/cmake_prefix_path.dsv'
[2.424s] INFO:colcon.colcon_core.shell:Creating environment hook '/home/sora/Desktop/yihe/ws/install/base_interfaces_demo/share/base_interfaces_demo/hook/cmake_prefix_path.sh'
[2.424s] Level 1:colcon.colcon_core.environment:checking '/home/sora/Desktop/yihe/ws/install/base_interfaces_demo/lib'
[2.424s] Level 1:colcon.colcon_core.shell:create_environment_hook('base_interfaces_demo', 'ld_library_path_lib')
[2.425s] INFO:colcon.colcon_core.shell:Creating environment hook '/home/sora/Desktop/yihe/ws/install/base_interfaces_demo/share/base_interfaces_demo/hook/ld_library_path_lib.ps1'
[2.425s] INFO:colcon.colcon_core.shell:Creating environment descriptor '/home/sora/Desktop/yihe/ws/install/base_interfaces_demo/share/base_interfaces_demo/hook/ld_library_path_lib.dsv'
[2.425s] INFO:colcon.colcon_core.shell:Creating environment hook '/home/sora/Desktop/yihe/ws/install/base_interfaces_demo/share/base_interfaces_demo/hook/ld_library_path_lib.sh'
[2.425s] Level 1:colcon.colcon_core.environment:checking '/home/sora/Desktop/yihe/ws/install/base_interfaces_demo/bin'
[2.425s] Level 1:colcon.colcon_core.environment:checking '/home/sora/Desktop/yihe/ws/install/base_interfaces_demo/lib/pkgconfig/base_interfaces_demo.pc'
[2.425s] Level 1:colcon.colcon_core.environment:checking '/home/sora/Desktop/yihe/ws/install/base_interfaces_demo/lib/python3.10/site-packages'
[2.425s] Level 1:colcon.colcon_core.environment:checking '/home/sora/Desktop/yihe/ws/install/base_interfaces_demo/bin'
[2.426s] INFO:colcon.colcon_core.shell:Creating package script '/home/sora/Desktop/yihe/ws/install/base_interfaces_demo/share/base_interfaces_demo/package.ps1'
[2.426s] INFO:colcon.colcon_core.shell:Creating package descriptor '/home/sora/Desktop/yihe/ws/install/base_interfaces_demo/share/base_interfaces_demo/package.dsv'
[2.426s] INFO:colcon.colcon_core.shell:Creating package script '/home/sora/Desktop/yihe/ws/install/base_interfaces_demo/share/base_interfaces_demo/package.sh'
[2.426s] INFO:colcon.colcon_core.shell:Creating package script '/home/sora/Desktop/yihe/ws/install/base_interfaces_demo/share/base_interfaces_demo/package.bash'
[2.427s] INFO:colcon.colcon_core.shell:Creating package script '/home/sora/Desktop/yihe/ws/install/base_interfaces_demo/share/base_interfaces_demo/package.zsh'
[2.427s] Level 1:colcon.colcon_core.environment:create_file_with_runtime_dependencies(/home/sora/Desktop/yihe/ws/install/base_interfaces_demo/share/colcon-core/packages/base_interfaces_demo)
[2.427s] INFO:colcon.colcon_ros.task.ament_cmake.build:Building ROS package in '/home/sora/Desktop/yihe/ws/src/cpp01_topic' with build type 'ament_cmake'
[2.427s] INFO:colcon.colcon_cmake.task.cmake.build:Building CMake package in '/home/sora/Desktop/yihe/ws/src/cpp01_topic'
[2.427s] INFO:colcon.colcon_core.shell:Skip shell extension 'powershell' for command environment: Not usable outside of PowerShell
[2.427s] DEBUG:colcon.colcon_core.shell:Skip shell extension 'dsv' for command environment
[2.432s] DEBUG:colcon.colcon_core.event_handler.log_command:Invoking command in '/home/sora/Desktop/yihe/ws/build/cpp01_topic': AMENT_PREFIX_PATH=/home/sora/Desktop/yihe/ws/install/base_interfaces_demo:${AMENT_PREFIX_PATH} CMAKE_PREFIX_PATH=/home/sora/Desktop/yihe/ws/install/base_interfaces_demo:/opt/ros/humble LD_LIBRARY_PATH=/home/sora/Desktop/yihe/ws/install/base_interfaces_demo/lib:${LD_LIBRARY_PATH} PYTHONPATH=/home/sora/Desktop/yihe/ws/install/base_interfaces_demo/local/lib/python3.10/dist-packages:${PYTHONPATH} /usr/bin/cmake /home/sora/Desktop/yihe/ws/src/cpp01_topic -DPYTHON_EXECUTABLE=/usr/bin/python3 -DPYTHON_LIBRARY=/usr/lib/x86_64-linux-gnu/libpython3.10.so -DAMENT_CMAKE_SYMLINK_INSTALL=1 -DCMAKE_INSTALL_PREFIX=/home/sora/Desktop/yihe/ws/install/cpp01_topic
[3.174s] DEBUG:colcon.colcon_core.event_handler.log_command:Invoked command in '/home/sora/Desktop/yihe/ws/build/cpp01_topic' returned '0': AMENT_PREFIX_PATH=/home/sora/Desktop/yihe/ws/install/base_interfaces_demo:${AMENT_PREFIX_PATH} CMAKE_PREFIX_PATH=/home/sora/Desktop/yihe/ws/install/base_interfaces_demo:/opt/ros/humble LD_LIBRARY_PATH=/home/sora/Desktop/yihe/ws/install/base_interfaces_demo/lib:${LD_LIBRARY_PATH} PYTHONPATH=/home/sora/Desktop/yihe/ws/install/base_interfaces_demo/local/lib/python3.10/dist-packages:${PYTHONPATH} /usr/bin/cmake /home/sora/Desktop/yihe/ws/src/cpp01_topic -DPYTHON_EXECUTABLE=/usr/bin/python3 -DPYTHON_LIBRARY=/usr/lib/x86_64-linux-gnu/libpython3.10.so -DAMENT_CMAKE_SYMLINK_INSTALL=1 -DCMAKE_INSTALL_PREFIX=/home/sora/Desktop/yihe/ws/install/cpp01_topic
[3.174s] DEBUG:colcon.colcon_core.event_handler.log_command:Invoking command in '/home/sora/Desktop/yihe/ws/build/cpp01_topic': AMENT_PREFIX_PATH=/home/sora/Desktop/yihe/ws/install/base_interfaces_demo:${AMENT_PREFIX_PATH} CMAKE_PREFIX_PATH=/home/sora/Desktop/yihe/ws/install/base_interfaces_demo:/opt/ros/humble LD_LIBRARY_PATH=/home/sora/Desktop/yihe/ws/install/base_interfaces_demo/lib:${LD_LIBRARY_PATH} PYTHONPATH=/home/sora/Desktop/yihe/ws/install/base_interfaces_demo/local/lib/python3.10/dist-packages:${PYTHONPATH} /usr/bin/cmake --build /home/sora/Desktop/yihe/ws/build/cpp01_topic -- -j20 -l20
[7.640s] DEBUG:colcon.colcon_core.event_handler.log_command:Invoked command in '/home/sora/Desktop/yihe/ws/build/cpp01_topic' returned '0': AMENT_PREFIX_PATH=/home/sora/Desktop/yihe/ws/install/base_interfaces_demo:${AMENT_PREFIX_PATH} CMAKE_PREFIX_PATH=/home/sora/Desktop/yihe/ws/install/base_interfaces_demo:/opt/ros/humble LD_LIBRARY_PATH=/home/sora/Desktop/yihe/ws/install/base_interfaces_demo/lib:${LD_LIBRARY_PATH} PYTHONPATH=/home/sora/Desktop/yihe/ws/install/base_interfaces_demo/local/lib/python3.10/dist-packages:${PYTHONPATH} /usr/bin/cmake --build /home/sora/Desktop/yihe/ws/build/cpp01_topic -- -j20 -l20
[7.654s] DEBUG:colcon.colcon_core.event_handler.log_command:Invoking command in '/home/sora/Desktop/yihe/ws/build/cpp01_topic': AMENT_PREFIX_PATH=/home/sora/Desktop/yihe/ws/install/base_interfaces_demo:${AMENT_PREFIX_PATH} CMAKE_PREFIX_PATH=/home/sora/Desktop/yihe/ws/install/base_interfaces_demo:/opt/ros/humble LD_LIBRARY_PATH=/home/sora/Desktop/yihe/ws/install/base_interfaces_demo/lib:${LD_LIBRARY_PATH} PYTHONPATH=/home/sora/Desktop/yihe/ws/install/base_interfaces_demo/local/lib/python3.10/dist-packages:${PYTHONPATH} /usr/bin/cmake --install /home/sora/Desktop/yihe/ws/build/cpp01_topic
[7.745s] Level 1:colcon.colcon_core.environment:create_environment_scripts_only(cpp01_topic)
[7.745s] Level 1:colcon.colcon_core.environment:checking '/home/sora/Desktop/yihe/ws/install/cpp01_topic' for CMake module files
[7.746s] DEBUG:colcon.colcon_core.event_handler.log_command:Invoked command in '/home/sora/Desktop/yihe/ws/build/cpp01_topic' returned '0': AMENT_PREFIX_PATH=/home/sora/Desktop/yihe/ws/install/base_interfaces_demo:${AMENT_PREFIX_PATH} CMAKE_PREFIX_PATH=/home/sora/Desktop/yihe/ws/install/base_interfaces_demo:/opt/ros/humble LD_LIBRARY_PATH=/home/sora/Desktop/yihe/ws/install/base_interfaces_demo/lib:${LD_LIBRARY_PATH} PYTHONPATH=/home/sora/Desktop/yihe/ws/install/base_interfaces_demo/local/lib/python3.10/dist-packages:${PYTHONPATH} /usr/bin/cmake --install /home/sora/Desktop/yihe/ws/build/cpp01_topic
[7.746s] Level 1:colcon.colcon_core.environment:checking '/home/sora/Desktop/yihe/ws/install/cpp01_topic' for CMake config files
[7.746s] Level 1:colcon.colcon_core.shell:create_environment_hook('cpp01_topic', 'cmake_prefix_path')
[7.746s] INFO:colcon.colcon_core.shell:Creating environment hook '/home/sora/Desktop/yihe/ws/install/cpp01_topic/share/cpp01_topic/hook/cmake_prefix_path.ps1'
[7.746s] INFO:colcon.colcon_core.shell:Creating environment descriptor '/home/sora/Desktop/yihe/ws/install/cpp01_topic/share/cpp01_topic/hook/cmake_prefix_path.dsv'
[7.746s] INFO:colcon.colcon_core.shell:Creating environment hook '/home/sora/Desktop/yihe/ws/install/cpp01_topic/share/cpp01_topic/hook/cmake_prefix_path.sh'
[7.747s] Level 1:colcon.colcon_core.environment:checking '/home/sora/Desktop/yihe/ws/install/cpp01_topic/lib'
[7.747s] Level 1:colcon.colcon_core.environment:checking '/home/sora/Desktop/yihe/ws/install/cpp01_topic/bin'
[7.747s] Level 1:colcon.colcon_core.environment:checking '/home/sora/Desktop/yihe/ws/install/cpp01_topic/lib/pkgconfig/cpp01_topic.pc'
[7.747s] Level 1:colcon.colcon_core.environment:checking '/home/sora/Desktop/yihe/ws/install/cpp01_topic/lib/python3.10/site-packages'
[7.747s] Level 1:colcon.colcon_core.environment:checking '/home/sora/Desktop/yihe/ws/install/cpp01_topic/bin'
[7.747s] INFO:colcon.colcon_core.shell:Creating package script '/home/sora/Desktop/yihe/ws/install/cpp01_topic/share/cpp01_topic/package.ps1'
[7.747s] INFO:colcon.colcon_core.shell:Creating package descriptor '/home/sora/Desktop/yihe/ws/install/cpp01_topic/share/cpp01_topic/package.dsv'
[7.748s] INFO:colcon.colcon_core.shell:Creating package script '/home/sora/Desktop/yihe/ws/install/cpp01_topic/share/cpp01_topic/package.sh'
[7.748s] INFO:colcon.colcon_core.shell:Creating package script '/home/sora/Desktop/yihe/ws/install/cpp01_topic/share/cpp01_topic/package.bash'
[7.748s] INFO:colcon.colcon_core.shell:Creating package script '/home/sora/Desktop/yihe/ws/install/cpp01_topic/share/cpp01_topic/package.zsh'
[7.748s] Level 1:colcon.colcon_core.environment:create_file_with_runtime_dependencies(/home/sora/Desktop/yihe/ws/install/cpp01_topic/share/colcon-core/packages/cpp01_topic)
[7.763s] Level 1:colcon.colcon_core.environment:create_environment_scripts_only(cpp01_topic)
[7.763s] Level 1:colcon.colcon_core.environment:checking '/home/sora/Desktop/yihe/ws/install/cpp01_topic' for CMake module files
[7.763s] Level 1:colcon.colcon_core.environment:checking '/home/sora/Desktop/yihe/ws/install/cpp01_topic' for CMake config files
[7.764s] Level 1:colcon.colcon_core.shell:create_environment_hook('cpp01_topic', 'cmake_prefix_path')
[7.764s] INFO:colcon.colcon_core.shell:Creating environment hook '/home/sora/Desktop/yihe/ws/install/cpp01_topic/share/cpp01_topic/hook/cmake_prefix_path.ps1'
[7.764s] INFO:colcon.colcon_core.shell:Creating environment descriptor '/home/sora/Desktop/yihe/ws/install/cpp01_topic/share/cpp01_topic/hook/cmake_prefix_path.dsv'
[7.764s] INFO:colcon.colcon_core.shell:Creating environment hook '/home/sora/Desktop/yihe/ws/install/cpp01_topic/share/cpp01_topic/hook/cmake_prefix_path.sh'
[7.765s] Level 1:colcon.colcon_core.environment:checking '/home/sora/Desktop/yihe/ws/install/cpp01_topic/lib'
[7.765s] Level 1:colcon.colcon_core.environment:checking '/home/sora/Desktop/yihe/ws/install/cpp01_topic/bin'
[7.765s] Level 1:colcon.colcon_core.environment:checking '/home/sora/Desktop/yihe/ws/install/cpp01_topic/lib/pkgconfig/cpp01_topic.pc'
[7.765s] Level 1:colcon.colcon_core.environment:checking '/home/sora/Desktop/yihe/ws/install/cpp01_topic/lib/python3.10/site-packages'
[7.765s] Level 1:colcon.colcon_core.environment:checking '/home/sora/Desktop/yihe/ws/install/cpp01_topic/bin'
[7.766s] INFO:colcon.colcon_core.shell:Creating package script '/home/sora/Desktop/yihe/ws/install/cpp01_topic/share/cpp01_topic/package.ps1'
[7.766s] INFO:colcon.colcon_core.shell:Creating package descriptor '/home/sora/Desktop/yihe/ws/install/cpp01_topic/share/cpp01_topic/package.dsv'
[7.766s] INFO:colcon.colcon_core.shell:Creating package script '/home/sora/Desktop/yihe/ws/install/cpp01_topic/share/cpp01_topic/package.sh'
[7.767s] INFO:colcon.colcon_core.shell:Creating package script '/home/sora/Desktop/yihe/ws/install/cpp01_topic/share/cpp01_topic/package.bash'
[7.767s] INFO:colcon.colcon_core.shell:Creating package script '/home/sora/Desktop/yihe/ws/install/cpp01_topic/share/cpp01_topic/package.zsh'
[7.767s] Level 1:colcon.colcon_core.environment:create_file_with_runtime_dependencies(/home/sora/Desktop/yihe/ws/install/cpp01_topic/share/colcon-core/packages/cpp01_topic)
[7.767s] DEBUG:colcon.colcon_parallel_executor.executor.parallel:closing loop
[7.767s] DEBUG:colcon.colcon_parallel_executor.executor.parallel:loop closed
[7.768s] DEBUG:colcon.colcon_parallel_executor.executor.parallel:run_until_complete finished with '0'
[7.768s] DEBUG:colcon.colcon_core.event_reactor:joining thread
[7.771s] INFO:colcon.colcon_core.plugin_system:Skipping extension 'colcon_notification.desktop_notification.terminal_notifier': Not used on non-Darwin systems
[7.771s] INFO:colcon.colcon_core.plugin_system:Skipping extension 'colcon_notification.desktop_notification.win32': Not used on non-Windows systems
[7.771s] INFO:colcon.colcon_notification.desktop_notification:Sending desktop notification using 'notify2'
[7.777s] DEBUG:colcon.colcon_core.event_reactor:joined thread
[7.777s] INFO:colcon.colcon_core.shell:Creating prefix script '/home/sora/Desktop/yihe/ws/install/local_setup.ps1'
[7.777s] INFO:colcon.colcon_core.shell:Creating prefix util module '/home/sora/Desktop/yihe/ws/install/_local_setup_util_ps1.py'
[7.779s] INFO:colcon.colcon_core.shell:Creating prefix chain script '/home/sora/Desktop/yihe/ws/install/setup.ps1'
[7.779s] INFO:colcon.colcon_core.shell:Creating prefix script '/home/sora/Desktop/yihe/ws/install/local_setup.sh'
[7.779s] INFO:colcon.colcon_core.shell:Creating prefix util module '/home/sora/Desktop/yihe/ws/install/_local_setup_util_sh.py'
[7.780s] INFO:colcon.colcon_core.shell:Creating prefix chain script '/home/sora/Desktop/yihe/ws/install/setup.sh'
[7.780s] INFO:colcon.colcon_core.shell:Creating prefix script '/home/sora/Desktop/yihe/ws/install/local_setup.bash'
[7.780s] INFO:colcon.colcon_core.shell:Creating prefix chain script '/home/sora/Desktop/yihe/ws/install/setup.bash'
[7.781s] INFO:colcon.colcon_core.shell:Creating prefix script '/home/sora/Desktop/yihe/ws/install/local_setup.zsh'
[7.781s] INFO:colcon.colcon_core.shell:Creating prefix chain script '/home/sora/Desktop/yihe/ws/install/setup.zsh'
