[0.007s] Invoking command in '/home/sora/Desktop/yihe/ws/build/base_interfaces_demo': CMAKE_PREFIX_PATH=/opt/ros/humble /usr/bin/cmake --build /home/sora/Desktop/yihe/ws/build/base_interfaces_demo -- -j20 -l20
[0.028s] Invoked command in '/home/sora/Desktop/yihe/ws/build/base_interfaces_demo' returned '0': CMAKE_PREFIX_PATH=/opt/ros/humble /usr/bin/cmake --build /home/sora/Desktop/yihe/ws/build/base_interfaces_demo -- -j20 -l20
[0.044s] Invoking command in '/home/sora/Desktop/yihe/ws/build/base_interfaces_demo': CMAKE_PREFIX_PATH=/opt/ros/humble /usr/bin/cmake --install /home/sora/Desktop/yihe/ws/build/base_interfaces_demo
[0.047s] -- Install configuration: ""
[0.048s] -- Up-to-date: /home/sora/Desktop/yihe/ws/install/base_interfaces_demo/share/ament_index/resource_index/package_run_dependencies/base_interfaces_demo
[0.048s] -- Up-to-date: /home/sora/Desktop/yihe/ws/install/base_interfaces_demo/share/ament_index/resource_index/parent_prefix_path/base_interfaces_demo
[0.048s] -- Up-to-date: /home/sora/Desktop/yihe/ws/install/base_interfaces_demo/share/base_interfaces_demo/environment/ament_prefix_path.sh
[0.048s] -- Up-to-date: /home/sora/Desktop/yihe/ws/install/base_interfaces_demo/share/base_interfaces_demo/environment/ament_prefix_path.dsv
[0.048s] -- Up-to-date: /home/sora/Desktop/yihe/ws/install/base_interfaces_demo/share/base_interfaces_demo/environment/path.sh
[0.048s] -- Up-to-date: /home/sora/Desktop/yihe/ws/install/base_interfaces_demo/share/base_interfaces_demo/environment/path.dsv
[0.048s] -- Up-to-date: /home/sora/Desktop/yihe/ws/install/base_interfaces_demo/share/base_interfaces_demo/local_setup.bash
[0.048s] -- Up-to-date: /home/sora/Desktop/yihe/ws/install/base_interfaces_demo/share/base_interfaces_demo/local_setup.sh
[0.048s] -- Up-to-date: /home/sora/Desktop/yihe/ws/install/base_interfaces_demo/share/base_interfaces_demo/local_setup.zsh
[0.048s] -- Up-to-date: /home/sora/Desktop/yihe/ws/install/base_interfaces_demo/share/base_interfaces_demo/local_setup.dsv
[0.048s] -- Installing: /home/sora/Desktop/yihe/ws/install/base_interfaces_demo/share/base_interfaces_demo/package.dsv
[0.048s] -- Up-to-date: /home/sora/Desktop/yihe/ws/install/base_interfaces_demo/share/ament_index/resource_index/packages/base_interfaces_demo
[0.048s] -- Up-to-date: /home/sora/Desktop/yihe/ws/install/base_interfaces_demo/share/base_interfaces_demo/cmake/base_interfaces_demoConfig.cmake
[0.048s] -- Up-to-date: /home/sora/Desktop/yihe/ws/install/base_interfaces_demo/share/base_interfaces_demo/cmake/base_interfaces_demoConfig-version.cmake
[0.048s] -- Up-to-date: /home/sora/Desktop/yihe/ws/install/base_interfaces_demo/share/base_interfaces_demo/package.xml
[0.049s] Invoked command in '/home/sora/Desktop/yihe/ws/build/base_interfaces_demo' returned '0': CMAKE_PREFIX_PATH=/opt/ros/humble /usr/bin/cmake --install /home/sora/Desktop/yihe/ws/build/base_interfaces_demo
