[0.005s] Invoking command in '/home/sora/Desktop/yihe/ws/build/base_interfaces_demo': CMAKE_PREFIX_PATH=/opt/ros/humble /usr/bin/cmake /home/sora/Desktop/yihe/ws/src/base_interfaces_demo -DCMAKE_INSTALL_PREFIX=/home/sora/Desktop/yihe/ws/install/base_interfaces_demo
[0.012s] -- Found ament_cmake: 1.3.9 (/opt/ros/humble/share/ament_cmake/cmake)
[0.076s] -- Override CMake install command with custom implementation using symlinks instead of copying resources
[0.079s] -- Found rosidl_default_generators: 1.2.0 (/opt/ros/humble/share/rosidl_default_generators/cmake)
[0.080s] -- Using all available rosidl_typesupport_c: rosidl_typesupport_fastrtps_c;rosidl_typesupport_introspection_c
[0.081s] -- Found rosidl_adapter: 3.1.5 (/opt/ros/humble/share/rosidl_adapter/cmake)
[0.098s] -- Using all available rosidl_typesupport_cpp: rosidl_typesupport_fastrtps_cpp;rosidl_typesupport_introspection_cpp
[0.252s] -- Found ament_cmake_ros: 0.10.0 (/opt/ros/humble/share/ament_cmake_ros/cmake)
[0.351s] -- Using all available rosidl_typesupport_c: rosidl_typesupport_fastrtps_c;rosidl_typesupport_introspection_c
[0.482s] -- Using all available rosidl_typesupport_cpp: rosidl_typesupport_fastrtps_cpp;rosidl_typesupport_introspection_cpp
[0.494s] -- Found python_cmake_module: 0.10.0 (/opt/ros/humble/share/python_cmake_module/cmake)
[0.507s] -- Using PYTHON_EXECUTABLE: /usr/bin/python3
[0.507s] -- Using PYTHON_INCLUDE_DIRS: /usr/local/include/python3.10
[0.507s] -- Using PYTHON_LIBRARIES: /usr/lib/x86_64-linux-gnu/libpython3.10.so
[0.574s] -- Using numpy include directory: /home/sora/.local/lib/python3.10/site-packages/numpy/core/include
[0.577s] -- Found ament_lint_auto: 0.12.11 (/opt/ros/humble/share/ament_lint_auto/cmake)
[0.581s] -- Configuring done
[0.594s] -- Generating done
[0.596s] -- Build files have been written to: /home/sora/Desktop/yihe/ws/build/base_interfaces_demo
[0.601s] Invoked command in '/home/sora/Desktop/yihe/ws/build/base_interfaces_demo' returned '0': CMAKE_PREFIX_PATH=/opt/ros/humble /usr/bin/cmake /home/sora/Desktop/yihe/ws/src/base_interfaces_demo -DCMAKE_INSTALL_PREFIX=/home/sora/Desktop/yihe/ws/install/base_interfaces_demo
[0.601s] Invoking command in '/home/sora/Desktop/yihe/ws/build/base_interfaces_demo': CMAKE_PREFIX_PATH=/opt/ros/humble /usr/bin/cmake --build /home/sora/Desktop/yihe/ws/build/base_interfaces_demo -- -j20 -l20
[0.621s] [35m[1mConsolidate compiler generated dependencies of target base_interfaces_demo__rosidl_generator_c[0m
[0.626s] [  3%] Built target base_interfaces_demo__cpp
[0.627s] [ 12%] Built target base_interfaces_demo__rosidl_generator_c
[0.630s] [ 12%] Built target ament_cmake_python_symlink_base_interfaces_demo
[0.631s] [35m[1mConsolidate compiler generated dependencies of target base_interfaces_demo__rosidl_typesupport_cpp[0m
[0.631s] [35m[1mConsolidate compiler generated dependencies of target base_interfaces_demo__rosidl_typesupport_fastrtps_cpp[0m
[0.631s] [35m[1mConsolidate compiler generated dependencies of target base_interfaces_demo__rosidl_typesupport_introspection_cpp[0m
[0.632s] [35m[1mConsolidate compiler generated dependencies of target base_interfaces_demo__rosidl_typesupport_fastrtps_c[0m
[0.632s] [35m[1mConsolidate compiler generated dependencies of target base_interfaces_demo__rosidl_typesupport_introspection_c[0m
[0.632s] [35m[1mConsolidate compiler generated dependencies of target base_interfaces_demo__rosidl_typesupport_c[0m
[0.638s] [ 29%] Built target base_interfaces_demo__rosidl_typesupport_c
[0.638s] [ 32%] Built target base_interfaces_demo__rosidl_typesupport_introspection_c
[0.640s] [ 51%] Built target base_interfaces_demo__rosidl_typesupport_introspection_cpp
[0.640s] [ 51%] Built target base_interfaces_demo__rosidl_typesupport_cpp
[0.640s] [ 61%] Built target base_interfaces_demo__rosidl_typesupport_fastrtps_cpp
[0.642s] [ 70%] Built target base_interfaces_demo__rosidl_typesupport_fastrtps_c
[0.652s] [ 70%] Built target base_interfaces_demo
[0.663s] [ 74%] Built target base_interfaces_demo__py
[0.668s] [35m[1mConsolidate compiler generated dependencies of target base_interfaces_demo__rosidl_generator_py[0m
[0.677s] [ 80%] Built target base_interfaces_demo__rosidl_generator_py
[0.682s] [35m[1mConsolidate compiler generated dependencies of target base_interfaces_demo__rosidl_typesupport_introspection_c__pyext[0m
[0.682s] [35m[1mConsolidate compiler generated dependencies of target base_interfaces_demo__rosidl_typesupport_fastrtps_c__pyext[0m
[0.682s] [35m[1mConsolidate compiler generated dependencies of target base_interfaces_demo__rosidl_typesupport_c__pyext[0m
[0.691s] [100%] Built target base_interfaces_demo__rosidl_typesupport_fastrtps_c__pyext
[0.691s] [100%] Built target base_interfaces_demo__rosidl_typesupport_introspection_c__pyext
[0.691s] [100%] Built target base_interfaces_demo__rosidl_typesupport_c__pyext
[0.780s] running egg_info
[0.781s] writing base_interfaces_demo.egg-info/PKG-INFO
[0.781s] writing dependency_links to base_interfaces_demo.egg-info/dependency_links.txt
[0.781s] writing top-level names to base_interfaces_demo.egg-info/top_level.txt
[0.782s] reading manifest file 'base_interfaces_demo.egg-info/SOURCES.txt'
[0.783s] writing manifest file 'base_interfaces_demo.egg-info/SOURCES.txt'
[0.798s] [100%] Built target ament_cmake_python_build_base_interfaces_demo_egg
[0.805s] Invoked command in '/home/sora/Desktop/yihe/ws/build/base_interfaces_demo' returned '0': CMAKE_PREFIX_PATH=/opt/ros/humble /usr/bin/cmake --build /home/sora/Desktop/yihe/ws/build/base_interfaces_demo -- -j20 -l20
[0.836s] Invoking command in '/home/sora/Desktop/yihe/ws/build/base_interfaces_demo': CMAKE_PREFIX_PATH=/opt/ros/humble /usr/bin/cmake --install /home/sora/Desktop/yihe/ws/build/base_interfaces_demo
[0.839s] -- Install configuration: ""
[0.840s] -- Execute custom install script
[0.840s] -- Up-to-date symlink: /home/sora/Desktop/yihe/ws/install/base_interfaces_demo/share/ament_index/resource_index/rosidl_interfaces/base_interfaces_demo
[0.840s] -- Up-to-date symlink: /home/sora/Desktop/yihe/ws/install/base_interfaces_demo/include/base_interfaces_demo/base_interfaces_demo/msg/detail/student__functions.h
[0.840s] -- Up-to-date symlink: /home/sora/Desktop/yihe/ws/install/base_interfaces_demo/include/base_interfaces_demo/base_interfaces_demo/msg/detail/student__struct.h
[0.840s] -- Up-to-date symlink: /home/sora/Desktop/yihe/ws/install/base_interfaces_demo/include/base_interfaces_demo/base_interfaces_demo/msg/detail/student__type_support.h
[0.840s] -- Up-to-date symlink: /home/sora/Desktop/yihe/ws/install/base_interfaces_demo/include/base_interfaces_demo/base_interfaces_demo/msg/rosidl_generator_c__visibility_control.h
[0.840s] -- Up-to-date symlink: /home/sora/Desktop/yihe/ws/install/base_interfaces_demo/include/base_interfaces_demo/base_interfaces_demo/msg/student.h
[0.840s] -- Up-to-date symlink: /home/sora/Desktop/yihe/ws/install/base_interfaces_demo/share/base_interfaces_demo/environment/library_path.sh
[0.840s] -- Up-to-date symlink: /home/sora/Desktop/yihe/ws/install/base_interfaces_demo/share/base_interfaces_demo/environment/library_path.dsv
[0.841s] -- Up-to-date symlink: /home/sora/Desktop/yihe/ws/install/base_interfaces_demo/include/base_interfaces_demo/base_interfaces_demo/msg/detail/student__rosidl_typesupport_fastrtps_c.h
[0.841s] -- Up-to-date symlink: /home/sora/Desktop/yihe/ws/install/base_interfaces_demo/include/base_interfaces_demo/base_interfaces_demo/msg/rosidl_typesupport_fastrtps_c__visibility_control.h
[0.841s] -- Up-to-date symlink: /home/sora/Desktop/yihe/ws/install/base_interfaces_demo/include/base_interfaces_demo/base_interfaces_demo/msg/detail/student__rosidl_typesupport_introspection_c.h
[0.841s] -- Up-to-date symlink: /home/sora/Desktop/yihe/ws/install/base_interfaces_demo/include/base_interfaces_demo/base_interfaces_demo/msg/rosidl_typesupport_introspection_c__visibility_control.h
[0.841s] -- Up-to-date symlink: /home/sora/Desktop/yihe/ws/install/base_interfaces_demo/include/base_interfaces_demo/base_interfaces_demo/msg/detail/student__builder.hpp
[0.841s] -- Up-to-date symlink: /home/sora/Desktop/yihe/ws/install/base_interfaces_demo/include/base_interfaces_demo/base_interfaces_demo/msg/detail/student__struct.hpp
[0.841s] -- Up-to-date symlink: /home/sora/Desktop/yihe/ws/install/base_interfaces_demo/include/base_interfaces_demo/base_interfaces_demo/msg/detail/student__traits.hpp
[0.841s] -- Up-to-date symlink: /home/sora/Desktop/yihe/ws/install/base_interfaces_demo/include/base_interfaces_demo/base_interfaces_demo/msg/student.hpp
[0.841s] -- Up-to-date symlink: /home/sora/Desktop/yihe/ws/install/base_interfaces_demo/include/base_interfaces_demo/base_interfaces_demo/msg/detail/student__rosidl_typesupport_fastrtps_cpp.hpp
[0.841s] -- Up-to-date symlink: /home/sora/Desktop/yihe/ws/install/base_interfaces_demo/include/base_interfaces_demo/base_interfaces_demo/msg/rosidl_typesupport_fastrtps_cpp__visibility_control.h
[0.841s] -- Up-to-date symlink: /home/sora/Desktop/yihe/ws/install/base_interfaces_demo/include/base_interfaces_demo/base_interfaces_demo/msg/detail/student__rosidl_typesupport_introspection_cpp.hpp
[0.841s] -- Up-to-date symlink: /home/sora/Desktop/yihe/ws/install/base_interfaces_demo/share/base_interfaces_demo/environment/pythonpath.sh
[0.841s] -- Up-to-date symlink: /home/sora/Desktop/yihe/ws/install/base_interfaces_demo/share/base_interfaces_demo/environment/pythonpath.dsv
[0.842s] -- Up-to-date symlink: /home/sora/Desktop/yihe/ws/install/base_interfaces_demo/local/lib/python3.10/dist-packages/base_interfaces_demo-0.0.0-py3.10.egg-info/PKG-INFO
[0.842s] -- Up-to-date symlink: /home/sora/Desktop/yihe/ws/install/base_interfaces_demo/local/lib/python3.10/dist-packages/base_interfaces_demo-0.0.0-py3.10.egg-info/SOURCES.txt
[0.842s] -- Up-to-date symlink: /home/sora/Desktop/yihe/ws/install/base_interfaces_demo/local/lib/python3.10/dist-packages/base_interfaces_demo-0.0.0-py3.10.egg-info/dependency_links.txt
[0.842s] -- Up-to-date symlink: /home/sora/Desktop/yihe/ws/install/base_interfaces_demo/local/lib/python3.10/dist-packages/base_interfaces_demo-0.0.0-py3.10.egg-info/top_level.txt
[0.842s] -- Up-to-date symlink: /home/sora/Desktop/yihe/ws/install/base_interfaces_demo/local/lib/python3.10/dist-packages/base_interfaces_demo/__init__.py
[0.842s] -- Up-to-date symlink: /home/sora/Desktop/yihe/ws/install/base_interfaces_demo/local/lib/python3.10/dist-packages/base_interfaces_demo/_base_interfaces_demo_s.ep.rosidl_typesupport_c.c
[0.842s] -- Up-to-date symlink: /home/sora/Desktop/yihe/ws/install/base_interfaces_demo/local/lib/python3.10/dist-packages/base_interfaces_demo/_base_interfaces_demo_s.ep.rosidl_typesupport_fastrtps_c.c
[0.842s] -- Up-to-date symlink: /home/sora/Desktop/yihe/ws/install/base_interfaces_demo/local/lib/python3.10/dist-packages/base_interfaces_demo/_base_interfaces_demo_s.ep.rosidl_typesupport_introspection_c.c
[0.842s] -- Up-to-date symlink: /home/sora/Desktop/yihe/ws/install/base_interfaces_demo/local/lib/python3.10/dist-packages/base_interfaces_demo/base_interfaces_demo_s__rosidl_typesupport_c.cpython-310-x86_64-linux-gnu.so
[0.842s] -- Up-to-date symlink: /home/sora/Desktop/yihe/ws/install/base_interfaces_demo/local/lib/python3.10/dist-packages/base_interfaces_demo/base_interfaces_demo_s__rosidl_typesupport_fastrtps_c.cpython-310-x86_64-linux-gnu.so
[0.842s] -- Up-to-date symlink: /home/sora/Desktop/yihe/ws/install/base_interfaces_demo/local/lib/python3.10/dist-packages/base_interfaces_demo/base_interfaces_demo_s__rosidl_typesupport_introspection_c.cpython-310-x86_64-linux-gnu.so
[0.842s] -- Up-to-date symlink: /home/sora/Desktop/yihe/ws/install/base_interfaces_demo/local/lib/python3.10/dist-packages/base_interfaces_demo/libbase_interfaces_demo__rosidl_generator_py.so
[0.843s] -- Up-to-date symlink: /home/sora/Desktop/yihe/ws/install/base_interfaces_demo/local/lib/python3.10/dist-packages/base_interfaces_demo/msg/__init__.py
[0.843s] -- Up-to-date symlink: /home/sora/Desktop/yihe/ws/install/base_interfaces_demo/local/lib/python3.10/dist-packages/base_interfaces_demo/msg/_student.py
[0.843s] -- Up-to-date symlink: /home/sora/Desktop/yihe/ws/install/base_interfaces_demo/local/lib/python3.10/dist-packages/base_interfaces_demo/msg/_student_s.c
[0.843s] -- Up-to-date symlink: /home/sora/Desktop/yihe/ws/install/base_interfaces_demo/local/lib/python3.10/dist-packages/base_interfaces_demo/base_interfaces_demo_s__rosidl_typesupport_fastrtps_c.cpython-310-x86_64-linux-gnu.so
[0.843s] -- Up-to-date symlink: /home/sora/Desktop/yihe/ws/install/base_interfaces_demo/local/lib/python3.10/dist-packages/base_interfaces_demo/base_interfaces_demo_s__rosidl_typesupport_introspection_c.cpython-310-x86_64-linux-gnu.so
[0.843s] -- Up-to-date symlink: /home/sora/Desktop/yihe/ws/install/base_interfaces_demo/local/lib/python3.10/dist-packages/base_interfaces_demo/base_interfaces_demo_s__rosidl_typesupport_c.cpython-310-x86_64-linux-gnu.so
[0.843s] -- Up-to-date symlink: /home/sora/Desktop/yihe/ws/install/base_interfaces_demo/share/base_interfaces_demo/msg/Student.idl
[0.843s] -- Up-to-date symlink: /home/sora/Desktop/yihe/ws/install/base_interfaces_demo/share/base_interfaces_demo/msg/Student.msg
[0.843s] -- Up-to-date symlink: /home/sora/Desktop/yihe/ws/install/base_interfaces_demo/share/ament_index/resource_index/package_run_dependencies/base_interfaces_demo
[0.843s] -- Up-to-date symlink: /home/sora/Desktop/yihe/ws/install/base_interfaces_demo/share/ament_index/resource_index/parent_prefix_path/base_interfaces_demo
[0.843s] -- Up-to-date symlink: /home/sora/Desktop/yihe/ws/install/base_interfaces_demo/share/base_interfaces_demo/environment/ament_prefix_path.sh
[0.843s] -- Up-to-date symlink: /home/sora/Desktop/yihe/ws/install/base_interfaces_demo/share/base_interfaces_demo/environment/ament_prefix_path.dsv
[0.843s] -- Up-to-date symlink: /home/sora/Desktop/yihe/ws/install/base_interfaces_demo/share/base_interfaces_demo/environment/path.sh
[0.843s] -- Up-to-date symlink: /home/sora/Desktop/yihe/ws/install/base_interfaces_demo/share/base_interfaces_demo/environment/path.dsv
[0.843s] -- Up-to-date symlink: /home/sora/Desktop/yihe/ws/install/base_interfaces_demo/share/base_interfaces_demo/local_setup.bash
[0.844s] -- Up-to-date symlink: /home/sora/Desktop/yihe/ws/install/base_interfaces_demo/share/base_interfaces_demo/local_setup.sh
[0.844s] -- Up-to-date symlink: /home/sora/Desktop/yihe/ws/install/base_interfaces_demo/share/base_interfaces_demo/local_setup.zsh
[0.844s] -- Up-to-date symlink: /home/sora/Desktop/yihe/ws/install/base_interfaces_demo/share/base_interfaces_demo/local_setup.dsv
[0.844s] -- Symlinking: /home/sora/Desktop/yihe/ws/install/base_interfaces_demo/share/base_interfaces_demo/package.dsv
[0.848s] -- Up-to-date symlink: /home/sora/Desktop/yihe/ws/install/base_interfaces_demo/share/ament_index/resource_index/packages/base_interfaces_demo
[0.848s] -- Up-to-date symlink: /home/sora/Desktop/yihe/ws/install/base_interfaces_demo/share/base_interfaces_demo/cmake/rosidl_cmake-extras.cmake
[0.848s] -- Up-to-date symlink: /home/sora/Desktop/yihe/ws/install/base_interfaces_demo/share/base_interfaces_demo/cmake/ament_cmake_export_include_directories-extras.cmake
[0.848s] -- Up-to-date symlink: /home/sora/Desktop/yihe/ws/install/base_interfaces_demo/share/base_interfaces_demo/cmake/ament_cmake_export_libraries-extras.cmake
[0.848s] -- Up-to-date symlink: /home/sora/Desktop/yihe/ws/install/base_interfaces_demo/share/base_interfaces_demo/cmake/ament_cmake_export_targets-extras.cmake
[0.848s] -- Up-to-date symlink: /home/sora/Desktop/yihe/ws/install/base_interfaces_demo/share/base_interfaces_demo/cmake/rosidl_cmake_export_typesupport_targets-extras.cmake
[0.848s] -- Up-to-date symlink: /home/sora/Desktop/yihe/ws/install/base_interfaces_demo/share/base_interfaces_demo/cmake/ament_cmake_export_dependencies-extras.cmake
[0.848s] -- Up-to-date symlink: /home/sora/Desktop/yihe/ws/install/base_interfaces_demo/share/base_interfaces_demo/cmake/rosidl_cmake_export_typesupport_libraries-extras.cmake
[0.849s] -- Up-to-date symlink: /home/sora/Desktop/yihe/ws/install/base_interfaces_demo/share/base_interfaces_demo/cmake/base_interfaces_demoConfig.cmake
[0.849s] -- Up-to-date symlink: /home/sora/Desktop/yihe/ws/install/base_interfaces_demo/share/base_interfaces_demo/cmake/base_interfaces_demoConfig-version.cmake
[0.849s] -- Up-to-date symlink: /home/sora/Desktop/yihe/ws/install/base_interfaces_demo/share/base_interfaces_demo/package.xml
[0.849s] -- Up-to-date: /home/sora/Desktop/yihe/ws/install/base_interfaces_demo/lib/libbase_interfaces_demo__rosidl_generator_c.so
[0.849s] -- Up-to-date: /home/sora/Desktop/yihe/ws/install/base_interfaces_demo/lib/libbase_interfaces_demo__rosidl_typesupport_fastrtps_c.so
[0.849s] -- Up-to-date: /home/sora/Desktop/yihe/ws/install/base_interfaces_demo/lib/libbase_interfaces_demo__rosidl_typesupport_introspection_c.so
[0.849s] -- Up-to-date: /home/sora/Desktop/yihe/ws/install/base_interfaces_demo/lib/libbase_interfaces_demo__rosidl_typesupport_c.so
[0.849s] -- Up-to-date: /home/sora/Desktop/yihe/ws/install/base_interfaces_demo/lib/libbase_interfaces_demo__rosidl_typesupport_fastrtps_cpp.so
[0.849s] -- Up-to-date: /home/sora/Desktop/yihe/ws/install/base_interfaces_demo/lib/libbase_interfaces_demo__rosidl_typesupport_introspection_cpp.so
[0.849s] -- Up-to-date: /home/sora/Desktop/yihe/ws/install/base_interfaces_demo/lib/libbase_interfaces_demo__rosidl_typesupport_cpp.so
[0.867s] Listing '/home/sora/Desktop/yihe/ws/install/base_interfaces_demo/local/lib/python3.10/dist-packages/base_interfaces_demo'...
[0.867s] Compiling '/home/sora/Desktop/yihe/ws/install/base_interfaces_demo/local/lib/python3.10/dist-packages/base_interfaces_demo/__init__.py'...
[0.867s] Listing '/home/sora/Desktop/yihe/ws/install/base_interfaces_demo/local/lib/python3.10/dist-packages/base_interfaces_demo/msg'...
[0.870s] -- Up-to-date: /home/sora/Desktop/yihe/ws/install/base_interfaces_demo/lib/libbase_interfaces_demo__rosidl_generator_py.so
[0.870s] -- Up-to-date: /home/sora/Desktop/yihe/ws/install/base_interfaces_demo/share/base_interfaces_demo/cmake/export_base_interfaces_demo__rosidl_generator_cExport.cmake
[0.870s] -- Up-to-date: /home/sora/Desktop/yihe/ws/install/base_interfaces_demo/share/base_interfaces_demo/cmake/export_base_interfaces_demo__rosidl_generator_cExport-noconfig.cmake
[0.870s] -- Up-to-date: /home/sora/Desktop/yihe/ws/install/base_interfaces_demo/share/base_interfaces_demo/cmake/export_base_interfaces_demo__rosidl_typesupport_fastrtps_cExport.cmake
[0.870s] -- Up-to-date: /home/sora/Desktop/yihe/ws/install/base_interfaces_demo/share/base_interfaces_demo/cmake/export_base_interfaces_demo__rosidl_typesupport_fastrtps_cExport-noconfig.cmake
[0.870s] -- Up-to-date: /home/sora/Desktop/yihe/ws/install/base_interfaces_demo/share/base_interfaces_demo/cmake/base_interfaces_demo__rosidl_typesupport_introspection_cExport.cmake
[0.870s] -- Up-to-date: /home/sora/Desktop/yihe/ws/install/base_interfaces_demo/share/base_interfaces_demo/cmake/base_interfaces_demo__rosidl_typesupport_introspection_cExport-noconfig.cmake
[0.870s] -- Up-to-date: /home/sora/Desktop/yihe/ws/install/base_interfaces_demo/share/base_interfaces_demo/cmake/base_interfaces_demo__rosidl_typesupport_cExport.cmake
[0.870s] -- Up-to-date: /home/sora/Desktop/yihe/ws/install/base_interfaces_demo/share/base_interfaces_demo/cmake/base_interfaces_demo__rosidl_typesupport_cExport-noconfig.cmake
[0.870s] -- Up-to-date: /home/sora/Desktop/yihe/ws/install/base_interfaces_demo/share/base_interfaces_demo/cmake/export_base_interfaces_demo__rosidl_generator_cppExport.cmake
[0.870s] -- Up-to-date: /home/sora/Desktop/yihe/ws/install/base_interfaces_demo/share/base_interfaces_demo/cmake/export_base_interfaces_demo__rosidl_typesupport_fastrtps_cppExport.cmake
[0.870s] -- Up-to-date: /home/sora/Desktop/yihe/ws/install/base_interfaces_demo/share/base_interfaces_demo/cmake/export_base_interfaces_demo__rosidl_typesupport_fastrtps_cppExport-noconfig.cmake
[0.870s] -- Up-to-date: /home/sora/Desktop/yihe/ws/install/base_interfaces_demo/share/base_interfaces_demo/cmake/base_interfaces_demo__rosidl_typesupport_introspection_cppExport.cmake
[0.870s] -- Up-to-date: /home/sora/Desktop/yihe/ws/install/base_interfaces_demo/share/base_interfaces_demo/cmake/base_interfaces_demo__rosidl_typesupport_introspection_cppExport-noconfig.cmake
[0.870s] -- Up-to-date: /home/sora/Desktop/yihe/ws/install/base_interfaces_demo/share/base_interfaces_demo/cmake/base_interfaces_demo__rosidl_typesupport_cppExport.cmake
[0.871s] -- Up-to-date: /home/sora/Desktop/yihe/ws/install/base_interfaces_demo/share/base_interfaces_demo/cmake/base_interfaces_demo__rosidl_typesupport_cppExport-noconfig.cmake
[0.871s] -- Up-to-date: /home/sora/Desktop/yihe/ws/install/base_interfaces_demo/share/base_interfaces_demo/cmake/export_base_interfaces_demo__rosidl_generator_pyExport.cmake
[0.871s] -- Up-to-date: /home/sora/Desktop/yihe/ws/install/base_interfaces_demo/share/base_interfaces_demo/cmake/export_base_interfaces_demo__rosidl_generator_pyExport-noconfig.cmake
[0.872s] Invoked command in '/home/sora/Desktop/yihe/ws/build/base_interfaces_demo' returned '0': CMAKE_PREFIX_PATH=/opt/ros/humble /usr/bin/cmake --install /home/sora/Desktop/yihe/ws/build/base_interfaces_demo
