-- The C compiler identification is GNU 11.4.0
-- The CXX compiler identification is GNU 11.4.0
-- Detecting C compiler ABI info
-- Detecting C compiler ABI info - done
-- Check for working C compiler: /usr/bin/cc - skipped
-- Detecting C compile features
-- Detecting C compile features - done
-- Detecting CXX compiler ABI info
-- Detecting CXX compiler ABI info - done
-- Check for working CXX compiler: /usr/bin/c++ - skipped
-- Detecting CXX compile features
-- Detecting CXX compile features - done
-- Found ament_cmake: 1.3.9 (/opt/ros/humble/share/ament_cmake/cmake)
-- Found Python3: /usr/bin/python3 (found version "3.10.12") found components: Interpreter 
-- Found rclcpp: 16.0.9 (/opt/ros/humble/share/rclcpp/cmake)
-- Found rosidl_generator_c: 3.1.5 (/opt/ros/humble/share/rosidl_generator_c/cmake)
-- Found rosidl_adapter: 3.1.5 (/opt/ros/humble/share/rosidl_adapter/cmake)
-- Found rosidl_generator_cpp: 3.1.5 (/opt/ros/humble/share/rosidl_generator_cpp/cmake)
-- Using all available rosidl_typesupport_c: rosidl_typesupport_fastrtps_c;rosidl_typesupport_introspection_c
-- Using all available rosidl_typesupport_cpp: rosidl_typesupport_fastrtps_cpp;rosidl_typesupport_introspection_cpp
-- Found rmw_implementation_cmake: 6.1.2 (/opt/ros/humble/share/rmw_implementation_cmake/cmake)
-- Found rmw_fastrtps_cpp: 6.2.6 (/opt/ros/humble/share/rmw_fastrtps_cpp/cmake)
-- Found OpenSSL: /usr/lib/x86_64-linux-gnu/libcrypto.so (found version "3.0.2")  
-- Found FastRTPS: /opt/ros/humble/include  
-- Using RMW implementation 'rmw_fastrtps_cpp' as default
-- Looking for pthread.h
-- Looking for pthread.h - found
-- Performing Test CMAKE_HAVE_LIBC_PTHREAD
-- Performing Test CMAKE_HAVE_LIBC_PTHREAD - Success
-- Found Threads: TRUE  
-- Found turtlesim: 1.4.2 (/opt/ros/humble/share/turtlesim/cmake)
-- Found base_interfaces_demo: 0.0.0 (/home/sora/Desktop/yihe/ws/install/base_interfaces_demo/share/base_interfaces_demo/cmake)
-- Found geometry_msgs: 4.2.4 (/opt/ros/humble/share/geometry_msgs/cmake)
-- Found rclcpp_action: 16.0.9 (/opt/ros/humble/share/rclcpp_action/cmake)
-- Found ament_lint_auto: 0.12.11 (/opt/ros/humble/share/ament_lint_auto/cmake)
-- Added test 'cppcheck' to perform static code analysis on C / C++ code
-- Configured cppcheck include dirs: $<BUILD_INTERFACE:/home/sora/Desktop/yihe/ws/src/cpp07_exercise/include>
-- Configured cppcheck exclude dirs and/or files: 
-- Added test 'flake8' to check Python code syntax and style conventions
-- Added test 'lint_cmake' to check CMake code style
-- Added test 'pep257' to check Python code against some of the docstring style conventions in PEP 257
-- Added test 'uncrustify' to check C / C++ code style
-- Configured uncrustify additional arguments: 
-- Added test 'xmllint' to check XML markup files
-- Configuring done
-- Generating done
-- Build files have been written to: /home/sora/Desktop/yihe/ws/build/cpp07_exercise
[ 50%] [32mBuilding CXX object CMakeFiles/exer01_pub_sub.dir/src/exer01_pub_sub.cpp.o[0m
[100%] [32m[1mLinking CXX executable exer01_pub_sub[0m
[100%] Built target exer01_pub_sub
-- Install configuration: ""
-- Installing: /home/sora/Desktop/yihe/ws/install/cpp07_exercise/lib/cpp07_exercise/exer01_pub_sub
-- Set runtime path of "/home/sora/Desktop/yihe/ws/install/cpp07_exercise/lib/cpp07_exercise/exer01_pub_sub" to ""
-- Installing: /home/sora/Desktop/yihe/ws/install/cpp07_exercise/share/cpp07_exercise/launch
-- Installing: /home/sora/Desktop/yihe/ws/install/cpp07_exercise/share/cpp07_exercise/launch/exer01_pub_sub_launch.py
-- Installing: /home/sora/Desktop/yihe/ws/install/cpp07_exercise/share/ament_index/resource_index/package_run_dependencies/cpp07_exercise
-- Installing: /home/sora/Desktop/yihe/ws/install/cpp07_exercise/share/ament_index/resource_index/parent_prefix_path/cpp07_exercise
-- Installing: /home/sora/Desktop/yihe/ws/install/cpp07_exercise/share/cpp07_exercise/environment/ament_prefix_path.sh
-- Installing: /home/sora/Desktop/yihe/ws/install/cpp07_exercise/share/cpp07_exercise/environment/ament_prefix_path.dsv
-- Installing: /home/sora/Desktop/yihe/ws/install/cpp07_exercise/share/cpp07_exercise/environment/path.sh
-- Installing: /home/sora/Desktop/yihe/ws/install/cpp07_exercise/share/cpp07_exercise/environment/path.dsv
-- Installing: /home/sora/Desktop/yihe/ws/install/cpp07_exercise/share/cpp07_exercise/local_setup.bash
-- Installing: /home/sora/Desktop/yihe/ws/install/cpp07_exercise/share/cpp07_exercise/local_setup.sh
-- Installing: /home/sora/Desktop/yihe/ws/install/cpp07_exercise/share/cpp07_exercise/local_setup.zsh
-- Installing: /home/sora/Desktop/yihe/ws/install/cpp07_exercise/share/cpp07_exercise/local_setup.dsv
-- Installing: /home/sora/Desktop/yihe/ws/install/cpp07_exercise/share/cpp07_exercise/package.dsv
-- Installing: /home/sora/Desktop/yihe/ws/install/cpp07_exercise/share/ament_index/resource_index/packages/cpp07_exercise
-- Installing: /home/sora/Desktop/yihe/ws/install/cpp07_exercise/share/cpp07_exercise/cmake/cpp07_exerciseConfig.cmake
-- Installing: /home/sora/Desktop/yihe/ws/install/cpp07_exercise/share/cpp07_exercise/cmake/cpp07_exerciseConfig-version.cmake
-- Installing: /home/sora/Desktop/yihe/ws/install/cpp07_exercise/share/cpp07_exercise/package.xml
