[0.005s] Invoking command in '/home/sora/Desktop/yihe/ws/build/cpp07_exercise': CMAKE_PREFIX_PATH=/home/sora/Desktop/yihe/ws/install/base_interfaces_demo:/home/sora/Desktop/yihe/ws/install/cpp07_exercise:/home/sora/Desktop/yihe/ws/install/cpp01_topic:/opt/ros/humble /usr/bin/cmake /home/sora/Desktop/yihe/ws/src/cpp07_exercise -DCMAKE_INSTALL_PREFIX=/home/sora/Desktop/yihe/ws/install/cpp07_exercise
[0.034s] -- The C compiler identification is GNU 11.4.0
[0.065s] -- The CXX compiler identification is GNU 11.4.0
[0.069s] -- Detecting C compiler ABI info
[0.107s] -- Detecting C compiler ABI info - done
[0.111s] -- Check for working C compiler: /usr/bin/cc - skipped
[0.111s] -- Detecting C compile features
[0.111s] -- Detecting C compile features - done
[0.113s] -- Detecting CXX compiler ABI info
[0.156s] -- Detecting CXX compiler ABI info - done
[0.160s] -- Check for working CXX compiler: /usr/bin/c++ - skipped
[0.161s] -- Detecting CXX compile features
[0.161s] -- Detecting CXX compile features - done
[0.162s] -- Found ament_cmake: 1.3.9 (/opt/ros/humble/share/ament_cmake/cmake)
[0.253s] -- Found Python3: /usr/bin/python3 (found version "3.10.12") found components: Interpreter 
[0.305s] -- Found rclcpp: 16.0.9 (/opt/ros/humble/share/rclcpp/cmake)
[0.329s] -- Found rosidl_generator_c: 3.1.5 (/opt/ros/humble/share/rosidl_generator_c/cmake)
[0.332s] -- Found rosidl_adapter: 3.1.5 (/opt/ros/humble/share/rosidl_adapter/cmake)
[0.336s] -- Found rosidl_generator_cpp: 3.1.5 (/opt/ros/humble/share/rosidl_generator_cpp/cmake)
[0.344s] -- Using all available rosidl_typesupport_c: rosidl_typesupport_fastrtps_c;rosidl_typesupport_introspection_c
[0.354s] -- Using all available rosidl_typesupport_cpp: rosidl_typesupport_fastrtps_cpp;rosidl_typesupport_introspection_cpp
[0.392s] -- Found rmw_implementation_cmake: 6.1.2 (/opt/ros/humble/share/rmw_implementation_cmake/cmake)
[0.393s] -- Found rmw_fastrtps_cpp: 6.2.6 (/opt/ros/humble/share/rmw_fastrtps_cpp/cmake)
[0.455s] -- Found OpenSSL: /usr/lib/x86_64-linux-gnu/libcrypto.so (found version "3.0.2")  
[0.476s] -- Found FastRTPS: /opt/ros/humble/include  
[0.506s] -- Using RMW implementation 'rmw_fastrtps_cpp' as default
[0.512s] -- Looking for pthread.h
[0.554s] -- Looking for pthread.h - found
[0.554s] -- Performing Test CMAKE_HAVE_LIBC_PTHREAD
[0.596s] -- Performing Test CMAKE_HAVE_LIBC_PTHREAD - Success
[0.596s] -- Found Threads: TRUE  
[0.687s] -- Found turtlesim: 1.4.2 (/opt/ros/humble/share/turtlesim/cmake)
[0.759s] -- Found base_interfaces_demo: 0.0.0 (/home/sora/Desktop/yihe/ws/install/base_interfaces_demo/share/base_interfaces_demo/cmake)
[0.767s] -- Found geometry_msgs: 4.2.4 (/opt/ros/humble/share/geometry_msgs/cmake)
[0.790s] -- Found rclcpp_action: 16.0.9 (/opt/ros/humble/share/rclcpp_action/cmake)
[0.808s] -- Found ament_lint_auto: 0.12.11 (/opt/ros/humble/share/ament_lint_auto/cmake)
[0.863s] -- Added test 'cppcheck' to perform static code analysis on C / C++ code
[0.863s] -- Configured cppcheck include dirs: $<BUILD_INTERFACE:/home/sora/Desktop/yihe/ws/src/cpp07_exercise/include>
[0.863s] -- Configured cppcheck exclude dirs and/or files: 
[0.864s] -- Added test 'flake8' to check Python code syntax and style conventions
[0.864s] -- Added test 'lint_cmake' to check CMake code style
[0.864s] -- Added test 'pep257' to check Python code against some of the docstring style conventions in PEP 257
[0.865s] -- Added test 'uncrustify' to check C / C++ code style
[0.865s] -- Configured uncrustify additional arguments: 
[0.865s] -- Added test 'xmllint' to check XML markup files
[0.865s] -- Configuring done
[0.872s] -- Generating done
[0.873s] -- Build files have been written to: /home/sora/Desktop/yihe/ws/build/cpp07_exercise
[0.880s] Invoked command in '/home/sora/Desktop/yihe/ws/build/cpp07_exercise' returned '0': CMAKE_PREFIX_PATH=/home/sora/Desktop/yihe/ws/install/base_interfaces_demo:/home/sora/Desktop/yihe/ws/install/cpp07_exercise:/home/sora/Desktop/yihe/ws/install/cpp01_topic:/opt/ros/humble /usr/bin/cmake /home/sora/Desktop/yihe/ws/src/cpp07_exercise -DCMAKE_INSTALL_PREFIX=/home/sora/Desktop/yihe/ws/install/cpp07_exercise
[0.880s] Invoking command in '/home/sora/Desktop/yihe/ws/build/cpp07_exercise': CMAKE_PREFIX_PATH=/home/sora/Desktop/yihe/ws/install/base_interfaces_demo:/home/sora/Desktop/yihe/ws/install/cpp07_exercise:/home/sora/Desktop/yihe/ws/install/cpp01_topic:/opt/ros/humble /usr/bin/cmake --build /home/sora/Desktop/yihe/ws/build/cpp07_exercise -- -j20 -l20
[0.906s] [ 50%] [32mBuilding CXX object CMakeFiles/exer01_pub_sub.dir/src/exer01_pub_sub.cpp.o[0m
[5.224s] [100%] [32m[1mLinking CXX executable exer01_pub_sub[0m
[5.449s] [100%] Built target exer01_pub_sub
[5.456s] Invoked command in '/home/sora/Desktop/yihe/ws/build/cpp07_exercise' returned '0': CMAKE_PREFIX_PATH=/home/sora/Desktop/yihe/ws/install/base_interfaces_demo:/home/sora/Desktop/yihe/ws/install/cpp07_exercise:/home/sora/Desktop/yihe/ws/install/cpp01_topic:/opt/ros/humble /usr/bin/cmake --build /home/sora/Desktop/yihe/ws/build/cpp07_exercise -- -j20 -l20
[5.469s] Invoking command in '/home/sora/Desktop/yihe/ws/build/cpp07_exercise': CMAKE_PREFIX_PATH=/home/sora/Desktop/yihe/ws/install/base_interfaces_demo:/home/sora/Desktop/yihe/ws/install/cpp07_exercise:/home/sora/Desktop/yihe/ws/install/cpp01_topic:/opt/ros/humble /usr/bin/cmake --install /home/sora/Desktop/yihe/ws/build/cpp07_exercise
[5.473s] -- Install configuration: ""
[5.473s] -- Installing: /home/sora/Desktop/yihe/ws/install/cpp07_exercise/lib/cpp07_exercise/exer01_pub_sub
[5.475s] -- Set runtime path of "/home/sora/Desktop/yihe/ws/install/cpp07_exercise/lib/cpp07_exercise/exer01_pub_sub" to ""
[5.475s] -- Installing: /home/sora/Desktop/yihe/ws/install/cpp07_exercise/share/cpp07_exercise/launch
[5.475s] -- Installing: /home/sora/Desktop/yihe/ws/install/cpp07_exercise/share/cpp07_exercise/launch/exer01_pub_sub_launch.py
[5.475s] -- Installing: /home/sora/Desktop/yihe/ws/install/cpp07_exercise/share/ament_index/resource_index/package_run_dependencies/cpp07_exercise
[5.475s] -- Installing: /home/sora/Desktop/yihe/ws/install/cpp07_exercise/share/ament_index/resource_index/parent_prefix_path/cpp07_exercise
[5.475s] -- Installing: /home/sora/Desktop/yihe/ws/install/cpp07_exercise/share/cpp07_exercise/environment/ament_prefix_path.sh
[5.475s] -- Installing: /home/sora/Desktop/yihe/ws/install/cpp07_exercise/share/cpp07_exercise/environment/ament_prefix_path.dsv
[5.475s] -- Installing: /home/sora/Desktop/yihe/ws/install/cpp07_exercise/share/cpp07_exercise/environment/path.sh
[5.475s] -- Installing: /home/sora/Desktop/yihe/ws/install/cpp07_exercise/share/cpp07_exercise/environment/path.dsv
[5.475s] -- Installing: /home/sora/Desktop/yihe/ws/install/cpp07_exercise/share/cpp07_exercise/local_setup.bash
[5.475s] -- Installing: /home/sora/Desktop/yihe/ws/install/cpp07_exercise/share/cpp07_exercise/local_setup.sh
[5.475s] -- Installing: /home/sora/Desktop/yihe/ws/install/cpp07_exercise/share/cpp07_exercise/local_setup.zsh
[5.475s] -- Installing: /home/sora/Desktop/yihe/ws/install/cpp07_exercise/share/cpp07_exercise/local_setup.dsv
[5.475s] -- Installing: /home/sora/Desktop/yihe/ws/install/cpp07_exercise/share/cpp07_exercise/package.dsv
[5.475s] -- Installing: /home/sora/Desktop/yihe/ws/install/cpp07_exercise/share/ament_index/resource_index/packages/cpp07_exercise
[5.475s] -- Installing: /home/sora/Desktop/yihe/ws/install/cpp07_exercise/share/cpp07_exercise/cmake/cpp07_exerciseConfig.cmake
[5.475s] -- Installing: /home/sora/Desktop/yihe/ws/install/cpp07_exercise/share/cpp07_exercise/cmake/cpp07_exerciseConfig-version.cmake
[5.475s] -- Installing: /home/sora/Desktop/yihe/ws/install/cpp07_exercise/share/cpp07_exercise/package.xml
[5.477s] Invoked command in '/home/sora/Desktop/yihe/ws/build/cpp07_exercise' returned '0': CMAKE_PREFIX_PATH=/home/sora/Desktop/yihe/ws/install/base_interfaces_demo:/home/sora/Desktop/yihe/ws/install/cpp07_exercise:/home/sora/Desktop/yihe/ws/install/cpp01_topic:/opt/ros/humble /usr/bin/cmake --install /home/sora/Desktop/yihe/ws/build/cpp07_exercise
