[0.005s] Invoking command in '/home/sora/Desktop/yihe/ws/build/cpp01_topic': CMAKE_PREFIX_PATH=/home/sora/Desktop/yihe/ws/install/base_interfaces_demo:/home/sora/Desktop/yihe/ws/install/cpp01_topic:/opt/ros/humble /usr/bin/cmake --build /home/sora/Desktop/yihe/ws/build/cpp01_topic -- -j20 -l20
[0.028s] [35m[1mConsolidate compiler generated dependencies of target demo02_listener_str[0m
[0.035s] [ 50%] Built target demo01_talker_str
[0.038s] [ 75%] [32mBuilding CXX object CMakeFiles/demo02_listener_str.dir/src/demo02_listener_str.cpp.o[0m
[4.244s] [100%] [32m[1mLinking CXX executable demo02_listener_str[0m
[4.442s] [100%] Built target demo02_listener_str
[4.448s] Invoked command in '/home/sora/Desktop/yihe/ws/build/cpp01_topic' returned '0': CMAKE_PREFIX_PATH=/home/sora/Desktop/yihe/ws/install/base_interfaces_demo:/home/sora/Desktop/yihe/ws/install/cpp01_topic:/opt/ros/humble /usr/bin/cmake --build /home/sora/Desktop/yihe/ws/build/cpp01_topic -- -j20 -l20
[4.463s] Invoking command in '/home/sora/Desktop/yihe/ws/build/cpp01_topic': CMAKE_PREFIX_PATH=/home/sora/Desktop/yihe/ws/install/base_interfaces_demo:/home/sora/Desktop/yihe/ws/install/cpp01_topic:/opt/ros/humble /usr/bin/cmake --install /home/sora/Desktop/yihe/ws/build/cpp01_topic
[4.467s] -- Install configuration: ""
[4.467s] -- Up-to-date: /home/sora/Desktop/yihe/ws/install/cpp01_topic/lib/cpp01_topic/demo01_talker_str
[4.467s] -- Installing: /home/sora/Desktop/yihe/ws/install/cpp01_topic/lib/cpp01_topic/demo02_listener_str
[4.470s] -- Set runtime path of "/home/sora/Desktop/yihe/ws/install/cpp01_topic/lib/cpp01_topic/demo02_listener_str" to ""
[4.470s] -- Up-to-date: /home/sora/Desktop/yihe/ws/install/cpp01_topic/share/cpp01_topic/prefix_chain.bash
[4.470s] -- Up-to-date: /home/sora/Desktop/yihe/ws/install/cpp01_topic/share/ament_index/resource_index/package_run_dependencies/cpp01_topic
[4.470s] -- Up-to-date: /home/sora/Desktop/yihe/ws/install/cpp01_topic/share/ament_index/resource_index/parent_prefix_path/cpp01_topic
[4.470s] -- Up-to-date: /home/sora/Desktop/yihe/ws/install/cpp01_topic/share/cpp01_topic/environment/ament_prefix_path.sh
[4.470s] -- Up-to-date: /home/sora/Desktop/yihe/ws/install/cpp01_topic/share/cpp01_topic/environment/ament_prefix_path.dsv
[4.470s] -- Up-to-date: /home/sora/Desktop/yihe/ws/install/cpp01_topic/share/cpp01_topic/environment/path.sh
[4.470s] -- Up-to-date: /home/sora/Desktop/yihe/ws/install/cpp01_topic/share/cpp01_topic/environment/path.dsv
[4.470s] -- Up-to-date: /home/sora/Desktop/yihe/ws/install/cpp01_topic/share/cpp01_topic/local_setup.bash
[4.470s] -- Up-to-date: /home/sora/Desktop/yihe/ws/install/cpp01_topic/share/cpp01_topic/local_setup.sh
[4.470s] -- Up-to-date: /home/sora/Desktop/yihe/ws/install/cpp01_topic/share/cpp01_topic/local_setup.zsh
[4.470s] -- Up-to-date: /home/sora/Desktop/yihe/ws/install/cpp01_topic/share/cpp01_topic/local_setup.dsv
[4.470s] -- Installing: /home/sora/Desktop/yihe/ws/install/cpp01_topic/share/cpp01_topic/package.dsv
[4.470s] -- Up-to-date: /home/sora/Desktop/yihe/ws/install/cpp01_topic/share/ament_index/resource_index/packages/cpp01_topic
[4.470s] -- Up-to-date: /home/sora/Desktop/yihe/ws/install/cpp01_topic/share/cpp01_topic/cmake/cpp01_topicConfig.cmake
[4.471s] -- Up-to-date: /home/sora/Desktop/yihe/ws/install/cpp01_topic/share/cpp01_topic/cmake/cpp01_topicConfig-version.cmake
[4.471s] -- Up-to-date: /home/sora/Desktop/yihe/ws/install/cpp01_topic/share/cpp01_topic/package.xml
[4.472s] Invoked command in '/home/sora/Desktop/yihe/ws/build/cpp01_topic' returned '0': CMAKE_PREFIX_PATH=/home/sora/Desktop/yihe/ws/install/base_interfaces_demo:/home/sora/Desktop/yihe/ws/install/cpp01_topic:/opt/ros/humble /usr/bin/cmake --install /home/sora/Desktop/yihe/ws/build/cpp01_topic
